>gen2-torsion: 940 molecules found
     705:   48 /   48 conformations passed the filter
     338:   24 /   24 conformations passed the filter
     630:   24 /   24 conformations passed the filter
     263:   24 /   24 conformations passed the filter
     334:   48 /   48 conformations passed the filter
     747:   48 /   48 conformations passed the filter
      69:   24 /   24 conformations passed the filter
     672:   48 /   48 conformations passed the filter
     743:   24 /   24 conformations passed the filter
     376:   13 /   13 conformations passed the filter
     789:   24 /   24 conformations passed the filter
     785:   24 /   24 conformations passed the filter
     326:   24 /   24 conformations passed the filter
      34:   48 /   48 conformations passed the filter
     251:   24 /   24 conformations passed the filter
     322:   24 /   24 conformations passed the filter
     735:   24 /   24 conformations passed the filter
     368:   24 /   24 conformations passed the filter
     806:   24 /   24 conformations passed the filter
     439:   48 /   48 conformations passed the filter
     660:   48 /   48 conformations passed the filter
     731:   24 /   24 conformations passed the filter
     364:   48 /   48 conformations passed the filter
     777:   14 /   14 conformations passed the filter
     848:   48 /   48 conformations passed the filter
     360:   48 /   48 conformations passed the filter
     773:   26 /   26 conformations passed the filter
     477:   24 /   24 conformations passed the filter
     314:   24 /   24 conformations passed the filter
     886:    9 /    9 conformations passed the filter
     310:   24 /   24 conformations passed the filter
     723:   24 /   24 conformations passed the filter
     427:   24 /   24 conformations passed the filter
      37:   48 /   48 conformations passed the filter
     352:    7 /    7 conformations passed the filter
     423:   24 /   24 conformations passed the filter
     836:   24 /   24 conformations passed the filter
     469:   24 /   24 conformations passed the filter
      85:   13 /   13 conformations passed the filter
     761:    9 /    9 conformations passed the filter
     394:   24 /   24 conformations passed the filter
     832:   24 /   24 conformations passed the filter
     465:   12 /   12 conformations passed the filter
     878:   48 /   48 conformations passed the filter
     390:   24 /   24 conformations passed the filter
     874:   24 /   24 conformations passed the filter
      80:   24 /   24 conformations passed the filter
     711:   24 /   24 conformations passed the filter
     415:   28 /   28 conformations passed the filter
     119:   24 /   24 conformations passed the filter
     340:   24 /   24 conformations passed the filter
     411:   48 /   48 conformations passed the filter
     824:   14 /   14 conformations passed the filter
     457:   24 /   24 conformations passed the filter
     528:   24 /   24 conformations passed the filter
     382:   24 /   24 conformations passed the filter
     820:   48 /   48 conformations passed the filter
     453:   24 /   24 conformations passed the filter
     157:   24 /   24 conformations passed the filter
     866:   48 /   48 conformations passed the filter
     937:   24 /   24 conformations passed the filter
      88:   11 /   11 conformations passed the filter
     791:   24 /   24 conformations passed the filter
     862:   24 /   24 conformations passed the filter
     495:   24 /   24 conformations passed the filter
     566:   48 /   48 conformations passed the filter
     199:   24 /   24 conformations passed the filter
     403:   24 /   24 conformations passed the filter
     491:   24 /   24 conformations passed the filter
     107:   24 /   24 conformations passed the filter
      83:   24 /   24 conformations passed the filter
     103:    9 /    9 conformations passed the filter
     812:   11 /   11 conformations passed the filter
     516:   24 /   24 conformations passed the filter
     149:   13 /   13 conformations passed the filter
     929:   48 /   48 conformations passed the filter
      53:   24 /   24 conformations passed the filter
     441:   24 /   24 conformations passed the filter
     145:   48 /   48 conformations passed the filter
     854:   24 /   24 conformations passed the filter
     925:   36 /   36 conformations passed the filter
     558:   24 /   24 conformations passed the filter
     629:   24 /   24 conformations passed the filter
     850:   24 /   24 conformations passed the filter
     483:   24 /   24 conformations passed the filter
     554:   24 /   24 conformations passed the filter
     187:   24 /   24 conformations passed the filter
       7:   24 /   24 conformations passed the filter
     892:   13 /   13 conformations passed the filter
     596:   24 /   24 conformations passed the filter
     800:   24 /   24 conformations passed the filter
     504:   13 /   13 conformations passed the filter
     137:   11 /   11 conformations passed the filter
     208:   13 /   13 conformations passed the filter
     500:   24 /   24 conformations passed the filter
     133:   24 /   24 conformations passed the filter
     913:   48 /   48 conformations passed the filter
     546:   24 /   24 conformations passed the filter
     617:   24 /   24 conformations passed the filter
      56:   24 /   24 conformations passed the filter
     471:   24 /   24 conformations passed the filter
     542:   24 /   24 conformations passed the filter
     175:   24 /   24 conformations passed the filter
     246:   24 /   24 conformations passed the filter
     659:   24 /   24 conformations passed the filter
     171:   24 /   24 conformations passed the filter
     880:   48 /   48 conformations passed the filter
     584:   24 /   24 conformations passed the filter
     288:   24 /   24 conformations passed the filter
      51:   24 /   24 conformations passed the filter
     125:   24 /   24 conformations passed the filter
     580:   24 /   24 conformations passed the filter
     609:   24 /   24 conformations passed the filter
     697:   24 /   24 conformations passed the filter
      21:   24 /   24 conformations passed the filter
     121:   24 /   24 conformations passed the filter
     901:   24 /   24 conformations passed the filter
     534:   24 /   24 conformations passed the filter
     605:   24 /   24 conformations passed the filter
     238:   24 /   24 conformations passed the filter
     309:    9 /    9 conformations passed the filter
     530:   24 /   24 conformations passed the filter
     163:   48 /   48 conformations passed the filter
     234:   24 /   24 conformations passed the filter
     943:   24 /   24 conformations passed the filter
     647:   48 /   48 conformations passed the filter
     718:   24 /   24 conformations passed the filter
      59:   48 /   48 conformations passed the filter
     572:   24 /   24 conformations passed the filter
     643:   24 /   24 conformations passed the filter
     276:   48 /   48 conformations passed the filter
     689:   24 /   24 conformations passed the filter
     685:   24 /   24 conformations passed the filter
     389:   24 /   24 conformations passed the filter
     226:   24 /   24 conformations passed the filter
      24:   24 /   24 conformations passed the filter
     151:   11 /   11 conformations passed the filter
     222:   48 /   48 conformations passed the filter
     635:   24 /   24 conformations passed the filter
     268:   24 /   24 conformations passed the filter
     706:   24 /   24 conformations passed the filter
     339:   24 /   24 conformations passed the filter
     560:   24 /   24 conformations passed the filter
     631:   24 /   24 conformations passed the filter
     264:   24 /   24 conformations passed the filter
     677:   48 /   48 conformations passed the filter
     748:   14 /   14 conformations passed the filter
     260:   24 /   24 conformations passed the filter
     673:   24 /   24 conformations passed the filter
     377:   24 /   24 conformations passed the filter
     214:   48 /   48 conformations passed the filter
     786:   48 /   48 conformations passed the filter
     210:   24 /   24 conformations passed the filter
     623:   24 /   24 conformations passed the filter
     327:   24 /   24 conformations passed the filter
      27:   48 /   48 conformations passed the filter
     252:   24 /   24 conformations passed the filter
     323:   24 /   24 conformations passed the filter
     736:   24 /   24 conformations passed the filter
     369:   24 /   24 conformations passed the filter
      75:   24 /   24 conformations passed the filter
     661:   24 /   24 conformations passed the filter
     294:   24 /   24 conformations passed the filter
     732:   24 /   24 conformations passed the filter
     365:   24 /   24 conformations passed the filter
     778:   11 /   11 conformations passed the filter
     849:   24 /   24 conformations passed the filter
     290:   11 /   11 conformations passed the filter
     774:   10 /   10 conformations passed the filter
      70:   24 /   24 conformations passed the filter
     315:   48 /   48 conformations passed the filter
     240:   26 /   26 conformations passed the filter
     311:   24 /   24 conformations passed the filter
     724:   48 /   48 conformations passed the filter
     357:   24 /   24 conformations passed the filter
     428:   11 /   11 conformations passed the filter
     720:   24 /   24 conformations passed the filter
     353:   14 /   14 conformations passed the filter
     766:   48 /   48 conformations passed the filter
     837:   13 /   13 conformations passed the filter
      78:   24 /   24 conformations passed the filter
     762:   10 /   10 conformations passed the filter
     395:   48 /   48 conformations passed the filter
     466:   13 /   13 conformations passed the filter
     879:   24 /   24 conformations passed the filter
     303:   24 /   24 conformations passed the filter
     391:   11 /   11 conformations passed the filter
     875:   24 /   24 conformations passed the filter
      73:   24 /   24 conformations passed the filter
     712:   24 /   24 conformations passed the filter
     416:    7 /    7 conformations passed the filter
     829:   48 /   48 conformations passed the filter
      43:   24 /   24 conformations passed the filter
     341:   24 /   24 conformations passed the filter
     412:   24 /   24 conformations passed the filter
     825:   24 /   24 conformations passed the filter
     458:   24 /   24 conformations passed the filter
     529:   24 /   24 conformations passed the filter
     750:   22 /   22 conformations passed the filter
     383:   24 /   24 conformations passed the filter
     821:   48 /   48 conformations passed the filter
     454:   24 /   24 conformations passed the filter
       6:   24 /   24 conformations passed the filter
     867:   48 /   48 conformations passed the filter
     938:   24 /   24 conformations passed the filter
     792:   13 /   13 conformations passed the filter
     863:   24 /   24 conformations passed the filter
     496:   24 /   24 conformations passed the filter
       3:   24 /   24 conformations passed the filter
     700:   24 /   24 conformations passed the filter
     404:   24 /   24 conformations passed the filter
     492:   24 /   24 conformations passed the filter
     108:   24 /   24 conformations passed the filter
     400:   24 /   24 conformations passed the filter
     813:    9 /    9 conformations passed the filter
     446:   10 /   10 conformations passed the filter
     517:   24 /   24 conformations passed the filter
      46:   24 /   24 conformations passed the filter
     371:    7 /    7 conformations passed the filter
     442:   24 /   24 conformations passed the filter
     146:   24 /   24 conformations passed the filter
     855:   24 /   24 conformations passed the filter
     926:   24 /   24 conformations passed the filter
     559:   24 /   24 conformations passed the filter
     780:   24 /   24 conformations passed the filter
     851:   24 /   24 conformations passed the filter
     484:   24 /   24 conformations passed the filter
     555:   24 /   24 conformations passed the filter
     188:   24 /   24 conformations passed the filter
      41:   24 /   24 conformations passed the filter
     480:   24 /   24 conformations passed the filter
     893:   11 /   11 conformations passed the filter
     509:   48 /   48 conformations passed the filter
     597:   24 /   24 conformations passed the filter
      11:   24 /   24 conformations passed the filter
     801:   24 /   24 conformations passed the filter
     505:   13 /   13 conformations passed the filter
     138:    9 /    9 conformations passed the filter
     209:   11 /   11 conformations passed the filter
     918:   48 /   48 conformations passed the filter
     430:   24 /   24 conformations passed the filter
     501:   24 /   24 conformations passed the filter
     134:   24 /   24 conformations passed the filter
     914:   48 /   48 conformations passed the filter
     547:   48 /   48 conformations passed the filter
     618:   24 /   24 conformations passed the filter
      49:   24 /   24 conformations passed the filter
     472:   24 /   24 conformations passed the filter
     543:   48 /   48 conformations passed the filter
     176:   48 /   48 conformations passed the filter
     589:   24 /   24 conformations passed the filter
      19:   15 /   15 conformations passed the filter
      97:   12 /   12 conformations passed the filter
     881:    9 /    9 conformations passed the filter
     585:   24 /   24 conformations passed the filter
     289:   24 /   24 conformations passed the filter
     126:    9 /    9 conformations passed the filter
      14:   24 /   24 conformations passed the filter
     698:   48 /   48 conformations passed the filter
      92:   13 /   13 conformations passed the filter
     122:   24 /   24 conformations passed the filter
     902:   48 /   48 conformations passed the filter
     535:   24 /   24 conformations passed the filter
     606:   24 /   24 conformations passed the filter
     239:   24 /   24 conformations passed the filter
     460:   24 /   24 conformations passed the filter
     531:   24 /   24 conformations passed the filter
     164:   48 /   48 conformations passed the filter
     235:   24 /   24 conformations passed the filter
     648:   24 /   24 conformations passed the filter
     160:   24 /   24 conformations passed the filter
     940:   14 /   14 conformations passed the filter
     573:   48 /   48 conformations passed the filter
     644:   24 /   24 conformations passed the filter
     277:   48 /   48 conformations passed the filter
     114:   11 /   11 conformations passed the filter
     686:   48 /   48 conformations passed the filter
     110:   13 /   13 conformations passed the filter
     523:   15 /   15 conformations passed the filter
     227:   24 /   24 conformations passed the filter
      17:   24 /   24 conformations passed the filter
     152:   26 /   26 conformations passed the filter
     223:   24 /   24 conformations passed the filter
     932:   24 /   24 conformations passed the filter
     636:   48 /   48 conformations passed the filter
     269:   14 /   14 conformations passed the filter
     707:   48 /   48 conformations passed the filter
      65:    7 /    7 conformations passed the filter
     561:   24 /   24 conformations passed the filter
     194:   24 /   24 conformations passed the filter
     632:   24 /   24 conformations passed the filter
     265:   24 /   24 conformations passed the filter
     678:   24 /   24 conformations passed the filter
     749:   14 /   14 conformations passed the filter
     190:   24 /   24 conformations passed the filter
     674:   24 /   24 conformations passed the filter
     378:   13 /   13 conformations passed the filter
      60:   24 /   24 conformations passed the filter
     215:    9 /    9 conformations passed the filter
     787:   48 /   48 conformations passed the filter
     140:   48 /   48 conformations passed the filter
     211:   11 /   11 conformations passed the filter
     624:   48 /   48 conformations passed the filter
     328:   24 /   24 conformations passed the filter
     620:   24 /   24 conformations passed the filter
     253:   48 /   48 conformations passed the filter
     666:   24 /   24 conformations passed the filter
     737:   24 /   24 conformations passed the filter
      68:   24 /   24 conformations passed the filter
     662:   48 /   48 conformations passed the filter
     295:   48 /   48 conformations passed the filter
     366:   24 /   24 conformations passed the filter
     779:   48 /   48 conformations passed the filter
     203:   10 /   10 conformations passed the filter
     291:   24 /   24 conformations passed the filter
     775:   10 /   10 conformations passed the filter
      63:   11 /   11 conformations passed the filter
     612:   24 /   24 conformations passed the filter
     316:   24 /   24 conformations passed the filter
      33:   24 /   24 conformations passed the filter
     241:   48 /   48 conformations passed the filter
     312:   48 /   48 conformations passed the filter
     725:   24 /   24 conformations passed the filter
     358:   24 /   24 conformations passed the filter
     429:   24 /   24 conformations passed the filter
     650:   24 /   24 conformations passed the filter
     283:   24 /   24 conformations passed the filter
     721:   24 /   24 conformations passed the filter
     354:   11 /   11 conformations passed the filter
       5:   24 /   24 conformations passed the filter
     767:   24 /   24 conformations passed the filter
     838:   24 /   24 conformations passed the filter
     692:   24 /   24 conformations passed the filter
     763:   24 /   24 conformations passed the filter
     396:   24 /   24 conformations passed the filter
       2:   24 /   24 conformations passed the filter
     304:   48 /   48 conformations passed the filter
     392:   24 /   24 conformations passed the filter
     300:   24 /   24 conformations passed the filter
     713:   24 /   24 conformations passed the filter
     346:    7 /    7 conformations passed the filter
     417:    7 /    7 conformations passed the filter
      36:   24 /   24 conformations passed the filter
     342:   24 /   24 conformations passed the filter
     755:   24 /   24 conformations passed the filter
     826:    7 /    7 conformations passed the filter
     459:   24 /   24 conformations passed the filter
     751:    7 /    7 conformations passed the filter
     384:   22 /   22 conformations passed the filter
     455:   48 /   48 conformations passed the filter
      31:   24 /   24 conformations passed the filter
     868:   15 /   15 conformations passed the filter
     380:   17 /   17 conformations passed the filter
     793:   24 /   24 conformations passed the filter
     409:   24 /   24 conformations passed the filter
     864:   24 /   24 conformations passed the filter
     497:   24 /   24 conformations passed the filter
     701:   24 /   24 conformations passed the filter
     405:   24 /   24 conformations passed the filter
     109:   48 /   48 conformations passed the filter
     818:   48 /   48 conformations passed the filter
     330:   24 /   24 conformations passed the filter
     401:   24 /   24 conformations passed the filter
     814:   14 /   14 conformations passed the filter
     447:   24 /   24 conformations passed the filter
     518:   24 /   24 conformations passed the filter
      39:   48 /   48 conformations passed the filter
     372:   24 /   24 conformations passed the filter
     810:   17 /   17 conformations passed the filter
     443:   24 /   24 conformations passed the filter
     856:   24 /   24 conformations passed the filter
     489:   12 /   12 conformations passed the filter
     927:   11 /   11 conformations passed the filter
      87:   24 /   24 conformations passed the filter
     781:   24 /   24 conformations passed the filter
     852:   11 /   11 conformations passed the filter
     485:   13 /   13 conformations passed the filter
     189:   13 /   13 conformations passed the filter
     898:   48 /   48 conformations passed the filter
     481:   24 /   24 conformations passed the filter
     894:   24 /   24 conformations passed the filter
     598:   24 /   24 conformations passed the filter
      82:   24 /   24 conformations passed the filter
     802:   24 /   24 conformations passed the filter
     435:   48 /   48 conformations passed the filter
     890:   48 /   48 conformations passed the filter
     506:   48 /   48 conformations passed the filter
     139:   24 /   24 conformations passed the filter
     919:   24 /   24 conformations passed the filter
     431:   24 /   24 conformations passed the filter
     135:   24 /   24 conformations passed the filter
     844:   24 /   24 conformations passed the filter
     915:   48 /   48 conformations passed the filter
     548:   24 /   24 conformations passed the filter
     840:    9 /    9 conformations passed the filter
     473:   24 /   24 conformations passed the filter
     544:   48 /   48 conformations passed the filter
     177:   24 /   24 conformations passed the filter
     882:   24 /   24 conformations passed the filter
     586:   24 /   24 conformations passed the filter
     127:    7 /    7 conformations passed the filter
     907:   11 /   11 conformations passed the filter
     123:   24 /   24 conformations passed the filter
     903:    7 /    7 conformations passed the filter
     536:   24 /   24 conformations passed the filter
     169:   24 /   24 conformations passed the filter
     607:   24 /   24 conformations passed the filter
      55:   24 /   24 conformations passed the filter
     461:   24 /   24 conformations passed the filter
     532:   24 /   24 conformations passed the filter
     165:    7 /    7 conformations passed the filter
     578:   24 /   24 conformations passed the filter
     649:   24 /   24 conformations passed the filter
     161:   15 /   15 conformations passed the filter
     870:   48 /   48 conformations passed the filter
     941:   22 /   22 conformations passed the filter
     574:   24 /   24 conformations passed the filter
     278:   24 /   24 conformations passed the filter
      50:   24 /   24 conformations passed the filter
     115:   24 /   24 conformations passed the filter
     687:   24 /   24 conformations passed the filter
     111:   48 /   48 conformations passed the filter
     524:   24 /   24 conformations passed the filter
     228:   48 /   48 conformations passed the filter
     520:   24 /   24 conformations passed the filter
     153:   48 /   48 conformations passed the filter
     224:   24 /   24 conformations passed the filter
     933:   14 /   14 conformations passed the filter
     637:   24 /   24 conformations passed the filter
      58:    7 /    7 conformations passed the filter
     562:   24 /   24 conformations passed the filter
     195:   24 /   24 conformations passed the filter
     633:   48 /   48 conformations passed the filter
     266:   48 /   48 conformations passed the filter
     679:   48 /   48 conformations passed the filter
     675:   48 /   48 conformations passed the filter
     512:   24 /   24 conformations passed the filter
     216:   24 /   24 conformations passed the filter
      23:   24 /   24 conformations passed the filter
     141:   48 /   48 conformations passed the filter
     212:   48 /   48 conformations passed the filter
     921:   30 /   30 conformations passed the filter
     625:   24 /   24 conformations passed the filter
     258:   24 /   24 conformations passed the filter
     329:   48 /   48 conformations passed the filter
     550:   24 /   24 conformations passed the filter
     183:    9 /    9 conformations passed the filter
     621:   48 /   48 conformations passed the filter
     254:   24 /   24 conformations passed the filter
       4:   48 /   48 conformations passed the filter
     667:   24 /   24 conformations passed the filter
     738:   48 /   48 conformations passed the filter
     592:   48 /   48 conformations passed the filter
     663:   24 /   24 conformations passed the filter
     296:   24 /   24 conformations passed the filter
       1:    7 /    7 conformations passed the filter
     367:   24 /   24 conformations passed the filter
     204:   24 /   24 conformations passed the filter
     292:   48 /   48 conformations passed the filter
     776:   22 /   22 conformations passed the filter
     200:   30 /   30 conformations passed the filter
     613:   48 /   48 conformations passed the filter
     317:   24 /   24 conformations passed the filter
      26:   24 /   24 conformations passed the filter
     242:   24 /   24 conformations passed the filter
     655:   24 /   24 conformations passed the filter
     726:   24 /   24 conformations passed the filter
     359:   24 /   24 conformations passed the filter
      74:   24 /   24 conformations passed the filter
     651:   48 /   48 conformations passed the filter
     284:   12 /   12 conformations passed the filter
     355:   18 /   18 conformations passed the filter
     768:   24 /   24 conformations passed the filter
     839:   48 /   48 conformations passed the filter
     280:   24 /   24 conformations passed the filter
     693:   48 /   48 conformations passed the filter
     764:   24 /   24 conformations passed the filter
     397:   24 /   24 conformations passed the filter
     601:   48 /   48 conformations passed the filter
     305:   24 /   24 conformations passed the filter
     230:   24 /   24 conformations passed the filter
     301:   24 /   24 conformations passed the filter
     714:   24 /   24 conformations passed the filter
     347:   24 /   24 conformations passed the filter
     418:   48 /   48 conformations passed the filter
      29:   48 /   48 conformations passed the filter
     272:   24 /   24 conformations passed the filter
     710:   24 /   24 conformations passed the filter
     343:   24 /   24 conformations passed the filter
     756:   48 /   48 conformations passed the filter
     827:   24 /   24 conformations passed the filter
      77:   15 /   15 conformations passed the filter
     681:   24 /   24 conformations passed the filter
     752:   11 /   11 conformations passed the filter
     385:   11 /   11 conformations passed the filter
     798:    7 /    7 conformations passed the filter
     869:   30 /   30 conformations passed the filter
     381:   48 /   48 conformations passed the filter
     794:   48 /   48 conformations passed the filter
     498:   24 /   24 conformations passed the filter
      72:   48 /   48 conformations passed the filter
     702:   24 /   24 conformations passed the filter
     335:   48 /   48 conformations passed the filter
     790:   24 /   24 conformations passed the filter
     406:   48 /   48 conformations passed the filter
     819:   24 /   24 conformations passed the filter
     331:   11 /   11 conformations passed the filter
     744:   24 /   24 conformations passed the filter
     815:   11 /   11 conformations passed the filter
     448:   48 /   48 conformations passed the filter
     519:   24 /   24 conformations passed the filter
     740:   48 /   48 conformations passed the filter
     373:    8 /    8 conformations passed the filter
     444:   48 /   48 conformations passed the filter
     857:    7 /    7 conformations passed the filter
     928:   24 /   24 conformations passed the filter
     782:   24 /   24 conformations passed the filter
     853:   24 /   24 conformations passed the filter
     486:   24 /   24 conformations passed the filter
     899:   11 /   11 conformations passed the filter
     807:   24 /   24 conformations passed the filter
     895:   11 /   11 conformations passed the filter
     599:   24 /   24 conformations passed the filter
     803:   48 /   48 conformations passed the filter
     436:   24 /   24 conformations passed the filter
     507:   17 /   17 conformations passed the filter
      45:   24 /   24 conformations passed the filter
     361:   24 /   24 conformations passed the filter
     432:   48 /   48 conformations passed the filter
     845:   10 /   10 conformations passed the filter
     478:   48 /   48 conformations passed the filter
     916:   22 /   22 conformations passed the filter
     549:   24 /   24 conformations passed the filter
     770:   24 /   24 conformations passed the filter
     841:   22 /   22 conformations passed the filter
     474:   48 /   48 conformations passed the filter
     178:   15 /   15 conformations passed the filter
     887:   24 /   24 conformations passed the filter
      40:   11 /   11 conformations passed the filter
     470:   48 /   48 conformations passed the filter
     883:   13 /   13 conformations passed the filter
     587:   48 /   48 conformations passed the filter
     424:   48 /   48 conformations passed the filter
     128:   24 /   24 conformations passed the filter
     908:   48 /   48 conformations passed the filter
     420:   11 /   11 conformations passed the filter
     124:   24 /   24 conformations passed the filter
     833:   48 /   48 conformations passed the filter
     904:    7 /    7 conformations passed the filter
     537:   24 /   24 conformations passed the filter
      48:   24 /   24 conformations passed the filter
     462:   24 /   24 conformations passed the filter
     533:   48 /   48 conformations passed the filter
     166:   15 /   15 conformations passed the filter
     579:   24 /   24 conformations passed the filter
      96:   24 /   24 conformations passed the filter
     871:   48 /   48 conformations passed the filter
     942:   24 /   24 conformations passed the filter
     575:   24 /   24 conformations passed the filter
     116:   48 /   48 conformations passed the filter
      13:   24 /   24 conformations passed the filter
      91:   24 /   24 conformations passed the filter
     112:   24 /   24 conformations passed the filter
     525:   48 /   48 conformations passed the filter
     158:   48 /   48 conformations passed the filter
     229:   48 /   48 conformations passed the filter
     450:   24 /   24 conformations passed the filter
     521:   24 /   24 conformations passed the filter
     154:   24 /   24 conformations passed the filter
     934:   24 /   24 conformations passed the filter
     567:   24 /   24 conformations passed the filter
     638:   24 /   24 conformations passed the filter
     150:   24 /   24 conformations passed the filter
     930:   24 /   24 conformations passed the filter
     563:   48 /   48 conformations passed the filter
     196:   24 /   24 conformations passed the filter
       0:   11 /   11 conformations passed the filter
     267:   13 /   13 conformations passed the filter
     104:   13 /   13 conformations passed the filter
      99:   48 /   48 conformations passed the filter
     676:   48 /   48 conformations passed the filter
     100:   48 /   48 conformations passed the filter
     513:   48 /   48 conformations passed the filter
     217:   24 /   24 conformations passed the filter
      16:   48 /   48 conformations passed the filter
      94:   24 /   24 conformations passed the filter
     142:   48 /   48 conformations passed the filter
     213:   24 /   24 conformations passed the filter
     922:   24 /   24 conformations passed the filter
     626:   24 /   24 conformations passed the filter
     259:   24 /   24 conformations passed the filter
      64:    9 /    9 conformations passed the filter
     551:   24 /   24 conformations passed the filter
     184:   13 /   13 conformations passed the filter
     622:   24 /   24 conformations passed the filter
     255:   24 /   24 conformations passed the filter
     668:   48 /   48 conformations passed the filter
     739:   24 /   24 conformations passed the filter
     180:    7 /    7 conformations passed the filter
     593:   24 /   24 conformations passed the filter
     664:   24 /   24 conformations passed the filter
     297:   48 /   48 conformations passed the filter
     205:   24 /   24 conformations passed the filter
     293:   26 /   26 conformations passed the filter
     130:   24 /   24 conformations passed the filter
     201:   24 /   24 conformations passed the filter
     910:   24 /   24 conformations passed the filter
     614:   48 /   48 conformations passed the filter
     247:   48 /   48 conformations passed the filter
     318:   24 /   24 conformations passed the filter
     172:   48 /   48 conformations passed the filter
     610:   24 /   24 conformations passed the filter
     243:   24 /   24 conformations passed the filter
     656:   24 /   24 conformations passed the filter
     727:   48 /   48 conformations passed the filter
      67:    7 /    7 conformations passed the filter
     581:   24 /   24 conformations passed the filter
     652:   48 /   48 conformations passed the filter
     285:   24 /   24 conformations passed the filter
     356:   24 /   24 conformations passed the filter
     769:   24 /   24 conformations passed the filter
     281:   24 /   24 conformations passed the filter
     694:   24 /   24 conformations passed the filter
     765:   24 /   24 conformations passed the filter
     398:   22 /   22 conformations passed the filter
      62:   24 /   24 conformations passed the filter
     602:   48 /   48 conformations passed the filter
     690:   24 /   24 conformations passed the filter
     306:   48 /   48 conformations passed the filter
     719:   24 /   24 conformations passed the filter
      32:   48 /   48 conformations passed the filter
     231:   10 /   10 conformations passed the filter
     302:   24 /   24 conformations passed the filter
     715:   48 /   48 conformations passed the filter
     348:   24 /   24 conformations passed the filter
     419:   24 /   24 conformations passed the filter
     640:   24 /   24 conformations passed the filter
     273:   48 /   48 conformations passed the filter
     344:   24 /   24 conformations passed the filter
     757:   48 /   48 conformations passed the filter
     828:   48 /   48 conformations passed the filter
     682:   24 /   24 conformations passed the filter
     753:   11 /   11 conformations passed the filter
     386:   24 /   24 conformations passed the filter
     799:   48 /   48 conformations passed the filter
     795:   48 /   48 conformations passed the filter
     499:   48 /   48 conformations passed the filter
     703:   24 /   24 conformations passed the filter
     336:   48 /   48 conformations passed the filter
     407:   24 /   24 conformations passed the filter
      35:   13 /   13 conformations passed the filter
     261:   24 /   24 conformations passed the filter
     745:   24 /   24 conformations passed the filter
     816:   22 /   22 conformations passed the filter
     449:   48 /   48 conformations passed the filter
     670:   24 /   24 conformations passed the filter
     741:   24 /   24 conformations passed the filter
     374:   48 /   48 conformations passed the filter
     445:   48 /   48 conformations passed the filter
      30:   11 /   11 conformations passed the filter
     858:   48 /   48 conformations passed the filter
     370:   24 /   24 conformations passed the filter
     783:   24 /   24 conformations passed the filter
     487:   48 /   48 conformations passed the filter
     324:   24 /   24 conformations passed the filter
     808:   48 /   48 conformations passed the filter
     896:   24 /   24 conformations passed the filter
     320:   24 /   24 conformations passed the filter
     733:   24 /   24 conformations passed the filter
     804:   24 /   24 conformations passed the filter
     437:   11 /   11 conformations passed the filter
     508:   24 /   24 conformations passed the filter
      38:   24 /   24 conformations passed the filter
     362:   24 /   24 conformations passed the filter
     433:   24 /   24 conformations passed the filter
     846:   48 /   48 conformations passed the filter
     479:   48 /   48 conformations passed the filter
     917:   24 /   24 conformations passed the filter
      86:   24 /   24 conformations passed the filter
     771:   24 /   24 conformations passed the filter
     842:    7 /    7 conformations passed the filter
     475:   24 /   24 conformations passed the filter
     179:   24 /   24 conformations passed the filter
     888:    7 /    7 conformations passed the filter
     884:   24 /   24 conformations passed the filter
     588:   48 /   48 conformations passed the filter
      81:   24 /   24 conformations passed the filter
     425:   24 /   24 conformations passed the filter
     129:   48 /   48 conformations passed the filter
     909:   13 /   13 conformations passed the filter
     350:   48 /   48 conformations passed the filter
     421:   26 /   26 conformations passed the filter
     834:   24 /   24 conformations passed the filter
     467:   24 /   24 conformations passed the filter
     905:   24 /   24 conformations passed the filter
     538:   24 /   24 conformations passed the filter
     830:   24 /   24 conformations passed the filter
     463:   24 /   24 conformations passed the filter
     167:   48 /   48 conformations passed the filter
     876:   24 /   24 conformations passed the filter
      89:   24 /   24 conformations passed the filter
     872:   24 /   24 conformations passed the filter
     576:   24 /   24 conformations passed the filter
     413:   48 /   48 conformations passed the filter
     117:   24 /   24 conformations passed the filter
      84:   20 /   20 conformations passed the filter
     113:   11 /   11 conformations passed the filter
     822:   14 /   14 conformations passed the filter
     526:   24 /   24 conformations passed the filter
     159:   15 /   15 conformations passed the filter
     939:    9 /    9 conformations passed the filter
      54:   24 /   24 conformations passed the filter
     451:   24 /   24 conformations passed the filter
     522:   24 /   24 conformations passed the filter
     155:   48 /   48 conformations passed the filter
     935:   48 /   48 conformations passed the filter
     568:   24 /   24 conformations passed the filter
     639:   24 /   24 conformations passed the filter
     860:   24 /   24 conformations passed the filter
     493:   24 /   24 conformations passed the filter
     931:   14 /   14 conformations passed the filter
     564:   24 /   24 conformations passed the filter
     197:   24 /   24 conformations passed the filter
     105:   24 /   24 conformations passed the filter
     193:   24 /   24 conformations passed the filter
     101:   24 /   24 conformations passed the filter
     514:   48 /   48 conformations passed the filter
     147:   24 /   24 conformations passed the filter
     218:   24 /   24 conformations passed the filter
     510:   48 /   48 conformations passed the filter
     143:    9 /    9 conformations passed the filter
     923:   24 /   24 conformations passed the filter
     556:   24 /   24 conformations passed the filter
     627:   24 /   24 conformations passed the filter
      57:   48 /   48 conformations passed the filter
     552:   48 /   48 conformations passed the filter
     185:   48 /   48 conformations passed the filter
     256:   14 /   14 conformations passed the filter
     669:   24 /   24 conformations passed the filter
     181:    7 /    7 conformations passed the filter
     594:   24 /   24 conformations passed the filter
     665:   24 /   24 conformations passed the filter
     298:   13 /   13 conformations passed the filter
      52:   24 /   24 conformations passed the filter
     502:   24 /   24 conformations passed the filter
     590:   24 /   24 conformations passed the filter
     206:   24 /   24 conformations passed the filter
     619:   24 /   24 conformations passed the filter
      22:   24 /   24 conformations passed the filter
     131:   24 /   24 conformations passed the filter
     202:   48 /   48 conformations passed the filter
     911:   24 /   24 conformations passed the filter
     615:   24 /   24 conformations passed the filter
     248:    8 /    8 conformations passed the filter
     319:   48 /   48 conformations passed the filter
     540:   48 /   48 conformations passed the filter
     173:   48 /   48 conformations passed the filter
     611:   24 /   24 conformations passed the filter
     244:   48 /   48 conformations passed the filter
     657:   24 /   24 conformations passed the filter
     728:   24 /   24 conformations passed the filter
     582:   24 /   24 conformations passed the filter
     653:   48 /   48 conformations passed the filter
     286:   24 /   24 conformations passed the filter
     699:   24 /   24 conformations passed the filter
     282:   24 /   24 conformations passed the filter
     695:   24 /   24 conformations passed the filter
     399:   24 /   24 conformations passed the filter
     603:   24 /   24 conformations passed the filter
     236:   24 /   24 conformations passed the filter
     691:   24 /   24 conformations passed the filter
     307:   48 /   48 conformations passed the filter
      25:   48 /   48 conformations passed the filter
     232:   48 /   48 conformations passed the filter
     645:   24 /   24 conformations passed the filter
     716:   24 /   24 conformations passed the filter
     349:   48 /   48 conformations passed the filter
     570:   24 /   24 conformations passed the filter
     641:   24 /   24 conformations passed the filter
     274:   19 /   19 conformations passed the filter
     345:   14 /   14 conformations passed the filter
      20:   48 /   48 conformations passed the filter
     758:    7 /    7 conformations passed the filter
     270:   24 /   24 conformations passed the filter
     683:   24 /   24 conformations passed the filter
     754:   48 /   48 conformations passed the filter
     387:   14 /   14 conformations passed the filter
       9:   24 /   24 conformations passed the filter
     708:   24 /   24 conformations passed the filter
     796:   24 /   24 conformations passed the filter
     220:   24 /   24 conformations passed the filter
     704:   24 /   24 conformations passed the filter
     337:   24 /   24 conformations passed the filter
     408:   24 /   24 conformations passed the filter
      28:   24 /   24 conformations passed the filter
     262:   24 /   24 conformations passed the filter
     333:   24 /   24 conformations passed the filter
     746:   24 /   24 conformations passed the filter
     379:   24 /   24 conformations passed the filter
     817:   48 /   48 conformations passed the filter
      76:   48 /   48 conformations passed the filter
     671:   24 /   24 conformations passed the filter
     742:   24 /   24 conformations passed the filter
     375:   48 /   48 conformations passed the filter
     788:   24 /   24 conformations passed the filter
     859:   24 /   24 conformations passed the filter
     784:   48 /   48 conformations passed the filter
     488:   24 /   24 conformations passed the filter
      71:   48 /   48 conformations passed the filter
     325:   48 /   48 conformations passed the filter
     809:   24 /   24 conformations passed the filter
     897:   48 /   48 conformations passed the filter
     250:   48 /   48 conformations passed the filter
     321:   24 /   24 conformations passed the filter
     734:   24 /   24 conformations passed the filter
     805:   24 /   24 conformations passed the filter
     438:   48 /   48 conformations passed the filter
     730:   48 /   48 conformations passed the filter
     363:   24 /   24 conformations passed the filter
     434:   24 /   24 conformations passed the filter
     847:   11 /   11 conformations passed the filter
      79:   11 /   11 conformations passed the filter
     772:   48 /   48 conformations passed the filter
     843:   24 /   24 conformations passed the filter
     889:   24 /   24 conformations passed the filter
     313:   24 /   24 conformations passed the filter
     885:   14 /   14 conformations passed the filter
     722:   48 /   48 conformations passed the filter
     426:   21 /   21 conformations passed the filter
      44:   48 /   48 conformations passed the filter
     351:    9 /    9 conformations passed the filter
     422:   24 /   24 conformations passed the filter
     835:   24 /   24 conformations passed the filter
     468:   24 /   24 conformations passed the filter
     906:   48 /   48 conformations passed the filter
     539:   24 /   24 conformations passed the filter
     760:   11 /   11 conformations passed the filter
     393:   24 /   24 conformations passed the filter
     831:   24 /   24 conformations passed the filter
     464:   24 /   24 conformations passed the filter
     168:   15 /   15 conformations passed the filter
     877:   11 /   11 conformations passed the filter
     873:   15 /   15 conformations passed the filter
     577:   24 /   24 conformations passed the filter
     414:   24 /   24 conformations passed the filter
     118:   24 /   24 conformations passed the filter
     410:   24 /   24 conformations passed the filter
     823:   24 /   24 conformations passed the filter
     456:   24 /   24 conformations passed the filter
     527:   48 /   48 conformations passed the filter
      47:   24 /   24 conformations passed the filter
     452:   24 /   24 conformations passed the filter
     156:   18 /   18 conformations passed the filter
     865:   48 /   48 conformations passed the filter
     936:   48 /   48 conformations passed the filter
     569:   24 /   24 conformations passed the filter
      95:   24 /   24 conformations passed the filter
     861:   24 /   24 conformations passed the filter
     494:   48 /   48 conformations passed the filter
     565:   24 /   24 conformations passed the filter
     198:   24 /   24 conformations passed the filter
      42:   48 /   48 conformations passed the filter
     402:   24 /   24 conformations passed the filter
     490:   24 /   24 conformations passed the filter
     106:   48 /   48 conformations passed the filter
      12:   24 /   24 conformations passed the filter
      90:   24 /   24 conformations passed the filter
     102:   24 /   24 conformations passed the filter
     811:   24 /   24 conformations passed the filter
     515:   24 /   24 conformations passed the filter
     148:   24 /   24 conformations passed the filter
     219:   48 /   48 conformations passed the filter
     440:   24 /   24 conformations passed the filter
     511:   48 /   48 conformations passed the filter
     144:   24 /   24 conformations passed the filter
     924:   24 /   24 conformations passed the filter
     557:   24 /   24 conformations passed the filter
     628:   24 /   24 conformations passed the filter
     482:   48 /   48 conformations passed the filter
     920:   24 /   24 conformations passed the filter
     553:   24 /   24 conformations passed the filter
     186:   48 /   48 conformations passed the filter
     257:   24 /   24 conformations passed the filter
      98:   24 /   24 conformations passed the filter
     182:   24 /   24 conformations passed the filter
     891:    8 /    8 conformations passed the filter
     595:   24 /   24 conformations passed the filter
     299:   48 /   48 conformations passed the filter
     503:   24 /   24 conformations passed the filter
     136:   14 /   14 conformations passed the filter
     591:   48 /   48 conformations passed the filter
     207:   24 /   24 conformations passed the filter
      15:   11 /   11 conformations passed the filter
      93:   24 /   24 conformations passed the filter
     132:   24 /   24 conformations passed the filter
     912:   48 /   48 conformations passed the filter
     545:   24 /   24 conformations passed the filter
     616:   24 /   24 conformations passed the filter
     249:   18 /   18 conformations passed the filter
     541:   48 /   48 conformations passed the filter
     174:   24 /   24 conformations passed the filter
     245:   24 /   24 conformations passed the filter
      10:   24 /   24 conformations passed the filter
     658:   24 /   24 conformations passed the filter
     729:   48 /   48 conformations passed the filter
     170:   24 /   24 conformations passed the filter
     583:   24 /   24 conformations passed the filter
     654:   24 /   24 conformations passed the filter
     287:   48 /   48 conformations passed the filter
       8:   26 /   26 conformations passed the filter
     608:   48 /   48 conformations passed the filter
     696:   24 /   24 conformations passed the filter
     120:   48 /   48 conformations passed the filter
     900:   48 /   48 conformations passed the filter
     604:   48 /   48 conformations passed the filter
     237:   24 /   24 conformations passed the filter
     308:   48 /   48 conformations passed the filter
      18:   13 /   13 conformations passed the filter
     162:   24 /   24 conformations passed the filter
     600:   24 /   24 conformations passed the filter
     233:   24 /   24 conformations passed the filter
     646:   24 /   24 conformations passed the filter
     279:   24 /   24 conformations passed the filter
     717:   24 /   24 conformations passed the filter
      66:   11 /   11 conformations passed the filter
     571:   24 /   24 conformations passed the filter
     642:   48 /   48 conformations passed the filter
     275:   24 /   24 conformations passed the filter
     688:   24 /   24 conformations passed the filter
     759:   11 /   11 conformations passed the filter
     271:   18 /   18 conformations passed the filter
     684:   48 /   48 conformations passed the filter
     388:   18 /   18 conformations passed the filter
      61:   24 /   24 conformations passed the filter
     225:   48 /   48 conformations passed the filter
     680:   24 /   24 conformations passed the filter
     709:   24 /   24 conformations passed the filter
     797:   18 /   18 conformations passed the filter
     221:   24 /   24 conformations passed the filter
     634:   24 /   24 conformations passed the filter
------------------
>total molecules: 940
>total conformations: 25832
>total valid molecules: 940
>total valid conformations: 25832