>spice-des-monomers: 369 molecules found
     338:   50 /   50 conformations passed the filter
     263:   50 /   50 conformations passed the filter
     334:   50 /   50 conformations passed the filter
      69:   50 /   50 conformations passed the filter
     326:   50 /   50 conformations passed the filter
      34:   50 /   50 conformations passed the filter
     251:   50 /   50 conformations passed the filter
     322:   50 /   50 conformations passed the filter
     368:   50 /   50 conformations passed the filter
     364:   50 /   50 conformations passed the filter
     360:   50 /   50 conformations passed the filter
     314:   50 /   50 conformations passed the filter
     310:   50 /   50 conformations passed the filter
      37:   50 /   50 conformations passed the filter
     352:   50 /   50 conformations passed the filter
      85:   50 /   50 conformations passed the filter
      80:   50 /   50 conformations passed the filter
     119:   50 /   50 conformations passed the filter
     340:   50 /   50 conformations passed the filter
     157:   50 /   50 conformations passed the filter
      88:   50 /   50 conformations passed the filter
     199:   50 /   50 conformations passed the filter
     107:   50 /   50 conformations passed the filter
      83:   50 /   50 conformations passed the filter
     103:   50 /   50 conformations passed the filter
     149:   50 /   50 conformations passed the filter
      53:   50 /   50 conformations passed the filter
     145:   50 /   50 conformations passed the filter
     187:   50 /   50 conformations passed the filter
       7:   50 /   50 conformations passed the filter
     137:   50 /   50 conformations passed the filter
     208:   50 /   50 conformations passed the filter
     133:   50 /   50 conformations passed the filter
      56:   50 /   50 conformations passed the filter
     175:   50 /   50 conformations passed the filter
     246:   50 /   50 conformations passed the filter
     171:   50 /   50 conformations passed the filter
     288:   50 /   50 conformations passed the filter
      51:   50 /   50 conformations passed the filter
     125:   50 /   50 conformations passed the filter
      21:   50 /   50 conformations passed the filter
     121:   50 /   50 conformations passed the filter
     238:   50 /   50 conformations passed the filter
     309:   50 /   50 conformations passed the filter
     163:   50 /   50 conformations passed the filter
     234:   50 /   50 conformations passed the filter
      59:   50 /   50 conformations passed the filter
     276:   50 /   50 conformations passed the filter
     226:   50 /   50 conformations passed the filter
      24:   50 /   50 conformations passed the filter
     151:   50 /   50 conformations passed the filter
     222:   50 /   50 conformations passed the filter
     268:   50 /   50 conformations passed the filter
     339:   50 /   50 conformations passed the filter
     264:   50 /   50 conformations passed the filter
     260:   50 /   50 conformations passed the filter
     214:   50 /   50 conformations passed the filter
     210:   50 /   50 conformations passed the filter
     327:   50 /   50 conformations passed the filter
      27:   50 /   50 conformations passed the filter
     252:   45 /   50 conformations passed the filter (5 excluded)
     323:   50 /   50 conformations passed the filter
      75:   50 /   50 conformations passed the filter
     294:   50 /   50 conformations passed the filter
     365:   50 /   50 conformations passed the filter
     290:   50 /   50 conformations passed the filter
      70:   50 /   50 conformations passed the filter
     315:   50 /   50 conformations passed the filter
     240:   50 /   50 conformations passed the filter
     311:   50 /   50 conformations passed the filter
     357:   50 /   50 conformations passed the filter
     353:   50 /   50 conformations passed the filter
      78:   50 /   50 conformations passed the filter
     303:   50 /   50 conformations passed the filter
      73:   50 /   50 conformations passed the filter
      43:   50 /   50 conformations passed the filter
     341:   50 /   50 conformations passed the filter
       6:   50 /   50 conformations passed the filter
       3:   50 /   50 conformations passed the filter
     108:   50 /   50 conformations passed the filter
      46:   50 /   50 conformations passed the filter
     146:   50 /   50 conformations passed the filter
     188:   50 /   50 conformations passed the filter
      41:   50 /   50 conformations passed the filter
      11:   50 /   50 conformations passed the filter
     138:   50 /   50 conformations passed the filter
     209:   50 /   50 conformations passed the filter
     134:   50 /   50 conformations passed the filter
      49:   50 /   50 conformations passed the filter
     176:   50 /   50 conformations passed the filter
      19:   50 /   50 conformations passed the filter
      97:   50 /   50 conformations passed the filter
     289:   50 /   50 conformations passed the filter
     126:   50 /   50 conformations passed the filter
      14:   50 /   50 conformations passed the filter
      92:   50 /   50 conformations passed the filter
     122:   50 /   50 conformations passed the filter
     239:   50 /   50 conformations passed the filter
     164:   50 /   50 conformations passed the filter
     235:   50 /   50 conformations passed the filter
     160:   50 /   50 conformations passed the filter
     277:   50 /   50 conformations passed the filter
     114:   50 /   50 conformations passed the filter
     110:   50 /   50 conformations passed the filter
     227:   50 /   50 conformations passed the filter
      17:   50 /   50 conformations passed the filter
     152:   50 /   50 conformations passed the filter
     223:   50 /   50 conformations passed the filter
     269:   50 /   50 conformations passed the filter
      65:   50 /   50 conformations passed the filter
     194:   50 /   50 conformations passed the filter
     265:   50 /   50 conformations passed the filter
     190:   50 /   50 conformations passed the filter
      60:   50 /   50 conformations passed the filter
     215:   50 /   50 conformations passed the filter
     140:   50 /   50 conformations passed the filter
     211:   50 /   50 conformations passed the filter
     328:   50 /   50 conformations passed the filter
     253:   50 /   50 conformations passed the filter
      68:   50 /   50 conformations passed the filter
     295:   50 /   50 conformations passed the filter
     366:   50 /   50 conformations passed the filter
     203:   50 /   50 conformations passed the filter
     291:   50 /   50 conformations passed the filter
      63:   50 /   50 conformations passed the filter
     316:   50 /   50 conformations passed the filter
      33:   50 /   50 conformations passed the filter
     241:   50 /   50 conformations passed the filter
     312:   50 /   50 conformations passed the filter
     358:   50 /   50 conformations passed the filter
     283:   50 /   50 conformations passed the filter
     354:   50 /   50 conformations passed the filter
       5:   50 /   50 conformations passed the filter
       2:   50 /   50 conformations passed the filter
     304:   50 /   50 conformations passed the filter
     300:   50 /   50 conformations passed the filter
     346:   50 /   50 conformations passed the filter
      36:   50 /   50 conformations passed the filter
     342:   50 /   50 conformations passed the filter
      31:   50 /   50 conformations passed the filter
     109:   50 /   50 conformations passed the filter
     330:   50 /   50 conformations passed the filter
      39:   50 /   50 conformations passed the filter
      87:   50 /   50 conformations passed the filter
     189:   50 /   50 conformations passed the filter
      82:   50 /   50 conformations passed the filter
     139:   50 /   50 conformations passed the filter
     135:   50 /   50 conformations passed the filter
     177:   50 /   50 conformations passed the filter
     127:   50 /   50 conformations passed the filter
     123:   50 /   50 conformations passed the filter
     169:   50 /   50 conformations passed the filter
      55:   50 /   50 conformations passed the filter
     165:   50 /   50 conformations passed the filter
     161:   50 /   50 conformations passed the filter
     278:   50 /   50 conformations passed the filter
      50:   50 /   50 conformations passed the filter
     115:   50 /   50 conformations passed the filter
     111:   50 /   50 conformations passed the filter
     228:   50 /   50 conformations passed the filter
     153:   50 /   50 conformations passed the filter
     224:   50 /   50 conformations passed the filter
      58:   50 /   50 conformations passed the filter
     195:   50 /   50 conformations passed the filter
     266:   50 /   50 conformations passed the filter
     191:   50 /   50 conformations passed the filter
     216:   50 /   50 conformations passed the filter
      23:   50 /   50 conformations passed the filter
     141:   50 /   50 conformations passed the filter
     212:   50 /   50 conformations passed the filter
     258:   50 /   50 conformations passed the filter
     329:   50 /   50 conformations passed the filter
     183:   50 /   50 conformations passed the filter
     254:   50 /   50 conformations passed the filter
       4:   40 /   50 conformations passed the filter (10 excluded)
     296:   50 /   50 conformations passed the filter
       1:   50 /   50 conformations passed the filter
     367:   50 /   50 conformations passed the filter
     204:   50 /   50 conformations passed the filter
     292:   50 /   50 conformations passed the filter
     200:   50 /   50 conformations passed the filter
     317:   50 /   50 conformations passed the filter
      26:   50 /   50 conformations passed the filter
     242:   50 /   50 conformations passed the filter
     359:   50 /   50 conformations passed the filter
      74:   50 /   50 conformations passed the filter
     284:   50 /   50 conformations passed the filter
     355:   50 /   50 conformations passed the filter
     280:   50 /   50 conformations passed the filter
     305:   50 /   50 conformations passed the filter
     230:   50 /   50 conformations passed the filter
     301:   50 /   50 conformations passed the filter
     347:   50 /   50 conformations passed the filter
      29:   50 /   50 conformations passed the filter
     272:   50 /   50 conformations passed the filter
     343:   50 /   50 conformations passed the filter
      77:   50 /   50 conformations passed the filter
      72:   50 /   50 conformations passed the filter
     335:   50 /   50 conformations passed the filter
     331:   50 /   50 conformations passed the filter
      45:   50 /   50 conformations passed the filter
     361:   50 /   50 conformations passed the filter
     178:   50 /   50 conformations passed the filter
      40:   50 /   50 conformations passed the filter
     128:   50 /   50 conformations passed the filter
     124:   50 /   50 conformations passed the filter
      48:   50 /   50 conformations passed the filter
     166:   50 /   50 conformations passed the filter
      96:   50 /   50 conformations passed the filter
     116:   50 /   50 conformations passed the filter
      13:   50 /   50 conformations passed the filter
      91:   50 /   50 conformations passed the filter
     112:   50 /   50 conformations passed the filter
     158:   50 /   50 conformations passed the filter
     229:   50 /   50 conformations passed the filter
     154:   50 /   50 conformations passed the filter
     150:   50 /   50 conformations passed the filter
     196:   50 /   50 conformations passed the filter
       0:   50 /   50 conformations passed the filter
     267:   50 /   50 conformations passed the filter
     104:   50 /   50 conformations passed the filter
      99:   50 /   50 conformations passed the filter
     192:   50 /   50 conformations passed the filter
     100:   50 /   50 conformations passed the filter
     217:   50 /   50 conformations passed the filter
      16:   50 /   50 conformations passed the filter
      94:   50 /   50 conformations passed the filter
     142:   50 /   50 conformations passed the filter
     213:   50 /   50 conformations passed the filter
     259:   50 /   50 conformations passed the filter
      64:   50 /   50 conformations passed the filter
     184:   50 /   50 conformations passed the filter
     255:   50 /   50 conformations passed the filter
     180:   50 /   50 conformations passed the filter
     297:   50 /   50 conformations passed the filter
     205:   50 /   50 conformations passed the filter
     293:   50 /   50 conformations passed the filter
     130:   50 /   50 conformations passed the filter
     201:   50 /   50 conformations passed the filter
     247:   50 /   50 conformations passed the filter
     318:   50 /   50 conformations passed the filter
     172:   50 /   50 conformations passed the filter
     243:   50 /   50 conformations passed the filter
      67:   50 /   50 conformations passed the filter
     285:   50 /   50 conformations passed the filter
     356:   50 /   50 conformations passed the filter
     281:   50 /   50 conformations passed the filter
      62:   50 /   50 conformations passed the filter
     306:   50 /   50 conformations passed the filter
      32:   50 /   50 conformations passed the filter
     231:   50 /   50 conformations passed the filter
     302:   50 /   50 conformations passed the filter
     348:   50 /   50 conformations passed the filter
     273:   50 /   50 conformations passed the filter
     344:   50 /   50 conformations passed the filter
     336:   50 /   50 conformations passed the filter
      35:   50 /   50 conformations passed the filter
     261:   50 /   50 conformations passed the filter
     332:   50 /   50 conformations passed the filter
      30:   50 /   50 conformations passed the filter
     324:   50 /   50 conformations passed the filter
     320:   50 /   50 conformations passed the filter
      38:   50 /   50 conformations passed the filter
     362:   50 /   50 conformations passed the filter
      86:   50 /   50 conformations passed the filter
     179:   50 /   50 conformations passed the filter
      81:   50 /   50 conformations passed the filter
     129:   50 /   50 conformations passed the filter
     350:   50 /   50 conformations passed the filter
     167:   50 /   50 conformations passed the filter
      89:   50 /   50 conformations passed the filter
     117:   50 /   50 conformations passed the filter
      84:   50 /   50 conformations passed the filter
     113:   50 /   50 conformations passed the filter
     159:   50 /   50 conformations passed the filter
      54:   50 /   50 conformations passed the filter
     155:   50 /   50 conformations passed the filter
     197:   50 /   50 conformations passed the filter
     105:   50 /   50 conformations passed the filter
     193:   50 /   50 conformations passed the filter
     101:   50 /   50 conformations passed the filter
     147:   50 /   50 conformations passed the filter
     218:   50 /   50 conformations passed the filter
     143:   50 /   50 conformations passed the filter
      57:   50 /   50 conformations passed the filter
     185:   50 /   50 conformations passed the filter
     256:   50 /   50 conformations passed the filter
     181:   50 /   50 conformations passed the filter
     298:   50 /   50 conformations passed the filter
      52:   50 /   50 conformations passed the filter
     206:   50 /   50 conformations passed the filter
      22:   50 /   50 conformations passed the filter
     131:   50 /   50 conformations passed the filter
     202:   50 /   50 conformations passed the filter
     248:   50 /   50 conformations passed the filter
     319:   50 /   50 conformations passed the filter
     173:   50 /   50 conformations passed the filter
     244:   50 /   50 conformations passed the filter
     286:   50 /   50 conformations passed the filter
     282:   50 /   50 conformations passed the filter
     236:   50 /   50 conformations passed the filter
     307:   50 /   50 conformations passed the filter
      25:   50 /   50 conformations passed the filter
     232:   50 /   50 conformations passed the filter
     349:   50 /   50 conformations passed the filter
     274:   50 /   50 conformations passed the filter
     345:   50 /   50 conformations passed the filter
      20:   50 /   50 conformations passed the filter
     270:   50 /   50 conformations passed the filter
       9:   50 /   50 conformations passed the filter
     220:   50 /   50 conformations passed the filter
     337:   50 /   50 conformations passed the filter
      28:   50 /   50 conformations passed the filter
     262:   50 /   50 conformations passed the filter
     333:   50 /   50 conformations passed the filter
      76:   50 /   50 conformations passed the filter
      71:   50 /   50 conformations passed the filter
     325:   50 /   50 conformations passed the filter
     250:   50 /   50 conformations passed the filter
     321:   50 /   50 conformations passed the filter
     363:   50 /   50 conformations passed the filter
      79:   50 /   50 conformations passed the filter
     313:   50 /   50 conformations passed the filter
      44:   50 /   50 conformations passed the filter
     351:   50 /   50 conformations passed the filter
     168:   50 /   50 conformations passed the filter
     118:   50 /   50 conformations passed the filter
      47:   50 /   50 conformations passed the filter
     156:   50 /   50 conformations passed the filter
      95:   50 /   50 conformations passed the filter
     198:   50 /   50 conformations passed the filter
      42:   50 /   50 conformations passed the filter
     106:   50 /   50 conformations passed the filter
      12:   50 /   50 conformations passed the filter
      90:   50 /   50 conformations passed the filter
     102:   50 /   50 conformations passed the filter
     148:   50 /   50 conformations passed the filter
     219:   50 /   50 conformations passed the filter
     144:   50 /   50 conformations passed the filter
     186:   50 /   50 conformations passed the filter
     257:   50 /   50 conformations passed the filter
      98:   50 /   50 conformations passed the filter
     182:   50 /   50 conformations passed the filter
     299:   50 /   50 conformations passed the filter
     136:   50 /   50 conformations passed the filter
     207:   50 /   50 conformations passed the filter
      15:   50 /   50 conformations passed the filter
      93:   50 /   50 conformations passed the filter
     132:   50 /   50 conformations passed the filter
     249:   50 /   50 conformations passed the filter
     174:   50 /   50 conformations passed the filter
     245:   50 /   50 conformations passed the filter
      10:   50 /   50 conformations passed the filter
     170:   50 /   50 conformations passed the filter
     287:   50 /   50 conformations passed the filter
       8:   50 /   50 conformations passed the filter
     120:   50 /   50 conformations passed the filter
     237:   50 /   50 conformations passed the filter
     308:   50 /   50 conformations passed the filter
      18:   50 /   50 conformations passed the filter
     162:   50 /   50 conformations passed the filter
     233:   50 /   50 conformations passed the filter
     279:   50 /   50 conformations passed the filter
      66:   50 /   50 conformations passed the filter
     275:   50 /   50 conformations passed the filter
     271:   50 /   50 conformations passed the filter
      61:   50 /   50 conformations passed the filter
     225:   50 /   50 conformations passed the filter
     221:   50 /   50 conformations passed the filter
------------------
>total molecules: 369
>total conformations: 18450
>total valid molecules: 369
>total valid conformations: 18435