>gen2: 1047 molecules found
     705:  371 /  371 conformations passed the filter
     338:  285 /  285 conformations passed the filter
     630:   91 /   91 conformations passed the filter
     263:   46 /   46 conformations passed the filter
     334:  254 /  254 conformations passed the filter
     747:   98 /   98 conformations passed the filter
      69:  279 /  279 conformations passed the filter
     672:   22 /   22 conformations passed the filter
     743:   85 /   85 conformations passed the filter
     376:   11 /   11 conformations passed the filter
    1033:   32 /   32 conformations passed the filter
     789:   80 /   80 conformations passed the filter
     785:  171 /  171 conformations passed the filter
     326:   90 /   90 conformations passed the filter
      34:   56 /   58 conformations passed the filter (2 excluded)
     251:   96 /   96 conformations passed the filter
     322: 2723 / 2723 conformations passed the filter
     735:  591 /  591 conformations passed the filter
     368:  169 /  169 conformations passed the filter
     806:   11 /   11 conformations passed the filter
     439:    1 /  501 conformations passed the filter. Number of valid conformations did not pass the threshold. (excluded all)
     660:  423 /  423 conformations passed the filter
     731:   12 /   12 conformations passed the filter
     364:   90 /   90 conformations passed the filter
    1048:   10 /   10 conformations passed the filter
     777:   52 /   52 conformations passed the filter
     848:  730 /  730 conformations passed the filter
     360:  246 /  246 conformations passed the filter
    1008:   98 /   98 conformations passed the filter
     773:  427 /  427 conformations passed the filter
     477:   35 /   35 conformations passed the filter
     314:   82 /   82 conformations passed the filter
     886:   58 /   58 conformations passed the filter
     310:   97 /   97 conformations passed the filter
     723:  283 /  283 conformations passed the filter
     427:  244 /  244 conformations passed the filter
      37:  287 /  287 conformations passed the filter
     352:  198 /  198 conformations passed the filter
     423:  141 /  141 conformations passed the filter
     836:  167 /  167 conformations passed the filter
     469:  246 /  246 conformations passed the filter
      85:  269 /  269 conformations passed the filter
     761:  298 /  298 conformations passed the filter
     394:  104 /  104 conformations passed the filter
     832:  263 /  263 conformations passed the filter
     465:  229 /  229 conformations passed the filter
     878:   50 /   50 conformations passed the filter
     949:   87 /   87 conformations passed the filter
     390:  430 /  430 conformations passed the filter
     874:  320 /  320 conformations passed the filter
      80:  573 /  573 conformations passed the filter
    1034:   40 /   40 conformations passed the filter
     711:   78 /   78 conformations passed the filter
     415:  181 /  181 conformations passed the filter
     119:  220 /  220 conformations passed the filter
     340:   98 /   98 conformations passed the filter
     411:  379 /  379 conformations passed the filter
    1041:  158 /  158 conformations passed the filter
     824:  497 /  497 conformations passed the filter
     457:   36 /   36 conformations passed the filter
     528:   24 /   24 conformations passed the filter
     382:   87 /   87 conformations passed the filter
     820:    1 /  456 conformations passed the filter. Number of valid conformations did not pass the threshold. (excluded all)
     453:   31 /   31 conformations passed the filter
     157:  285 /  285 conformations passed the filter
     866:   10 /   10 conformations passed the filter
     937:  242 /  242 conformations passed the filter
      88:  118 /  118 conformations passed the filter
     791:  611 /  612 conformations passed the filter (1 excluded)
     862:   28 /   28 conformations passed the filter
     495:  109 /  110 conformations passed the filter (1 excluded)
     566:  300 /  300 conformations passed the filter
     199:    1 /  341 conformations passed the filter. Number of valid conformations did not pass the threshold. (excluded all)
     979:  133 /  133 conformations passed the filter
     403:  210 /  210 conformations passed the filter
     491:   12 /   12 conformations passed the filter
     107:    9 /   77 conformations passed the filter (68 excluded)
    1009:   47 /   47 conformations passed the filter
     975:   91 /   91 conformations passed the filter
      83:  458 /  458 conformations passed the filter
     103:  223 /  223 conformations passed the filter
     812:  490 /  490 conformations passed the filter
     516:  229 /  229 conformations passed the filter
     149:   17 /   17 conformations passed the filter
     929:   11 /   11 conformations passed the filter
      53:  359 /  359 conformations passed the filter
     441:   13 /   13 conformations passed the filter
     145:  170 /  170 conformations passed the filter
     854:  306 /  306 conformations passed the filter
     925:  360 /  360 conformations passed the filter
     558:  311 /  311 conformations passed the filter
     629:   17 /   17 conformations passed the filter
     850:   25 /   25 conformations passed the filter
     483:  325 /  325 conformations passed the filter
     554:   37 /   37 conformations passed the filter
     187:   33 /   33 conformations passed the filter
       7:   33 /   33 conformations passed the filter
     967:   13 /   13 conformations passed the filter
     892:  147 /  147 conformations passed the filter
     963:   73 /   73 conformations passed the filter
     596:   35 /   35 conformations passed the filter
     800:  101 /  101 conformations passed the filter
     504:   51 /   51 conformations passed the filter
     137:   93 /   93 conformations passed the filter
     208:   67 /   67 conformations passed the filter
     500:  368 /  368 conformations passed the filter
     133:   12 /   12 conformations passed the filter
     913: 2619 / 2619 conformations passed the filter
     546:  430 /  430 conformations passed the filter
     617:   56 /   56 conformations passed the filter
      56:    1 /  126 conformations passed the filter. Number of valid conformations did not pass the threshold. (excluded all)
     471:  253 /  253 conformations passed the filter
     542:  295 /  295 conformations passed the filter
     175:  260 /  260 conformations passed the filter
     246:  157 /  157 conformations passed the filter
     955:   19 /   19 conformations passed the filter
    1042:  121 /  121 conformations passed the filter
     659:   87 /   87 conformations passed the filter
     171:  240 /  240 conformations passed the filter
     880:  148 /  148 conformations passed the filter
     951:  277 /  277 conformations passed the filter
     584:   44 /   44 conformations passed the filter
     288:   35 /   35 conformations passed the filter
     997:  161 /  161 conformations passed the filter
      51:  261 /  261 conformations passed the filter
     125:  309 /  309 conformations passed the filter
     580:   37 /   37 conformations passed the filter
     993:  144 /  144 conformations passed the filter
     609:  199 /  199 conformations passed the filter
     697:   35 /   35 conformations passed the filter
      21:  236 /  236 conformations passed the filter
     121:   26 /   26 conformations passed the filter
     901:   42 /   42 conformations passed the filter
     534:  173 /  173 conformations passed the filter
     605:   99 /   99 conformations passed the filter
     238:  407 /  407 conformations passed the filter
     309:   96 /   96 conformations passed the filter
     530:  102 /  102 conformations passed the filter
     163:  230 /  230 conformations passed the filter
     234:  227 /  227 conformations passed the filter
     943:    9 /    9 conformations passed the filter
     647:   20 /   20 conformations passed the filter
     718:   44 /   44 conformations passed the filter
      59:   57 /   57 conformations passed the filter
    1017:   14 /   14 conformations passed the filter
     572:  629 /  629 conformations passed the filter
     643:   14 /   14 conformations passed the filter
     276:   90 /   90 conformations passed the filter
     689:   26 /   26 conformations passed the filter
     981:   54 /   54 conformations passed the filter
     685:   79 /   79 conformations passed the filter
     389:  250 /  250 conformations passed the filter
     226:  443 /  443 conformations passed the filter
      24:  297 /  297 conformations passed the filter
     151:  366 /  366 conformations passed the filter
     222:   55 /   55 conformations passed the filter
     635:   24 /   24 conformations passed the filter
     268:   13 /   13 conformations passed the filter
     706:   60 /   60 conformations passed the filter
     339:   22 /   22 conformations passed the filter
     560:  148 /  148 conformations passed the filter
     631:   67 /   67 conformations passed the filter
     264:  503 /  503 conformations passed the filter
     677:  142 /  142 conformations passed the filter
     748:  362 /  362 conformations passed the filter
     260:  227 /  227 conformations passed the filter
     673:   93 /   93 conformations passed the filter
     377:    8 /    8 conformations passed the filter
    1043:   37 /   37 conformations passed the filter
     214:  445 /  445 conformations passed the filter
    1003:   13 /   13 conformations passed the filter
     786:  189 /  189 conformations passed the filter
     210:  402 /  402 conformations passed the filter
     623:  124 /  124 conformations passed the filter
     327:   47 /   47 conformations passed the filter
      27:  327 /  327 conformations passed the filter
     252:   54 /   54 conformations passed the filter
     323:  220 /  220 conformations passed the filter
     736:   51 /   51 conformations passed the filter
     369:   17 /   17 conformations passed the filter
      75:   49 /   49 conformations passed the filter
     661: 1005 / 1005 conformations passed the filter
     294:  346 /  346 conformations passed the filter
     732:  139 /  139 conformations passed the filter
     365:  314 /  314 conformations passed the filter
     778:  123 /  123 conformations passed the filter
     849:  245 /  246 conformations passed the filter (1 excluded)
     290:  213 /  213 conformations passed the filter
    1018: 1519 / 1519 conformations passed the filter
     774:  200 /  202 conformations passed the filter (2 excluded)
      70:   73 /   73 conformations passed the filter
     315:   30 /   30 conformations passed the filter
     240:  258 /  258 conformations passed the filter
     311:  130 /  130 conformations passed the filter
     724:  189 /  189 conformations passed the filter
     357:  283 /  283 conformations passed the filter
     428:  200 /  200 conformations passed the filter
     720:  243 /  243 conformations passed the filter
     353:  551 /  551 conformations passed the filter
     766:  189 /  189 conformations passed the filter
     837:  359 /  359 conformations passed the filter
      78:  196 /  196 conformations passed the filter
     762:  188 /  188 conformations passed the filter
     395:   77 /   77 conformations passed the filter
     466:  279 /  279 conformations passed the filter
     879:  133 /  133 conformations passed the filter
     303:   56 /   56 conformations passed the filter
     391:    8 /    8 conformations passed the filter
     875:  218 /  218 conformations passed the filter
      73:   49 /   49 conformations passed the filter
    1044:  275 /  275 conformations passed the filter
     712:   50 /   50 conformations passed the filter
     416:   87 /   87 conformations passed the filter
     829:  294 /  294 conformations passed the filter
      43: 1386 / 1386 conformations passed the filter
    1004:   14 /   14 conformations passed the filter
     341:   14 /   14 conformations passed the filter
     412:  175 /  175 conformations passed the filter
     825:  218 /  218 conformations passed the filter
     458:  515 /  515 conformations passed the filter
     529:  220 /  220 conformations passed the filter
     750:  455 /  455 conformations passed the filter
     383:    3 /  345 conformations passed the filter. Number of valid conformations did not pass the threshold. (excluded all)
     821:  644 /  644 conformations passed the filter
     454:  349 /  349 conformations passed the filter
       6:   89 /   89 conformations passed the filter
     867: 1240 / 1240 conformations passed the filter
     938:   11 /   11 conformations passed the filter
     792:  467 /  467 conformations passed the filter
     863:   32 /   32 conformations passed the filter
     496:  483 /  483 conformations passed the filter
       3:    7 /    7 conformations passed the filter
     700:   31 /   31 conformations passed the filter
     404:  118 /  118 conformations passed the filter
     108:    1 /  183 conformations passed the filter. Number of valid conformations did not pass the threshold. (excluded all)
    1019:   25 /   25 conformations passed the filter
     400:  501 /  501 conformations passed the filter
     813:  221 /  221 conformations passed the filter
     446:   13 /   13 conformations passed the filter
     517:  328 /  328 conformations passed the filter
      46:   35 /   35 conformations passed the filter
     371:   31 /   31 conformations passed the filter
     442:   13 /   13 conformations passed the filter
     146:   14 /   14 conformations passed the filter
     855:    1 /  200 conformations passed the filter. Number of valid conformations did not pass the threshold. (excluded all)
     926:   55 /   55 conformations passed the filter
     559:  204 /  204 conformations passed the filter
    1030:   28 /   28 conformations passed the filter
     780:  225 /  225 conformations passed the filter
     851:   31 /   31 conformations passed the filter
     484:  185 /  185 conformations passed the filter
     555:  209 /  209 conformations passed the filter
     188:   32 /   32 conformations passed the filter
      41: 1083 / 1083 conformations passed the filter
     968:   15 /   15 conformations passed the filter
     480:  257 /  257 conformations passed the filter
     893:   42 /   42 conformations passed the filter
     509:  213 /  213 conformations passed the filter
     964:    9 /    9 conformations passed the filter
     597:  192 /  192 conformations passed the filter
      11:   53 /   53 conformations passed the filter
     801:   82 /   82 conformations passed the filter
     505:    0 /   66 conformations passed the filter. Number of valid conformations did not pass the threshold. (excluded all)
     138:  257 /  257 conformations passed the filter
     209:  117 /  117 conformations passed the filter
     918:  186 /  186 conformations passed the filter
     430:   17 /   17 conformations passed the filter
     501:  602 /  602 conformations passed the filter
     134:    5 /  248 conformations passed the filter (243 excluded)
     914:  461 /  461 conformations passed the filter
     547:  285 /  285 conformations passed the filter
     618:   14 /   14 conformations passed the filter
      49:   37 /   37 conformations passed the filter
     472:  477 /  477 conformations passed the filter
    1005:   83 /   83 conformations passed the filter
     543:  500 /  500 conformations passed the filter
     176:  290 /  290 conformations passed the filter
     956:  288 /  288 conformations passed the filter
     589:  206 /  206 conformations passed the filter
      19:   97 /   97 conformations passed the filter
      97:   33 /   33 conformations passed the filter
     881:  106 /  106 conformations passed the filter
     952:   31 /   31 conformations passed the filter
     585:  648 /  648 conformations passed the filter
     289:    9 /    9 conformations passed the filter
     998:  205 /  205 conformations passed the filter
     126:  200 /  200 conformations passed the filter
     994:  238 /  238 conformations passed the filter
      14:  943 /  943 conformations passed the filter
     698:   51 /   51 conformations passed the filter
      92:  227 /  227 conformations passed the filter
     122:  247 /  247 conformations passed the filter
     902:   31 /   31 conformations passed the filter
     535: 1987 / 1987 conformations passed the filter
     606:  108 /  108 conformations passed the filter
     239:  357 /  357 conformations passed the filter
     460:  279 /  279 conformations passed the filter
     531:   45 /   45 conformations passed the filter
     164:  282 /  282 conformations passed the filter
     235:  302 /  302 conformations passed the filter
     944:   34 /   34 conformations passed the filter
     648:   63 /   63 conformations passed the filter
     160:  263 /  263 conformations passed the filter
     940:   12 /   12 conformations passed the filter
     573:  413 /  413 conformations passed the filter
     644:   19 /   19 conformations passed the filter
     277:   74 /   74 conformations passed the filter
     114:   34 /   34 conformations passed the filter
     982:  250 /  250 conformations passed the filter
     686:  357 /  357 conformations passed the filter
     110:    1 /  320 conformations passed the filter. Number of valid conformations did not pass the threshold. (excluded all)
     523:  230 /  230 conformations passed the filter
     227:  161 /  161 conformations passed the filter
      17:  916 /  916 conformations passed the filter
     152:  367 /  367 conformations passed the filter
     223:  149 /  149 conformations passed the filter
     932:  155 /  155 conformations passed the filter
     636:   65 /   65 conformations passed the filter
     269:  383 /  383 conformations passed the filter
     707:   90 /   90 conformations passed the filter
      65:   79 /   79 conformations passed the filter
     561:  221 /  221 conformations passed the filter
     194:  199 /  199 conformations passed the filter
     632:   47 /   47 conformations passed the filter
     265:   37 /   37 conformations passed the filter
     678:  108 /  108 conformations passed the filter
     749:   37 /   37 conformations passed the filter
     190:    2 /  425 conformations passed the filter. Number of valid conformations did not pass the threshold. (excluded all)
     970:  140 /  140 conformations passed the filter
     674:  110 /  110 conformations passed the filter
    1006:  248 /  248 conformations passed the filter
     378:   40 /   40 conformations passed the filter
      60:   33 /   33 conformations passed the filter
     215:  148 /  148 conformations passed the filter
    1013:  370 /  370 conformations passed the filter
     787:   24 /   24 conformations passed the filter
     140:  142 /  142 conformations passed the filter
     211:  237 /  237 conformations passed the filter
     624:   82 /   82 conformations passed the filter
     328:  187 /  187 conformations passed the filter
     620:   65 /   65 conformations passed the filter
     253:  341 /  341 conformations passed the filter
     666:  647 /  647 conformations passed the filter
     737:   48 /   48 conformations passed the filter
      68:   64 /   64 conformations passed the filter
     662:  286 /  286 conformations passed the filter
     295:  456 /  456 conformations passed the filter
     366:  425 /  425 conformations passed the filter
     779:  183 /  183 conformations passed the filter
     203:  467 /  467 conformations passed the filter
     291:   72 /   72 conformations passed the filter
    1028:   19 /   19 conformations passed the filter
     775:   90 /   90 conformations passed the filter
      63:   17 /   17 conformations passed the filter
     612:   38 /   38 conformations passed the filter
     316:  460 /  460 conformations passed the filter
      33:  347 /  347 conformations passed the filter
     241:    1 /  513 conformations passed the filter. Number of valid conformations did not pass the threshold. (excluded all)
     312:   24 /   24 conformations passed the filter
     725:   19 /   19 conformations passed the filter
     358:  268 /  268 conformations passed the filter
     429:  376 /  376 conformations passed the filter
     650:  126 /  126 conformations passed the filter
     283:  100 /  100 conformations passed the filter
     721:  233 /  233 conformations passed the filter
     354:  103 /  103 conformations passed the filter
       5:   74 /   74 conformations passed the filter
     767:   24 /   24 conformations passed the filter
     838:  101 /  101 conformations passed the filter
     692:   90 /   90 conformations passed the filter
     763:   43 /   43 conformations passed the filter
     396:   71 /   71 conformations passed the filter
       2:  266 /  266 conformations passed the filter
     304:   94 /   94 conformations passed the filter
     392:   91 /   91 conformations passed the filter
     300:   57 /   57 conformations passed the filter
     713:  227 /  227 conformations passed the filter
     346:   46 /   46 conformations passed the filter
     417:  208 /  208 conformations passed the filter
      36:  251 /  251 conformations passed the filter
    1014:  256 /  256 conformations passed the filter
     342:   10 /   10 conformations passed the filter
     755:  255 /  255 conformations passed the filter
     826:   27 /   27 conformations passed the filter
     459:  184 /  184 conformations passed the filter
     751:   86 /   86 conformations passed the filter
     384: 1049 / 1049 conformations passed the filter
     455:  369 /  369 conformations passed the filter
      31: 1785 / 1785 conformations passed the filter
     868:   30 /   30 conformations passed the filter
     380:   25 /   25 conformations passed the filter
     793:  892 /  892 conformations passed the filter
     409:  172 /  172 conformations passed the filter
     864: 1097 / 1097 conformations passed the filter
     497:  326 /  326 conformations passed the filter
     701:   21 /   21 conformations passed the filter
     405:  360 /  360 conformations passed the filter
     109:   70 /   70 conformations passed the filter
     818:    1 / 1417 conformations passed the filter. Number of valid conformations did not pass the threshold. (excluded all)
    1029:   25 /   25 conformations passed the filter
     330:   51 /   51 conformations passed the filter
     401:  217 /  217 conformations passed the filter
     814:  246 /  246 conformations passed the filter
     447:  101 /  101 conformations passed the filter
     518:  504 /  504 conformations passed the filter
      39:   37 /   37 conformations passed the filter
     372:    9 /    9 conformations passed the filter
     810:  235 /  235 conformations passed the filter
     443:   13 /   13 conformations passed the filter
     856: 1684 / 1684 conformations passed the filter
     489:   10 /   10 conformations passed the filter
     927:   25 /   25 conformations passed the filter
    1040:  209 /  209 conformations passed the filter
      87:   78 /   78 conformations passed the filter
     781:  170 /  170 conformations passed the filter
     852:   26 /   26 conformations passed the filter
     485: 1860 / 1860 conformations passed the filter
    1000:   90 /   90 conformations passed the filter
     189:    1 /  235 conformations passed the filter. Number of valid conformations did not pass the threshold. (excluded all)
     898:  243 /  243 conformations passed the filter
     969:  203 /  203 conformations passed the filter
     481:  275 /  275 conformations passed the filter
     894:  113 /  113 conformations passed the filter
     598:  258 /  258 conformations passed the filter
      82:  245 /  245 conformations passed the filter
     802:  260 /  260 conformations passed the filter
     435:  352 /  352 conformations passed the filter
     890:   81 /   81 conformations passed the filter
     506:   44 /   44 conformations passed the filter
     139:  232 /  232 conformations passed the filter
     919:  441 /  441 conformations passed the filter
     431:   19 /   19 conformations passed the filter
     844:  133 /  133 conformations passed the filter
     915:   90 /   90 conformations passed the filter
     548:    2 /  105 conformations passed the filter. Number of valid conformations did not pass the threshold. (excluded all)
     840:  145 /  145 conformations passed the filter
     473:   14 /   14 conformations passed the filter
    1015:   19 /   19 conformations passed the filter
     544:  111 /  111 conformations passed the filter
     177:  133 /  133 conformations passed the filter
     957:  221 /  221 conformations passed the filter
     882:  404 /  406 conformations passed the filter (2 excluded)
     953:  124 /  124 conformations passed the filter
     586:  141 /  141 conformations passed the filter
     999:  131 /  131 conformations passed the filter
     127:  156 /  156 conformations passed the filter
     907:  436 /  436 conformations passed the filter
     995:    4 /  257 conformations passed the filter. Number of valid conformations did not pass the threshold. (excluded all)
     123:  284 /  284 conformations passed the filter
     903:  126 /  126 conformations passed the filter
     536:  215 /  215 conformations passed the filter
     169:  235 /  235 conformations passed the filter
     607:  412 /  412 conformations passed the filter
      55:  473 /  473 conformations passed the filter
     461:  274 /  274 conformations passed the filter
     532:  734 /  734 conformations passed the filter
     165:  213 /  213 conformations passed the filter
     945:  409 /  409 conformations passed the filter
     578:   14 /   14 conformations passed the filter
     649:   47 /   47 conformations passed the filter
     161:  278 /  278 conformations passed the filter
     870:   49 /   49 conformations passed the filter
     941:  174 /  174 conformations passed the filter
     574: 1097 / 1097 conformations passed the filter
     278:   65 /   65 conformations passed the filter
     987:  115 /  115 conformations passed the filter
      50:  278 /  278 conformations passed the filter
     115:  686 /  686 conformations passed the filter
     983: 2397 / 2397 conformations passed the filter
     687:    5 /    5 conformations passed the filter
    1001:   30 /   30 conformations passed the filter
     111:   91 /   91 conformations passed the filter
     524:  257 /  257 conformations passed the filter
     228:  185 /  185 conformations passed the filter
     520:  454 /  454 conformations passed the filter
     153:  249 /  249 conformations passed the filter
     224:  202 /  202 conformations passed the filter
     933:   51 /   51 conformations passed the filter
     637:  818 /  818 conformations passed the filter
      58:   57 /   57 conformations passed the filter
     562:  808 /  808 conformations passed the filter
     195:  221 /  221 conformations passed the filter
     633:   39 /   39 conformations passed the filter
     266:  119 /  119 conformations passed the filter
     679:  119 /  119 conformations passed the filter
     191:  232 /  232 conformations passed the filter
     971:  515 /  515 conformations passed the filter
     675:  674 /  674 conformations passed the filter
    1016:  224 /  224 conformations passed the filter
     512:   56 /   56 conformations passed the filter
     216:  116 /  116 conformations passed the filter
      23:  251 /  251 conformations passed the filter
     141:  134 /  134 conformations passed the filter
     212:  126 /  126 conformations passed the filter
     921:  332 /  332 conformations passed the filter
     625:   64 /   64 conformations passed the filter
     258:   96 /   96 conformations passed the filter
     329:   64 /   64 conformations passed the filter
     550:   40 /   40 conformations passed the filter
     183:  230 /  230 conformations passed the filter
     621:   72 /   72 conformations passed the filter
     254:  666 /  666 conformations passed the filter
       4:   20 /   20 conformations passed the filter
     667: 3023 / 3023 conformations passed the filter
     738:   49 /   49 conformations passed the filter
     592:    0 /  546 conformations passed the filter. Number of valid conformations did not pass the threshold. (excluded all)
     663:  147 /  147 conformations passed the filter
     296:  114 /  114 conformations passed the filter
       1:  238 /  238 conformations passed the filter
     367:  145 /  145 conformations passed the filter
     204:  461 /  461 conformations passed the filter
     292:  184 /  184 conformations passed the filter
     776:   48 /   48 conformations passed the filter
     200:  258 /  258 conformations passed the filter
     613:   38 /   38 conformations passed the filter
     317:  232 /  232 conformations passed the filter
      26:  300 /  300 conformations passed the filter
     242:  218 /  218 conformations passed the filter
    1002:   79 /   79 conformations passed the filter
     655:  111 /  111 conformations passed the filter
     726:   48 /   48 conformations passed the filter
     359:  192 /  192 conformations passed the filter
      74:   33 /   33 conformations passed the filter
     651:   28 /   28 conformations passed the filter
     284:   78 /   78 conformations passed the filter
     355:  144 /  144 conformations passed the filter
     768:  276 /  276 conformations passed the filter
     839:   11 /   11 conformations passed the filter
     280:   29 /   29 conformations passed the filter
     693:  161 /  161 conformations passed the filter
     764:   48 /   48 conformations passed the filter
     397:  646 /  646 conformations passed the filter
     601:  231 /  231 conformations passed the filter
     305:   74 /   74 conformations passed the filter
     230:  238 /  238 conformations passed the filter
     301:   13 /   13 conformations passed the filter
     714:  167 /  167 conformations passed the filter
     347:  165 /  165 conformations passed the filter
     418:  171 /  171 conformations passed the filter
      29:   11 /   11 conformations passed the filter
     272:  415 /  415 conformations passed the filter
    1024:  211 /  211 conformations passed the filter
     710:   10 /   10 conformations passed the filter
     343:   12 /   12 conformations passed the filter
     756:  239 /  239 conformations passed the filter
     827:  157 /  157 conformations passed the filter
      77:   94 /   94 conformations passed the filter
     681:   63 /   63 conformations passed the filter
     752:   28 /   28 conformations passed the filter
     385:  670 /  670 conformations passed the filter
     798: 1222 / 1222 conformations passed the filter
     869:  223 /  223 conformations passed the filter
     381:  129 /  129 conformations passed the filter
     794:  554 /  554 conformations passed the filter
     498:  448 /  448 conformations passed the filter
      72:  185 /  185 conformations passed the filter
     702:   15 /   15 conformations passed the filter
     335:   10 /   10 conformations passed the filter
     790:  148 /  148 conformations passed the filter
     406:  331 /  331 conformations passed the filter
     819:  274 /  274 conformations passed the filter
    1039:  328 /  328 conformations passed the filter
     331:   43 /   43 conformations passed the filter
     744:  200 /  200 conformations passed the filter
     815:  453 /  453 conformations passed the filter
     448: 1259 / 1259 conformations passed the filter
     519:  662 /  662 conformations passed the filter
     740:  152 /  152 conformations passed the filter
     373:  214 /  214 conformations passed the filter
     444:   13 /   13 conformations passed the filter
     857:   85 /   85 conformations passed the filter
     928:   29 /   29 conformations passed the filter
     782:  179 /  179 conformations passed the filter
     853:  188 /  188 conformations passed the filter
     486:   50 /   50 conformations passed the filter
    1010:  882 /  882 conformations passed the filter
     899:   80 /   80 conformations passed the filter
     807:  111 /  111 conformations passed the filter
     895:  586 /  586 conformations passed the filter
     599:  163 /  163 conformations passed the filter
     803:  135 /  135 conformations passed the filter
     436:  366 /  366 conformations passed the filter
     507:  784 /  784 conformations passed the filter
      45:  299 /  299 conformations passed the filter
     361:  546 /  546 conformations passed the filter
     432:   21 /   21 conformations passed the filter
     845:  189 /  189 conformations passed the filter
     478:   59 /   59 conformations passed the filter
     916:   78 /   78 conformations passed the filter
     549:   35 /   35 conformations passed the filter
     770:  354 /  354 conformations passed the filter
     841:   41 /   41 conformations passed the filter
     474:   89 /   89 conformations passed the filter
    1025:   11 /   11 conformations passed the filter
     178:  162 /  162 conformations passed the filter
     887:  116 /  116 conformations passed the filter
      40:   51 /   51 conformations passed the filter
     958:  293 /  293 conformations passed the filter
     470:  277 /  277 conformations passed the filter
     883:  676 /  676 conformations passed the filter
     587:  403 /  403 conformations passed the filter
     424:  250 /  250 conformations passed the filter
     128:  409 /  409 conformations passed the filter
     908:   47 /   47 conformations passed the filter
     996:  248 /  248 conformations passed the filter
     420:  242 /  242 conformations passed the filter
     124:  296 /  303 conformations passed the filter (7 excluded)
     833:  370 /  370 conformations passed the filter
     904:  367 /  367 conformations passed the filter
     537:  318 /  318 conformations passed the filter
      48:   31 /   31 conformations passed the filter
     462:  221 /  221 conformations passed the filter
     533:  584 /  584 conformations passed the filter
     166:  238 /  238 conformations passed the filter
     946:  129 /  129 conformations passed the filter
     579:   60 /   60 conformations passed the filter
      96:    5 /  537 conformations passed the filter (532 excluded)
     871:  209 /  209 conformations passed the filter
     942:    8 /    8 conformations passed the filter
     575:  409 /  409 conformations passed the filter
     988:  414 /  414 conformations passed the filter
     116:  158 /  158 conformations passed the filter
     984:  258 /  258 conformations passed the filter
      13:  725 /  725 conformations passed the filter
      91:  279 /  279 conformations passed the filter
    1011:  718 /  718 conformations passed the filter
     112:   50 /   50 conformations passed the filter
     525: 1061 / 1061 conformations passed the filter
     158:   52 /   52 conformations passed the filter
     229:  191 /  191 conformations passed the filter
     450:  178 /  178 conformations passed the filter
     521:  264 /  264 conformations passed the filter
     154:   27 /   27 conformations passed the filter
     934:   37 /   37 conformations passed the filter
     567:  142 /  142 conformations passed the filter
     638: 1351 / 1351 conformations passed the filter
     150:  288 /  288 conformations passed the filter
     930:  114 /  114 conformations passed the filter
     563: 1321 / 1321 conformations passed the filter
     196:  297 /  297 conformations passed the filter
       0: 1022 / 1022 conformations passed the filter
     267:  177 /  177 conformations passed the filter
     976:   37 /   37 conformations passed the filter
     104:   53 /   53 conformations passed the filter
      99:   58 /   58 conformations passed the filter
     192:  221 /  221 conformations passed the filter
     972:  635 /  635 conformations passed the filter
     676:  330 /  330 conformations passed the filter
    1026:   23 /   23 conformations passed the filter
     100:   23 /   23 conformations passed the filter
     513:  164 /  164 conformations passed the filter
     217:  203 /  203 conformations passed the filter
      16:   32 /   32 conformations passed the filter
      94:  244 /  244 conformations passed the filter
     142:  331 /  331 conformations passed the filter
     213:  100 /  100 conformations passed the filter
     922:  115 /  115 conformations passed the filter
     626:  184 /  184 conformations passed the filter
     259:   72 /   72 conformations passed the filter
      64:   76 /   76 conformations passed the filter
     551:  222 /  222 conformations passed the filter
     184:  177 /  177 conformations passed the filter
     622:   68 /   68 conformations passed the filter
     255:  202 /  202 conformations passed the filter
     668:   31 /   31 conformations passed the filter
     739:   38 /   38 conformations passed the filter
     180:  176 /  176 conformations passed the filter
     960:    9 /    9 conformations passed the filter
     593:   54 /   54 conformations passed the filter
     664:  187 /  187 conformations passed the filter
     297:   16 /   16 conformations passed the filter
     205:   68 /  584 conformations passed the filter (516 excluded)
     293:  113 /  113 conformations passed the filter
     130:  248 /  248 conformations passed the filter
     201:  268 /  268 conformations passed the filter
     910:   16 /   16 conformations passed the filter
     614:   21 /   21 conformations passed the filter
     247:  127 /  127 conformations passed the filter
     318:  267 /  267 conformations passed the filter
     172:  503 /  503 conformations passed the filter
     610:   50 /   50 conformations passed the filter
     243:   38 /   38 conformations passed the filter
    1012:  306 /  306 conformations passed the filter
     656:   54 /   54 conformations passed the filter
     727:   66 /   66 conformations passed the filter
      67:   30 /   30 conformations passed the filter
     581:   36 /   36 conformations passed the filter
     652:   45 /   45 conformations passed the filter
     285:   87 /   87 conformations passed the filter
     356:  201 /  201 conformations passed the filter
     769:   43 /   43 conformations passed the filter
     281:   29 /   29 conformations passed the filter
     990:   24 /   24 conformations passed the filter
     694:  193 /  193 conformations passed the filter
     765:   94 /   94 conformations passed the filter
     398:  303 /  303 conformations passed the filter
      62:    1 /  376 conformations passed the filter. Number of valid conformations did not pass the threshold. (excluded all)
     602:   74 /   74 conformations passed the filter
     690:   58 /   58 conformations passed the filter
     306:  214 /  214 conformations passed the filter
     719:  181 /  181 conformations passed the filter
      32:  212 /  212 conformations passed the filter
    1027:   19 /   19 conformations passed the filter
     231:   23 /   23 conformations passed the filter
     302: 1049 / 1049 conformations passed the filter
     715:   56 /   56 conformations passed the filter
     348:   81 /   81 conformations passed the filter
     419:  182 /  182 conformations passed the filter
     640:  766 /  766 conformations passed the filter
     273:   74 /   74 conformations passed the filter
     344:   95 /   95 conformations passed the filter
     757:  121 /  121 conformations passed the filter
     828:  254 /  254 conformations passed the filter
     682:   33 /   33 conformations passed the filter
     753:  231 /  232 conformations passed the filter (1 excluded)
     386:  331 /  331 conformations passed the filter
     799:   25 /   25 conformations passed the filter
     795:  238 /  238 conformations passed the filter
     499:  273 /  273 conformations passed the filter
     703:  128 /  128 conformations passed the filter
     336:    9 /    9 conformations passed the filter
     407:  156 /  156 conformations passed the filter
      35:  378 /  378 conformations passed the filter
    1049:  746 /  746 conformations passed the filter
     261:  231 /  231 conformations passed the filter
     332:   43 /   43 conformations passed the filter
     745:   41 /   41 conformations passed the filter
     816:  161 /  161 conformations passed the filter
     449:  232 /  232 conformations passed the filter
     670:   11 /   11 conformations passed the filter
     741:  213 /  213 conformations passed the filter
     374:   10 /   10 conformations passed the filter
     445:   13 /   13 conformations passed the filter
      30:   22 /   22 conformations passed the filter
     858:   49 /   49 conformations passed the filter
     370:   29 /   29 conformations passed the filter
     783:   37 /   37 conformations passed the filter
     487:   14 /   14 conformations passed the filter
    1020:   16 /   16 conformations passed the filter
     324:   92 /   92 conformations passed the filter
     808:   45 /   45 conformations passed the filter
     896:   48 /   48 conformations passed the filter
     320:  936 /  936 conformations passed the filter
     733:  109 /  109 conformations passed the filter
     804:   88 /   88 conformations passed the filter
     437:  521 /  521 conformations passed the filter
     508:   31 /   31 conformations passed the filter
      38:  230 /  230 conformations passed the filter
     362:  405 /  442 conformations passed the filter (37 excluded)
     433:  349 /  349 conformations passed the filter
     846:   52 /   52 conformations passed the filter
     479:   62 /   62 conformations passed the filter
     917:   78 /   78 conformations passed the filter
      86:  223 /  223 conformations passed the filter
     771:   84 /   84 conformations passed the filter
     842:   42 /   42 conformations passed the filter
     475:   43 /   43 conformations passed the filter
    1035:    9 /    9 conformations passed the filter
     179:  175 /  175 conformations passed the filter
     888:  164 /  164 conformations passed the filter
     959:  330 /  330 conformations passed the filter
     884:  259 /  259 conformations passed the filter
     588: 2046 / 2046 conformations passed the filter
      81:  227 /  227 conformations passed the filter
     425:  188 /  188 conformations passed the filter
     129:  172 /  172 conformations passed the filter
     909:   34 /   34 conformations passed the filter
     350:  209 /  209 conformations passed the filter
     421:  175 /  175 conformations passed the filter
     834:  527 /  527 conformations passed the filter
     467:  197 /  197 conformations passed the filter
     905:  367 /  367 conformations passed the filter
     538: 1163 / 1163 conformations passed the filter
     830: 8333 / 8333 conformations passed the filter
     463:  218 /  218 conformations passed the filter
     167:  236 /  236 conformations passed the filter
     876:  259 /  259 conformations passed the filter
     947:  123 /  123 conformations passed the filter
      89:  201 /  201 conformations passed the filter
     872:  186 /  186 conformations passed the filter
     576:  513 /  513 conformations passed the filter
     989:  111 /  111 conformations passed the filter
     413:  226 /  226 conformations passed the filter
     117:  252 /  252 conformations passed the filter
     985:  130 /  130 conformations passed the filter
      84:  437 /  437 conformations passed the filter
    1021:   85 /   85 conformations passed the filter
     113:   78 /   78 conformations passed the filter
     822:  490 /  490 conformations passed the filter
     526:  651 /  651 conformations passed the filter
     159:  260 /  260 conformations passed the filter
     939:  100 /  100 conformations passed the filter
      54: 1030 / 1030 conformations passed the filter
     451:  329 /  329 conformations passed the filter
     522:  241 /  241 conformations passed the filter
     155:  221 /  221 conformations passed the filter
     935:   34 /   34 conformations passed the filter
     568:  472 /  472 conformations passed the filter
     639:  355 /  355 conformations passed the filter
     860:   74 /   74 conformations passed the filter
     493:  397 /  397 conformations passed the filter
     931:   41 /   41 conformations passed the filter
     564:  426 /  426 conformations passed the filter
     197:  467 /  467 conformations passed the filter
     977:  160 /  160 conformations passed the filter
     105:  321 /  321 conformations passed the filter
     193:  331 /  331 conformations passed the filter
     973:  265 /  265 conformations passed the filter
    1036:   30 /   30 conformations passed the filter
     101:   51 /   51 conformations passed the filter
     514:  102 /  102 conformations passed the filter
     147:   67 /   67 conformations passed the filter
     218:  437 /  437 conformations passed the filter
     510:   25 /   25 conformations passed the filter
     143:    0 /  600 conformations passed the filter. Number of valid conformations did not pass the threshold. (excluded all)
     923:   24 /   24 conformations passed the filter
     556:  418 /  418 conformations passed the filter
     627:  162 /  162 conformations passed the filter
      57:   73 /   73 conformations passed the filter
     552:  237 /  237 conformations passed the filter
     185:  255 /  255 conformations passed the filter
     256:  540 /  540 conformations passed the filter
     965:   14 /   14 conformations passed the filter
     669:  106 /  106 conformations passed the filter
     181:  141 /  141 conformations passed the filter
     961:   64 /   64 conformations passed the filter
     594:  316 /  316 conformations passed the filter
     665:   43 /   43 conformations passed the filter
     298:   18 /   18 conformations passed the filter
      52:  374 /  374 conformations passed the filter
     502:  537 /  537 conformations passed the filter
     590:  123 /  123 conformations passed the filter
     206:   50 /   50 conformations passed the filter
     619:    1 /   59 conformations passed the filter. Number of valid conformations did not pass the threshold. (excluded all)
      22:  269 /  269 conformations passed the filter
     131:   60 /   60 conformations passed the filter
     202:    9 /  370 conformations passed the filter (361 excluded)
     911:  101 /  101 conformations passed the filter
     615:  186 /  186 conformations passed the filter
     248:  145 /  145 conformations passed the filter
     319:   23 /   23 conformations passed the filter
     540:   45 /   45 conformations passed the filter
     173:  214 /  214 conformations passed the filter
     611:    1 /  408 conformations passed the filter. Number of valid conformations did not pass the threshold. (excluded all)
     244:   28 /   28 conformations passed the filter
    1022:   56 /   56 conformations passed the filter
     657: 1878 / 1878 conformations passed the filter
     728:   52 /   52 conformations passed the filter
     582:  751 /  751 conformations passed the filter
     653:   44 /   44 conformations passed the filter
     286:  214 /  214 conformations passed the filter
     699:   31 /   31 conformations passed the filter
     282:  121 /  121 conformations passed the filter
     991:   60 /   60 conformations passed the filter
     695:  167 /  167 conformations passed the filter
     399:  684 /  684 conformations passed the filter
     603:  297 /  297 conformations passed the filter
     236:   22 /   22 conformations passed the filter
     691:   49 /   49 conformations passed the filter
     307:   86 /   86 conformations passed the filter
      25:  276 /  276 conformations passed the filter
    1037:   70 /   70 conformations passed the filter
     232:  355 /  355 conformations passed the filter
     645:   57 /   57 conformations passed the filter
     716:   10 /   10 conformations passed the filter
     349:   67 /   67 conformations passed the filter
     570:  323 /  323 conformations passed the filter
     641:  288 /  288 conformations passed the filter
     274:  130 /  130 conformations passed the filter
     345:  134 /  134 conformations passed the filter
      20:  197 /  197 conformations passed the filter
     758:  101 /  101 conformations passed the filter
     270:  369 /  369 conformations passed the filter
     683:   31 /   31 conformations passed the filter
     754:  113 /  113 conformations passed the filter
     387:  365 /  365 conformations passed the filter
       9:   29 /   29 conformations passed the filter
     708:  169 /  169 conformations passed the filter
     796:  495 /  501 conformations passed the filter (6 excluded)
     220:   96 /   96 conformations passed the filter
     704:   41 /   41 conformations passed the filter
     337:  249 /  249 conformations passed the filter
     408:  265 /  265 conformations passed the filter
      28:   14 /   14 conformations passed the filter
     262:  100 /  100 conformations passed the filter
     333:  379 /  379 conformations passed the filter
     746:  274 /  274 conformations passed the filter
     379:   10 /   10 conformations passed the filter
     817:   31 /   31 conformations passed the filter
      76:   27 /   27 conformations passed the filter
     671:   60 /   61 conformations passed the filter (1 excluded)
     742:  347 /  347 conformations passed the filter
     375:  284 /  284 conformations passed the filter
    1023:   58 /   58 conformations passed the filter
     788:   20 /   20 conformations passed the filter
     859:   92 /   92 conformations passed the filter
     784:   29 /   29 conformations passed the filter
     488:  410 /  410 conformations passed the filter
      71:  189 /  189 conformations passed the filter
     325:   69 /   69 conformations passed the filter
     809:  233 /  233 conformations passed the filter
     897:  213 /  213 conformations passed the filter
     250:   99 /   99 conformations passed the filter
     321: 2843 / 2843 conformations passed the filter
     734:   58 /   58 conformations passed the filter
     805:   19 /   19 conformations passed the filter
     438:  353 /  353 conformations passed the filter
     730:   65 /   65 conformations passed the filter
     363:  179 /  179 conformations passed the filter
    1038:  294 /  294 conformations passed the filter
     434:  338 /  338 conformations passed the filter
     847:   81 /   81 conformations passed the filter
      79:  347 /  347 conformations passed the filter
     772:  340 /  340 conformations passed the filter
     843:  251 /  251 conformations passed the filter
     476: 3111 / 3111 conformations passed the filter
    1045:  122 /  122 conformations passed the filter
     889:  802 /  802 conformations passed the filter
     313:  104 /  104 conformations passed the filter
     885:  429 /  429 conformations passed the filter
     722:   66 /   66 conformations passed the filter
     426:  215 /  215 conformations passed the filter
      44:  180 /  180 conformations passed the filter
     351:    1 /  494 conformations passed the filter. Number of valid conformations did not pass the threshold. (excluded all)
     422:  131 /  131 conformations passed the filter
     835:    6 /    6 conformations passed the filter
     468:  412 /  412 conformations passed the filter
     906:  315 /  315 conformations passed the filter
     539:   41 /   41 conformations passed the filter
     760:  720 /  720 conformations passed the filter
     393:  250 /  250 conformations passed the filter
     831:  374 /  374 conformations passed the filter
     464:  317 /  317 conformations passed the filter
     168:  319 /  319 conformations passed the filter
     877:   19 /   19 conformations passed the filter
     948:   22 /   22 conformations passed the filter
     873:  232 /  232 conformations passed the filter
     577:  158 /  158 conformations passed the filter
     414:  185 /  185 conformations passed the filter
     118:  267 /  267 conformations passed the filter
     986:  109 /  109 conformations passed the filter
     410:  260 /  260 conformations passed the filter
    1031:   94 /   94 conformations passed the filter
     823:  171 /  171 conformations passed the filter
     456:  373 /  373 conformations passed the filter
     527:   90 /   90 conformations passed the filter
      47:  670 /  670 conformations passed the filter
     452:   51 /   51 conformations passed the filter
     156:   53 /   53 conformations passed the filter
     865:  157 /  157 conformations passed the filter
     936:   99 /   99 conformations passed the filter
     569:  225 /  225 conformations passed the filter
      95:  220 /  220 conformations passed the filter
     861:  464 /  464 conformations passed the filter
     494:   58 /   58 conformations passed the filter
     565:  142 /  142 conformations passed the filter
     198:  453 /  453 conformations passed the filter
      42:  210 /  210 conformations passed the filter
     978:  139 /  139 conformations passed the filter
     402:  379 /  379 conformations passed the filter
     490:  222 /  222 conformations passed the filter
     106:  362 /  362 conformations passed the filter
     974:  153 /  153 conformations passed the filter
      12:  220 /  220 conformations passed the filter
    1046:  150 /  150 conformations passed the filter
      90:  189 /  189 conformations passed the filter
     102:    2 /  545 conformations passed the filter. Number of valid conformations did not pass the threshold. (excluded all)
     811:  341 /  341 conformations passed the filter
     515:  268 /  268 conformations passed the filter
     148:   53 /   53 conformations passed the filter
     219:  117 /  117 conformations passed the filter
     440:  491 /  491 conformations passed the filter
     511:  895 /  895 conformations passed the filter
     144:  450 /  450 conformations passed the filter
     924:  347 /  347 conformations passed the filter
     557:  374 /  374 conformations passed the filter
     628:  109 /  109 conformations passed the filter
     482:  315 /  315 conformations passed the filter
     920:  407 /  440 conformations passed the filter (33 excluded)
     553:   77 /   77 conformations passed the filter
     186:   38 /   38 conformations passed the filter
     257:  280 /  280 conformations passed the filter
     966:  144 /  144 conformations passed the filter
      98:  244 /  244 conformations passed the filter
     182:  212 /  212 conformations passed the filter
     891:   70 /   70 conformations passed the filter
     962:   60 /   60 conformations passed the filter
     595:  216 /  216 conformations passed the filter
     299:  318 /  318 conformations passed the filter
     503:   41 /   41 conformations passed the filter
     136:  146 /  146 conformations passed the filter
     591:  401 /  401 conformations passed the filter
     207:  206 /  206 conformations passed the filter
      15:   31 /   31 conformations passed the filter
      93:  202 /  202 conformations passed the filter
     132:   31 /   31 conformations passed the filter
     912:  482 /  482 conformations passed the filter
     545:   34 /   34 conformations passed the filter
     616:   30 /   30 conformations passed the filter
     249:  158 /  158 conformations passed the filter
     541:   44 /   44 conformations passed the filter
     174:  165 /  165 conformations passed the filter
     245:   29 /   29 conformations passed the filter
     954:  247 /  247 conformations passed the filter
    1032:   71 /   71 conformations passed the filter
      10:   22 /   22 conformations passed the filter
     658: 1102 / 1102 conformations passed the filter
     729:   64 /   64 conformations passed the filter
     170:  137 /  137 conformations passed the filter
     950:  346 /  346 conformations passed the filter
     583:   85 /   85 conformations passed the filter
     654:  625 /  625 conformations passed the filter
     287:  205 /  205 conformations passed the filter
       8:   10 /   10 conformations passed the filter
     992:  248 /  248 conformations passed the filter
     608:  288 /  288 conformations passed the filter
     696:   81 /   81 conformations passed the filter
     120:  261 /  261 conformations passed the filter
     900:  128 /  128 conformations passed the filter
     604:  358 /  358 conformations passed the filter
     237:   21 /   21 conformations passed the filter
     308:  103 /  103 conformations passed the filter
      18:   24 /   24 conformations passed the filter
     162:  404 /  404 conformations passed the filter
    1047:   70 /   70 conformations passed the filter
     233:  217 /  217 conformations passed the filter
     646:   67 /   67 conformations passed the filter
     279:  180 /  180 conformations passed the filter
     717:  132 /  132 conformations passed the filter
    1007:    1 /  475 conformations passed the filter. Number of valid conformations did not pass the threshold. (excluded all)
      66:  183 /  183 conformations passed the filter
     571:  266 /  266 conformations passed the filter
     642:  568 /  568 conformations passed the filter
     275:  131 /  131 conformations passed the filter
     688:   57 /   57 conformations passed the filter
     759:  372 /  372 conformations passed the filter
     271:   15 /   15 conformations passed the filter
     980:  119 /  119 conformations passed the filter
     684:   22 /   22 conformations passed the filter
     388:  206 /  206 conformations passed the filter
      61:  315 /  315 conformations passed the filter
     225:  317 /  317 conformations passed the filter
     680:  511 /  511 conformations passed the filter
     709:   17 /   17 conformations passed the filter
     797:  598 /  598 conformations passed the filter
     221:   28 /   28 conformations passed the filter
     634:   18 /   18 conformations passed the filter
------------------
>total molecules: 1047
>total conformations: 255796
>total valid molecules: 1024
>total valid conformations: 245017