>spice-dipeptide: 677 molecules found
     338:   50 conformations found
     630:   50 conformations found
     263:   50 conformations found
     334:   50 conformations found
      69:   50 conformations found
     672:   50 conformations found
     376:   50 conformations found
     326:   50 conformations found
      34:   50 conformations found
     251:   50 conformations found
     322:   50 conformations found
     368:   50 conformations found
     439:   50 conformations found
     660:   50 conformations found
     364:   50 conformations found
     360:   50 conformations found
     477:   50 conformations found
     314:   50 conformations found
     310:   50 conformations found
     427:   50 conformations found
      37:   50 conformations found
     352:   50 conformations found
     423:   50 conformations found
     469:   50 conformations found
      85:   50 conformations found
     394:   50 conformations found
     465:   50 conformations found
     390:   50 conformations found
      80:   50 conformations found
     415:   50 conformations found
     119:   50 conformations found
     340:   50 conformations found
     411:   50 conformations found
     457:   50 conformations found
     528:   50 conformations found
     382:   50 conformations found
     453:   50 conformations found
     157:   50 conformations found
      88:   50 conformations found
     495:   50 conformations found
     566:   50 conformations found
     199:   50 conformations found
     403:   50 conformations found
     491:   50 conformations found
     107:   50 conformations found
      83:   50 conformations found
     103:   50 conformations found
     516:   50 conformations found
     149:   50 conformations found
      53:   50 conformations found
     441:   50 conformations found
     145:   50 conformations found
     558:   50 conformations found
     629:   50 conformations found
     483:   50 conformations found
     554:   50 conformations found
     187:   50 conformations found
       7:   50 conformations found
     596:   50 conformations found
     504:   50 conformations found
     137:   50 conformations found
     208:   50 conformations found
     500:   50 conformations found
     133:   50 conformations found
     546:   50 conformations found
     617:   50 conformations found
      56:   50 conformations found
     471:   50 conformations found
     542:   50 conformations found
     175:   50 conformations found
     246:   50 conformations found
     659:   50 conformations found
     171:   50 conformations found
     584:   50 conformations found
     288:   50 conformations found
      51:   50 conformations found
     125:   50 conformations found
     580:   50 conformations found
     609:   50 conformations found
      21:   50 conformations found
     121:   50 conformations found
     534:   50 conformations found
     605:   50 conformations found
     238:   50 conformations found
     309:   50 conformations found
     530:   50 conformations found
     163:   50 conformations found
     234:   50 conformations found
     647:   50 conformations found
      59:   50 conformations found
     572:   50 conformations found
     643:   50 conformations found
     276:   50 conformations found
     389:   50 conformations found
     226:   50 conformations found
      24:   50 conformations found
     151:   50 conformations found
     222:   50 conformations found
     635:   50 conformations found
     268:   50 conformations found
     339:   50 conformations found
     560:   50 conformations found
     631:   50 conformations found
     264:   50 conformations found
     260:   50 conformations found
     673:   50 conformations found
     377:   50 conformations found
     214:   50 conformations found
     210:   50 conformations found
     623:   50 conformations found
     327:   50 conformations found
      27:   50 conformations found
     252:   50 conformations found
     323:   50 conformations found
     369:   50 conformations found
      75:   50 conformations found
     661:   50 conformations found
     294:   50 conformations found
     365:   50 conformations found
     290:   50 conformations found
      70:   50 conformations found
     315:   50 conformations found
     240:   50 conformations found
     311:   50 conformations found
     357:   50 conformations found
     428:   50 conformations found
     353:   50 conformations found
      78:   50 conformations found
     395:   50 conformations found
     466:   50 conformations found
     303:   50 conformations found
     391:   50 conformations found
      73:   50 conformations found
     416:   50 conformations found
      43:   50 conformations found
     341:   50 conformations found
     412:   50 conformations found
     458:   50 conformations found
     529:   50 conformations found
     383:   50 conformations found
     454:   50 conformations found
       6:   50 conformations found
     496:   50 conformations found
       3:   50 conformations found
     404:   50 conformations found
     492:   50 conformations found
     108:   50 conformations found
     400:   50 conformations found
     446:   50 conformations found
     517:   50 conformations found
      46:   50 conformations found
     371:   50 conformations found
     442:   50 conformations found
     146:   50 conformations found
     559:   50 conformations found
     484:   50 conformations found
     555:   50 conformations found
     188:   50 conformations found
      41:   50 conformations found
     480:   50 conformations found
     509:   50 conformations found
     597:   50 conformations found
      11:   50 conformations found
     505:   50 conformations found
     138:   50 conformations found
     209:   50 conformations found
     430:   50 conformations found
     501:   50 conformations found
     134:   50 conformations found
     547:   50 conformations found
     618:   50 conformations found
      49:   50 conformations found
     472:   50 conformations found
     543:   50 conformations found
     176:   50 conformations found
     589:   50 conformations found
      19:   50 conformations found
      97:   50 conformations found
     585:   50 conformations found
     289:   50 conformations found
     126:   50 conformations found
      14:   50 conformations found
      92:   50 conformations found
     122:   50 conformations found
     535:   50 conformations found
     606:   50 conformations found
     239:   50 conformations found
     460:   50 conformations found
     531:   50 conformations found
     164:   50 conformations found
     235:   50 conformations found
     648:   50 conformations found
     160:   50 conformations found
     573:   50 conformations found
     644:   50 conformations found
     277:   50 conformations found
     114:   50 conformations found
     110:   50 conformations found
     523:   50 conformations found
     227:   50 conformations found
      17:   50 conformations found
     152:   50 conformations found
     223:   50 conformations found
     636:   50 conformations found
     269:   50 conformations found
      65:   50 conformations found
     561:   50 conformations found
     194:   50 conformations found
     632:   50 conformations found
     265:   50 conformations found
     190:   50 conformations found
     674:   50 conformations found
     378:   50 conformations found
      60:   50 conformations found
     215:   50 conformations found
     140:   50 conformations found
     211:   50 conformations found
     624:   50 conformations found
     328:   50 conformations found
     620:   50 conformations found
     253:   50 conformations found
     666:   50 conformations found
      68:   50 conformations found
     662:   50 conformations found
     295:   50 conformations found
     366:   50 conformations found
     203:   50 conformations found
     291:   50 conformations found
      63:   50 conformations found
     612:   50 conformations found
     316:   50 conformations found
      33:   50 conformations found
     241:   50 conformations found
     312:   50 conformations found
     358:   50 conformations found
     429:   50 conformations found
     650:   50 conformations found
     283:   50 conformations found
     354:   50 conformations found
       5:   50 conformations found
     396:   50 conformations found
       2:   50 conformations found
     304:   50 conformations found
     392:   50 conformations found
     300:   50 conformations found
     346:   50 conformations found
     417:   50 conformations found
      36:   50 conformations found
     342:   50 conformations found
     459:   50 conformations found
     384:   50 conformations found
     455:   50 conformations found
      31:   50 conformations found
     380:   50 conformations found
     409:   50 conformations found
     497:   50 conformations found
     405:   50 conformations found
     109:   50 conformations found
     330:   50 conformations found
     401:   50 conformations found
     447:   50 conformations found
     518:   50 conformations found
      39:   50 conformations found
     372:   50 conformations found
     443:   50 conformations found
     489:   50 conformations found
      87:   50 conformations found
     485:   50 conformations found
     189:   50 conformations found
     481:   50 conformations found
     598:   50 conformations found
      82:   50 conformations found
     435:   50 conformations found
     506:   50 conformations found
     139:   50 conformations found
     431:   50 conformations found
     135:   50 conformations found
     548:   50 conformations found
     473:   50 conformations found
     544:   50 conformations found
     177:   50 conformations found
     586:   50 conformations found
     127:   50 conformations found
     123:   50 conformations found
     536:   50 conformations found
     169:   49 conformations found
     607:   50 conformations found
      55:   50 conformations found
     461:   50 conformations found
     532:   50 conformations found
     165:   50 conformations found
     578:   50 conformations found
     649:   50 conformations found
     161:   50 conformations found
     574:   50 conformations found
     278:   50 conformations found
      50:   50 conformations found
     115:   50 conformations found
     111:   50 conformations found
     524:   50 conformations found
     228:   50 conformations found
     520:   50 conformations found
     153:   50 conformations found
     224:   50 conformations found
     637:   50 conformations found
      58:   50 conformations found
     562:   50 conformations found
     195:   50 conformations found
     633:   50 conformations found
     266:   50 conformations found
     191:   50 conformations found
     675:   50 conformations found
     512:   50 conformations found
     216:   50 conformations found
      23:   50 conformations found
     141:   50 conformations found
     212:   50 conformations found
     625:   50 conformations found
     258:   50 conformations found
     329:   50 conformations found
     550:   50 conformations found
     183:   50 conformations found
     621:   50 conformations found
     254:   50 conformations found
       4:   50 conformations found
     667:   50 conformations found
     592:   50 conformations found
     663:   50 conformations found
     296:   50 conformations found
       1:   50 conformations found
     367:   50 conformations found
     204:   50 conformations found
     292:   50 conformations found
     200:   50 conformations found
     613:   50 conformations found
     317:   50 conformations found
      26:   50 conformations found
     242:   50 conformations found
     655:   50 conformations found
     359:   50 conformations found
      74:   50 conformations found
     651:   50 conformations found
     284:   50 conformations found
     355:   50 conformations found
     280:   50 conformations found
     397:   50 conformations found
     601:   50 conformations found
     305:   50 conformations found
     230:   50 conformations found
     301:   50 conformations found
     347:   50 conformations found
     418:   50 conformations found
      29:   50 conformations found
     272:   50 conformations found
     343:   50 conformations found
      77:   50 conformations found
     385:   50 conformations found
     381:   50 conformations found
     498:   50 conformations found
      72:   50 conformations found
     335:   50 conformations found
     406:   50 conformations found
     331:   50 conformations found
     448:   50 conformations found
     519:   50 conformations found
     373:   50 conformations found
     444:   50 conformations found
     486:   50 conformations found
     599:   50 conformations found
     436:   50 conformations found
     507:   50 conformations found
      45:   50 conformations found
     361:   50 conformations found
     432:   50 conformations found
     478:   50 conformations found
     549:   50 conformations found
     474:   50 conformations found
     178:   50 conformations found
      40:   50 conformations found
     470:   50 conformations found
     587:   50 conformations found
     424:   50 conformations found
     128:   50 conformations found
     420:   50 conformations found
     124:   50 conformations found
     537:   50 conformations found
      48:   50 conformations found
     462:   50 conformations found
     533:   50 conformations found
     166:   50 conformations found
     579:   50 conformations found
      96:   50 conformations found
     575:   50 conformations found
     116:   50 conformations found
      13:   50 conformations found
      91:   50 conformations found
     112:   50 conformations found
     525:   50 conformations found
     158:   50 conformations found
     229:   50 conformations found
     450:   50 conformations found
     521:   50 conformations found
     154:   50 conformations found
     567:   50 conformations found
     638:   50 conformations found
     150:   50 conformations found
     563:   50 conformations found
     196:   50 conformations found
       0:   50 conformations found
     267:   50 conformations found
     104:   50 conformations found
      99:   50 conformations found
     192:   50 conformations found
     676:   50 conformations found
     100:   50 conformations found
     513:   50 conformations found
     217:   50 conformations found
      16:   50 conformations found
      94:   50 conformations found
     142:   50 conformations found
     213:   50 conformations found
     626:   50 conformations found
     259:   50 conformations found
      64:   50 conformations found
     551:   50 conformations found
     184:   50 conformations found
     622:   50 conformations found
     255:   50 conformations found
     668:   50 conformations found
     180:   50 conformations found
     593:   50 conformations found
     664:   50 conformations found
     297:   50 conformations found
     205:   50 conformations found
     293:   50 conformations found
     130:   50 conformations found
     201:   50 conformations found
     614:   50 conformations found
     247:   50 conformations found
     318:   50 conformations found
     172:   50 conformations found
     610:   50 conformations found
     243:   50 conformations found
     656:   50 conformations found
      67:   50 conformations found
     581:   50 conformations found
     652:   50 conformations found
     285:   50 conformations found
     356:   50 conformations found
     281:   50 conformations found
     398:   50 conformations found
      62:   50 conformations found
     602:   50 conformations found
     306:   50 conformations found
      32:   50 conformations found
     231:   50 conformations found
     302:   50 conformations found
     348:   50 conformations found
     419:   50 conformations found
     640:   50 conformations found
     273:   50 conformations found
     344:   50 conformations found
     386:   50 conformations found
     499:   50 conformations found
     336:   50 conformations found
     407:   50 conformations found
      35:   50 conformations found
     261:   50 conformations found
     332:   50 conformations found
     449:   50 conformations found
     670:   50 conformations found
     374:   50 conformations found
     445:   50 conformations found
      30:   50 conformations found
     370:   50 conformations found
     487:   50 conformations found
     324:   50 conformations found
     320:   50 conformations found
     437:   50 conformations found
     508:   50 conformations found
      38:   50 conformations found
     362:   50 conformations found
     433:   50 conformations found
     479:   50 conformations found
      86:   50 conformations found
     475:   50 conformations found
     179:   50 conformations found
     588:   50 conformations found
      81:   50 conformations found
     425:   50 conformations found
     129:   50 conformations found
     350:   50 conformations found
     421:   50 conformations found
     467:   50 conformations found
     538:   50 conformations found
     463:   50 conformations found
     167:   50 conformations found
      89:   50 conformations found
     576:   50 conformations found
     413:   50 conformations found
     117:   50 conformations found
      84:   50 conformations found
     113:   50 conformations found
     526:   50 conformations found
     159:   50 conformations found
      54:   50 conformations found
     451:   50 conformations found
     522:   50 conformations found
     155:   50 conformations found
     568:   50 conformations found
     639:   50 conformations found
     493:   50 conformations found
     564:   50 conformations found
     197:   50 conformations found
     105:   50 conformations found
     193:   50 conformations found
     101:   50 conformations found
     514:   50 conformations found
     147:   50 conformations found
     218:   50 conformations found
     510:   50 conformations found
     143:   50 conformations found
     556:   50 conformations found
     627:   50 conformations found
      57:   50 conformations found
     552:   50 conformations found
     185:   50 conformations found
     256:   50 conformations found
     669:   50 conformations found
     181:   50 conformations found
     594:   50 conformations found
     665:   50 conformations found
     298:   50 conformations found
      52:   50 conformations found
     502:   50 conformations found
     590:   50 conformations found
     206:   50 conformations found
     619:   50 conformations found
      22:   50 conformations found
     131:   50 conformations found
     202:   50 conformations found
     615:   50 conformations found
     248:   50 conformations found
     319:   50 conformations found
     540:   50 conformations found
     173:   50 conformations found
     611:   50 conformations found
     244:   50 conformations found
     657:   50 conformations found
     582:   50 conformations found
     653:   50 conformations found
     286:   50 conformations found
     282:   50 conformations found
     399:   50 conformations found
     603:   50 conformations found
     236:   50 conformations found
     307:   50 conformations found
      25:   50 conformations found
     232:   50 conformations found
     645:   50 conformations found
     349:   50 conformations found
     570:   50 conformations found
     641:   50 conformations found
     274:   50 conformations found
     345:   50 conformations found
      20:   50 conformations found
     270:   50 conformations found
     387:   50 conformations found
       9:   50 conformations found
     220:   50 conformations found
     337:   50 conformations found
     408:   50 conformations found
      28:   50 conformations found
     262:   50 conformations found
     333:   50 conformations found
     379:   50 conformations found
      76:   50 conformations found
     671:   50 conformations found
     375:   50 conformations found
     488:   50 conformations found
      71:   50 conformations found
     325:   50 conformations found
     250:   50 conformations found
     321:   50 conformations found
     438:   50 conformations found
     363:   50 conformations found
     434:   50 conformations found
      79:   50 conformations found
     476:   50 conformations found
     313:   50 conformations found
     426:   50 conformations found
      44:   50 conformations found
     351:   50 conformations found
     422:   50 conformations found
     468:   50 conformations found
     539:   50 conformations found
     393:   50 conformations found
     464:   50 conformations found
     168:   50 conformations found
     577:   50 conformations found
     414:   50 conformations found
     118:   50 conformations found
     410:   50 conformations found
     456:   50 conformations found
     527:   50 conformations found
      47:   50 conformations found
     452:   50 conformations found
     156:   50 conformations found
     569:   50 conformations found
      95:   50 conformations found
     494:   50 conformations found
     565:   50 conformations found
     198:   50 conformations found
      42:   50 conformations found
     402:   50 conformations found
     490:   50 conformations found
     106:   50 conformations found
      12:   50 conformations found
      90:   50 conformations found
     102:   50 conformations found
     515:   50 conformations found
     148:   50 conformations found
     219:   50 conformations found
     440:   50 conformations found
     511:   50 conformations found
     144:   50 conformations found
     557:   50 conformations found
     628:   50 conformations found
     482:   50 conformations found
     553:   50 conformations found
     186:   50 conformations found
     257:   50 conformations found
      98:   50 conformations found
     182:   50 conformations found
     595:   50 conformations found
     299:   50 conformations found
     503:   50 conformations found
     136:   50 conformations found
     591:   50 conformations found
     207:   50 conformations found
      15:   50 conformations found
      93:   50 conformations found
     132:   50 conformations found
     545:   50 conformations found
     616:   50 conformations found
     249:   50 conformations found
     541:   50 conformations found
     174:   50 conformations found
     245:   50 conformations found
      10:   50 conformations found
     658:   50 conformations found
     170:   50 conformations found
     583:   50 conformations found
     654:   50 conformations found
     287:   50 conformations found
       8:   50 conformations found
     608:   50 conformations found
     120:   50 conformations found
     604:   50 conformations found
     237:   50 conformations found
     308:   50 conformations found
      18:   50 conformations found
     162:   50 conformations found
     600:   50 conformations found
     233:   50 conformations found
     646:   50 conformations found
     279:   50 conformations found
      66:   50 conformations found
     571:   50 conformations found
     642:   50 conformations found
     275:   50 conformations found
     271:   50 conformations found
     388:   50 conformations found
      61:   50 conformations found
     225:   50 conformations found
     221:   50 conformations found
     634:   50 conformations found
------------------
>total molecules: 677
>total conformations: 33849
