>protein-torsion: 106 molecules found
      69:  576 conformations found
      34:   24 conformations found
      37:  576 conformations found
      85:  576 conformations found
      80:  576 conformations found
      88:  576 conformations found
      83:  576 conformations found
     103:   24 conformations found
      53:   24 conformations found
       7:  576 conformations found
      56:  576 conformations found
      51:  576 conformations found
      21:  600 conformations found
      59:  576 conformations found
      24:  600 conformations found
      27:   24 conformations found
      75:  576 conformations found
      70:  576 conformations found
      78:  576 conformations found
      73:  576 conformations found
      43:  576 conformations found
       6:  576 conformations found
       3:  576 conformations found
      46:  576 conformations found
      41:  576 conformations found
      11:  576 conformations found
      49:   24 conformations found
      19:  600 conformations found
      97:  576 conformations found
      14:  600 conformations found
      92:   24 conformations found
      17:   24 conformations found
      65:  576 conformations found
      60:  576 conformations found
      68:  576 conformations found
      63:  576 conformations found
      33:   24 conformations found
       5:  576 conformations found
       2:  576 conformations found
      36:   24 conformations found
      31:   24 conformations found
      39:  576 conformations found
      87:  576 conformations found
      82:  576 conformations found
      55:  576 conformations found
      50:   24 conformations found
      58:  576 conformations found
      23:   24 conformations found
       4:  576 conformations found
       1:  576 conformations found
      26:  600 conformations found
      74:  576 conformations found
      29:  600 conformations found
      77:  576 conformations found
      72:  576 conformations found
      45:  576 conformations found
      40:  576 conformations found
      48:  576 conformations found
      96:  576 conformations found
      13:  600 conformations found
      91:   24 conformations found
       0:  576 conformations found
     104:   24 conformations found
      99:  576 conformations found
     100:  576 conformations found
      16:   24 conformations found
      94:   24 conformations found
      64:  576 conformations found
      67:  576 conformations found
      62:  576 conformations found
      32:  600 conformations found
      35:   24 conformations found
      30:   24 conformations found
      38:  576 conformations found
      86:  576 conformations found
      81:  576 conformations found
      89:  576 conformations found
      84:  576 conformations found
      54:  576 conformations found
     105:  576 conformations found
     101:  576 conformations found
      57:  576 conformations found
      52:   24 conformations found
      22:  600 conformations found
      25:   24 conformations found
      20:   24 conformations found
       9:  576 conformations found
      28:   24 conformations found
      76:  576 conformations found
      71:  576 conformations found
      79:  576 conformations found
      44:  576 conformations found
      47:  576 conformations found
      95:   24 conformations found
      42:  576 conformations found
      12:  576 conformations found
      90:  408 conformations found
     102:  576 conformations found
      98:  576 conformations found
      15:  600 conformations found
      93:  576 conformations found
      10:  576 conformations found
       8:  576 conformations found
      18:  600 conformations found
      66:  576 conformations found
      61: 1133 conformations found
------------------
>total molecules: 106
>total conformations: 49013
