>pepconf-dlc: 689 molecules found
     338:    0 /  932 conformations passed the filter. Number of valid conformations did not pass the threshold. (excluded all)
     630:  439 /  455 conformations passed the filter (16 excluded)
     263:    2 /   70 conformations passed the filter. Number of valid conformations did not pass the threshold. (excluded all)
     334:  651 /  665 conformations passed the filter (14 excluded)
      69:   98 /  112 conformations passed the filter (14 excluded)
     672:  204 /  212 conformations passed the filter (8 excluded)
     376:  224 /  243 conformations passed the filter (19 excluded)
     326:   43 /   43 conformations passed the filter
      34:  351 /  360 conformations passed the filter (9 excluded)
     251:  644 /  673 conformations passed the filter (29 excluded)
     322:  254 /  281 conformations passed the filter (27 excluded)
     368:  879 /  905 conformations passed the filter (26 excluded)
     439:  622 /  640 conformations passed the filter (18 excluded)
     660:  716 /  739 conformations passed the filter (23 excluded)
     364:    0 /  824 conformations passed the filter. Number of valid conformations did not pass the threshold. (excluded all)
     360:  810 /  838 conformations passed the filter (28 excluded)
     477:    0 /  730 conformations passed the filter. Number of valid conformations did not pass the threshold. (excluded all)
     314:    0 / 6397 conformations passed the filter. Number of valid conformations did not pass the threshold. (excluded all)
     310:   88 /   88 conformations passed the filter
     427:    0 / 5197 conformations passed the filter. Number of valid conformations did not pass the threshold. (excluded all)
      37:  317 /  326 conformations passed the filter (9 excluded)
     352:  759 /  785 conformations passed the filter (26 excluded)
     423:  112 /  120 conformations passed the filter (8 excluded)
     469:   46 /   47 conformations passed the filter (1 excluded)
      85:   35 /   35 conformations passed the filter
     394:  122 /  125 conformations passed the filter (3 excluded)
     465:   67 /   68 conformations passed the filter (1 excluded)
     390:  419 /  432 conformations passed the filter (13 excluded)
      80:   99 /   99 conformations passed the filter
     415:  382 /  401 conformations passed the filter (19 excluded)
     119:  134 /  139 conformations passed the filter (5 excluded)
     340:  916 /  966 conformations passed the filter (50 excluded)
     411:    1 /  361 conformations passed the filter. Number of valid conformations did not pass the threshold. (excluded all)
     457:  315 /  318 conformations passed the filter (3 excluded)
     528:  137 /  142 conformations passed the filter (5 excluded)
     382:   59 /   59 conformations passed the filter
     453:    0 / 4913 conformations passed the filter. Number of valid conformations did not pass the threshold. (excluded all)
     157:  219 /  224 conformations passed the filter (5 excluded)
      88:   48 /   48 conformations passed the filter
     495:   74 /   80 conformations passed the filter (6 excluded)
     566:  182 /  187 conformations passed the filter (5 excluded)
     199:  180 /  186 conformations passed the filter (6 excluded)
     403:  368 /  386 conformations passed the filter (18 excluded)
     491:  408 /  445 conformations passed the filter (37 excluded)
     107:  100 /  103 conformations passed the filter (3 excluded)
      83:  208 /  213 conformations passed the filter (5 excluded)
     103:  160 /  175 conformations passed the filter (15 excluded)
     516:  462 /  491 conformations passed the filter (29 excluded)
     149:  666 /  685 conformations passed the filter (19 excluded)
      53:   36 /   36 conformations passed the filter
     441:    0 /  675 conformations passed the filter. Number of valid conformations did not pass the threshold. (excluded all)
     145:  107 /  113 conformations passed the filter (6 excluded)
     558:  256 /  266 conformations passed the filter (10 excluded)
     629:  430 /  446 conformations passed the filter (16 excluded)
     483:   53 /   54 conformations passed the filter (1 excluded)
     554:  144 /  146 conformations passed the filter (2 excluded)
     187:  173 /  175 conformations passed the filter (2 excluded)
       7:   76 /   78 conformations passed the filter (2 excluded)
     596:  255 /  269 conformations passed the filter (14 excluded)
     504:  112 /  116 conformations passed the filter (4 excluded)
     137:  390 /  404 conformations passed the filter (14 excluded)
     208:  161 /  173 conformations passed the filter (12 excluded)
     500:   42 /   43 conformations passed the filter (1 excluded)
     133:    1 /   73 conformations passed the filter. Number of valid conformations did not pass the threshold. (excluded all)
     546:  136 /  138 conformations passed the filter (2 excluded)
     617:    1 /  157 conformations passed the filter. Number of valid conformations did not pass the threshold. (excluded all)
      56:   45 /   45 conformations passed the filter
     471:  328 /  409 conformations passed the filter (81 excluded)
     542:    2 / 6110 conformations passed the filter. Number of valid conformations did not pass the threshold. (excluded all)
     175:  573 /  596 conformations passed the filter (23 excluded)
     246:  412 /  431 conformations passed the filter (19 excluded)
     659:  387 /  421 conformations passed the filter (34 excluded)
     171:    0 /  724 conformations passed the filter. Number of valid conformations did not pass the threshold. (excluded all)
     584:  107 /  113 conformations passed the filter (6 excluded)
     288: 1004 / 1095 conformations passed the filter (91 excluded)
      51:   71 /   71 conformations passed the filter
     125:    0 / 4554 conformations passed the filter. Number of valid conformations did not pass the threshold. (excluded all)
     580:  226 /  239 conformations passed the filter (13 excluded)
     609:  370 /  383 conformations passed the filter (13 excluded)
      21:  427 /  442 conformations passed the filter (15 excluded)
     121:  147 /  162 conformations passed the filter (15 excluded)
     534:    0 / 5587 conformations passed the filter. Number of valid conformations did not pass the threshold. (excluded all)
     605:  252 /  264 conformations passed the filter (12 excluded)
     238:  200 /  214 conformations passed the filter (14 excluded)
     309:   66 /   67 conformations passed the filter (1 excluded)
     530:    1 /  936 conformations passed the filter. Number of valid conformations did not pass the threshold. (excluded all)
     163:  588 /  754 conformations passed the filter (166 excluded)
     234:   72 /   76 conformations passed the filter (4 excluded)
     647:  358 /  371 conformations passed the filter (13 excluded)
      59:   59 /   59 conformations passed the filter
     572:  261 /  268 conformations passed the filter (7 excluded)
     643:  105 /  107 conformations passed the filter (2 excluded)
     276:    0 / 6520 conformations passed the filter. Number of valid conformations did not pass the threshold. (excluded all)
     685:  114 /  118 conformations passed the filter (4 excluded)
     389:  638 /  653 conformations passed the filter (15 excluded)
     226:    0 / 3524 conformations passed the filter. Number of valid conformations did not pass the threshold. (excluded all)
      24:  144 /  148 conformations passed the filter (4 excluded)
     151:  152 /  159 conformations passed the filter (7 excluded)
     222:  149 /  151 conformations passed the filter (2 excluded)
     635:  144 /  149 conformations passed the filter (5 excluded)
     268:  118 /  125 conformations passed the filter (7 excluded)
     339:  598 /  620 conformations passed the filter (22 excluded)
     560:  318 /  338 conformations passed the filter (20 excluded)
     631:  645 /  791 conformations passed the filter (146 excluded)
     264:    1 /  433 conformations passed the filter. Number of valid conformations did not pass the threshold. (excluded all)
     677:  266 /  283 conformations passed the filter (17 excluded)
     260:   49 /   52 conformations passed the filter (3 excluded)
     673:  596 /  607 conformations passed the filter (11 excluded)
     377:  394 /  411 conformations passed the filter (17 excluded)
     214:  229 /  230 conformations passed the filter (1 excluded)
     210:  432 /  453 conformations passed the filter (21 excluded)
     623:  341 /  365 conformations passed the filter (24 excluded)
     327:  556 /  579 conformations passed the filter (23 excluded)
      27:   49 /   54 conformations passed the filter (5 excluded)
     252:  605 /  625 conformations passed the filter (20 excluded)
     323:   46 /   46 conformations passed the filter
     369:  219 /  225 conformations passed the filter (6 excluded)
      75:    0 / 4500 conformations passed the filter. Number of valid conformations did not pass the threshold. (excluded all)
     661:  165 /  174 conformations passed the filter (9 excluded)
     294:  332 /  351 conformations passed the filter (19 excluded)
     365:  682 /  712 conformations passed the filter (30 excluded)
     290:  136 /  142 conformations passed the filter (6 excluded)
      70:    1 / 2213 conformations passed the filter. Number of valid conformations did not pass the threshold. (excluded all)
     315:    1 / 2259 conformations passed the filter. Number of valid conformations did not pass the threshold. (excluded all)
     240:  241 /  253 conformations passed the filter (12 excluded)
     311:   61 /   61 conformations passed the filter
     357:  205 /  215 conformations passed the filter (10 excluded)
     428:    1 /  714 conformations passed the filter. Number of valid conformations did not pass the threshold. (excluded all)
     353:  922 /  968 conformations passed the filter (46 excluded)
      78:  111 /  114 conformations passed the filter (3 excluded)
     395:  325 /  334 conformations passed the filter (9 excluded)
     466:  120 /  121 conformations passed the filter (1 excluded)
     303:  282 /  296 conformations passed the filter (14 excluded)
     391:  295 /  304 conformations passed the filter (9 excluded)
      73:    2 / 4142 conformations passed the filter. Number of valid conformations did not pass the threshold. (excluded all)
     416:  282 /  305 conformations passed the filter (23 excluded)
      43:   89 /   89 conformations passed the filter
     341:  493 /  518 conformations passed the filter (25 excluded)
     412:  407 /  431 conformations passed the filter (24 excluded)
     458:  115 /  117 conformations passed the filter (2 excluded)
     529:  116 /  119 conformations passed the filter (3 excluded)
     383:    1 / 1271 conformations passed the filter. Number of valid conformations did not pass the threshold. (excluded all)
     454:  426 /  485 conformations passed the filter (59 excluded)
       6:   39 /   40 conformations passed the filter (1 excluded)
     496:   62 /   66 conformations passed the filter (4 excluded)
       3:  421 /  432 conformations passed the filter (11 excluded)
     404:  267 /  279 conformations passed the filter (12 excluded)
     492:  121 /  131 conformations passed the filter (10 excluded)
     108:  107 /  107 conformations passed the filter
     400:  569 /  587 conformations passed the filter (18 excluded)
     446:   60 /   60 conformations passed the filter
     517:    0 /  973 conformations passed the filter. Number of valid conformations did not pass the threshold. (excluded all)
      46:    1 /  426 conformations passed the filter. Number of valid conformations did not pass the threshold. (excluded all)
     371:  259 /  308 conformations passed the filter (49 excluded)
     442:  660 /  690 conformations passed the filter (30 excluded)
     146:  210 /  222 conformations passed the filter (12 excluded)
     559:  523 /  541 conformations passed the filter (18 excluded)
     484:   50 /   50 conformations passed the filter
     555:  225 /  232 conformations passed the filter (7 excluded)
     188:  193 /  202 conformations passed the filter (9 excluded)
      41:  230 /  235 conformations passed the filter (5 excluded)
     480:  112 /  118 conformations passed the filter (6 excluded)
     509:    4 /  860 conformations passed the filter. Number of valid conformations did not pass the threshold. (excluded all)
     597:  373 /  387 conformations passed the filter (14 excluded)
      11:  148 /  151 conformations passed the filter (3 excluded)
     505:  132 /  136 conformations passed the filter (4 excluded)
     138:  804 /  823 conformations passed the filter (19 excluded)
     209:  378 /  390 conformations passed the filter (12 excluded)
     430:  424 /  496 conformations passed the filter (72 excluded)
     501:  215 /  249 conformations passed the filter (34 excluded)
     134:  178 /  183 conformations passed the filter (5 excluded)
     547:   83 /   84 conformations passed the filter (1 excluded)
     618:  397 /  444 conformations passed the filter (47 excluded)
      49:  440 /  459 conformations passed the filter (19 excluded)
     472:    2 / 3944 conformations passed the filter. Number of valid conformations did not pass the threshold. (excluded all)
     543:    1 /  212 conformations passed the filter. Number of valid conformations did not pass the threshold. (excluded all)
     176:  751 /  770 conformations passed the filter (19 excluded)
     589:  303 /  462 conformations passed the filter (159 excluded)
      19:  282 /  297 conformations passed the filter (15 excluded)
      97:    0 / 3333 conformations passed the filter. Number of valid conformations did not pass the threshold. (excluded all)
     585:  136 /  139 conformations passed the filter (3 excluded)
     289:    1 /  410 conformations passed the filter. Number of valid conformations did not pass the threshold. (excluded all)
     126:    0 / 3580 conformations passed the filter. Number of valid conformations did not pass the threshold. (excluded all)
      14:  124 /  127 conformations passed the filter (3 excluded)
      92:    0 / 1566 conformations passed the filter. Number of valid conformations did not pass the threshold. (excluded all)
     122:   49 /   50 conformations passed the filter (1 excluded)
     535:  466 /  623 conformations passed the filter (157 excluded)
     606:  149 /  157 conformations passed the filter (8 excluded)
     239:  325 /  345 conformations passed the filter (20 excluded)
     460:  205 /  207 conformations passed the filter (2 excluded)
     531:   96 /   97 conformations passed the filter (1 excluded)
     164:  244 /  267 conformations passed the filter (23 excluded)
     235:  222 /  257 conformations passed the filter (35 excluded)
     648:    1 /  948 conformations passed the filter. Number of valid conformations did not pass the threshold. (excluded all)
     160:  262 /  269 conformations passed the filter (7 excluded)
     573:    0 /  348 conformations passed the filter. Number of valid conformations did not pass the threshold. (excluded all)
     644:  204 /  215 conformations passed the filter (11 excluded)
     277:    0 /  688 conformations passed the filter. Number of valid conformations did not pass the threshold. (excluded all)
     114:   51 /   52 conformations passed the filter (1 excluded)
     686:   70 /   75 conformations passed the filter (5 excluded)
     110:   54 /   54 conformations passed the filter
     523:  158 /  173 conformations passed the filter (15 excluded)
     227:  594 /  644 conformations passed the filter (50 excluded)
      17:  593 /  621 conformations passed the filter (28 excluded)
     152:  406 /  421 conformations passed the filter (15 excluded)
     223:  100 /  102 conformations passed the filter (2 excluded)
     636:  318 /  327 conformations passed the filter (9 excluded)
     269:  140 /  144 conformations passed the filter (4 excluded)
      65:  491 /  591 conformations passed the filter (100 excluded)
     561:  153 /  161 conformations passed the filter (8 excluded)
     194:  516 /  531 conformations passed the filter (15 excluded)
     632:  708 /  730 conformations passed the filter (22 excluded)
     265:  358 / 1079 conformations passed the filter (721 excluded)
     678:  108 /  111 conformations passed the filter (3 excluded)
     190:  380 /  393 conformations passed the filter (13 excluded)
     674:  177 /  186 conformations passed the filter (9 excluded)
     378:  392 /  406 conformations passed the filter (14 excluded)
      60:  431 /  475 conformations passed the filter (44 excluded)
     215:   57 /   59 conformations passed the filter (2 excluded)
     140:    1 /  417 conformations passed the filter. Number of valid conformations did not pass the threshold. (excluded all)
     211:  350 /  360 conformations passed the filter (10 excluded)
     624:  425 /  441 conformations passed the filter (16 excluded)
     328:  772 /  814 conformations passed the filter (42 excluded)
     620:  456 /  554 conformations passed the filter (98 excluded)
     253:  629 /  663 conformations passed the filter (34 excluded)
     666:  374 /  383 conformations passed the filter (9 excluded)
      68:    0 / 2423 conformations passed the filter. Number of valid conformations did not pass the threshold. (excluded all)
     662:  327 /  343 conformations passed the filter (16 excluded)
     295:   66 /   67 conformations passed the filter (1 excluded)
     366: 1111 / 1154 conformations passed the filter (43 excluded)
     203:  131 /  263 conformations passed the filter (132 excluded)
     291:    1 /  121 conformations passed the filter. Number of valid conformations did not pass the threshold. (excluded all)
      63:   60 /   60 conformations passed the filter
     612:   67 /   68 conformations passed the filter (1 excluded)
     316:    0 / 2833 conformations passed the filter. Number of valid conformations did not pass the threshold. (excluded all)
      33:  603 /  624 conformations passed the filter (21 excluded)
     241:  245 /  253 conformations passed the filter (8 excluded)
     312:    1 / 3652 conformations passed the filter. Number of valid conformations did not pass the threshold. (excluded all)
     358:  462 /  478 conformations passed the filter (16 excluded)
     429:  126 /  130 conformations passed the filter (4 excluded)
     650:  263 /  278 conformations passed the filter (15 excluded)
     283:   42 /   43 conformations passed the filter (1 excluded)
     354:  104 / 1658 conformations passed the filter (1554 excluded)
       5:  335 /  344 conformations passed the filter (9 excluded)
     396:  516 /  527 conformations passed the filter (11 excluded)
       2:  179 /  192 conformations passed the filter (13 excluded)
     304:  214 /  220 conformations passed the filter (6 excluded)
     392:  232 /  242 conformations passed the filter (10 excluded)
     300:    0 / 7294 conformations passed the filter. Number of valid conformations did not pass the threshold. (excluded all)
     346:  574 /  604 conformations passed the filter (30 excluded)
     417:  463 /  482 conformations passed the filter (19 excluded)
      36:   98 /   99 conformations passed the filter (1 excluded)
     342:  793 /  825 conformations passed the filter (32 excluded)
     459:  153 /  155 conformations passed the filter (2 excluded)
     384:  174 /  600 conformations passed the filter (426 excluded)
     455: 3009 / 3201 conformations passed the filter (192 excluded)
      31:  725 /  735 conformations passed the filter (10 excluded)
     380:  215 /  216 conformations passed the filter (1 excluded)
     409:  441 /  464 conformations passed the filter (23 excluded)
     497:  160 /  179 conformations passed the filter (19 excluded)
     405:  456 /  464 conformations passed the filter (8 excluded)
     109:   41 /   41 conformations passed the filter
     330:  529 /  550 conformations passed the filter (21 excluded)
     401:  246 /  256 conformations passed the filter (10 excluded)
     447:   83 /   86 conformations passed the filter (3 excluded)
     518:  203 /  213 conformations passed the filter (10 excluded)
      39:  344 /  369 conformations passed the filter (25 excluded)
     372:  448 /  467 conformations passed the filter (19 excluded)
     443:  713 /  734 conformations passed the filter (21 excluded)
     489:   57 /   64 conformations passed the filter (7 excluded)
      87:  107 /  108 conformations passed the filter (1 excluded)
     485:   48 /   53 conformations passed the filter (5 excluded)
     189:  354 /  370 conformations passed the filter (16 excluded)
     481:  161 /  165 conformations passed the filter (4 excluded)
     598:  629 /  657 conformations passed the filter (28 excluded)
      82:   51 /   52 conformations passed the filter (1 excluded)
     435:  661 /  682 conformations passed the filter (21 excluded)
     506:    0 /  317 conformations passed the filter. Number of valid conformations did not pass the threshold. (excluded all)
     139:  353 /  369 conformations passed the filter (16 excluded)
     431:  495 /  536 conformations passed the filter (41 excluded)
     135:  233 /  247 conformations passed the filter (14 excluded)
     548:   92 /   94 conformations passed the filter (2 excluded)
     473:    0 / 3159 conformations passed the filter. Number of valid conformations did not pass the threshold. (excluded all)
     544:  209 /  211 conformations passed the filter (2 excluded)
     177:  359 /  369 conformations passed the filter (10 excluded)
     586:  140 /  144 conformations passed the filter (4 excluded)
     127:    0 / 4774 conformations passed the filter. Number of valid conformations did not pass the threshold. (excluded all)
     123:   62 /   64 conformations passed the filter (2 excluded)
     536:  299 /  322 conformations passed the filter (23 excluded)
     169:    1 / 2548 conformations passed the filter. Number of valid conformations did not pass the threshold. (excluded all)
     607:  274 /  286 conformations passed the filter (12 excluded)
      55:   56 /   56 conformations passed the filter
     461:   75 /   78 conformations passed the filter (3 excluded)
     532:   51 /   52 conformations passed the filter (1 excluded)
     165:  543 /  568 conformations passed the filter (25 excluded)
     578:  176 /  181 conformations passed the filter (5 excluded)
     649:  534 /  548 conformations passed the filter (14 excluded)
     161:  307 /  325 conformations passed the filter (18 excluded)
     574:  297 /  309 conformations passed the filter (12 excluded)
     278:    1 /  241 conformations passed the filter. Number of valid conformations did not pass the threshold. (excluded all)
      50:   87 /   89 conformations passed the filter (2 excluded)
     115:   47 /   49 conformations passed the filter (2 excluded)
     687:   33 /   34 conformations passed the filter (1 excluded)
     111:   60 /   61 conformations passed the filter (1 excluded)
     524:  790 /  870 conformations passed the filter (80 excluded)
     228:  217 /  246 conformations passed the filter (29 excluded)
     520:    0 / 5567 conformations passed the filter. Number of valid conformations did not pass the threshold. (excluded all)
     153:  312 /  322 conformations passed the filter (10 excluded)
     224:    1 /  872 conformations passed the filter. Number of valid conformations did not pass the threshold. (excluded all)
     637:  274 /  284 conformations passed the filter (10 excluded)
      58:    1 / 4325 conformations passed the filter. Number of valid conformations did not pass the threshold. (excluded all)
     562:  363 /  375 conformations passed the filter (12 excluded)
     195:  178 /  184 conformations passed the filter (6 excluded)
     633:  662 /  846 conformations passed the filter (184 excluded)
     266:  211 /  218 conformations passed the filter (7 excluded)
     679:   73 /   80 conformations passed the filter (7 excluded)
     191:    0 /  549 conformations passed the filter. Number of valid conformations did not pass the threshold. (excluded all)
     675:   98 /  102 conformations passed the filter (4 excluded)
     512:   70 /  232 conformations passed the filter (162 excluded)
     216:  155 /  159 conformations passed the filter (4 excluded)
      23:  218 /  226 conformations passed the filter (8 excluded)
     141:  422 /  444 conformations passed the filter (22 excluded)
     212:  297 /  314 conformations passed the filter (17 excluded)
     625:  535 /  557 conformations passed the filter (22 excluded)
     258:  755 /  782 conformations passed the filter (27 excluded)
     329:  869 /  911 conformations passed the filter (42 excluded)
     550:   45 /   46 conformations passed the filter (1 excluded)
     183:  392 /  416 conformations passed the filter (24 excluded)
     621:  582 /  627 conformations passed the filter (45 excluded)
     254:  394 /  415 conformations passed the filter (21 excluded)
       4:  420 /  429 conformations passed the filter (9 excluded)
     667:    0 / 4516 conformations passed the filter. Number of valid conformations did not pass the threshold. (excluded all)
     592:  298 /  307 conformations passed the filter (9 excluded)
     663:  275 /  297 conformations passed the filter (22 excluded)
     296:   60 /   61 conformations passed the filter (1 excluded)
       1:  146 /  148 conformations passed the filter (2 excluded)
     367:  851 /  878 conformations passed the filter (27 excluded)
     204:    0 / 2964 conformations passed the filter. Number of valid conformations did not pass the threshold. (excluded all)
     292:  150 /  161 conformations passed the filter (11 excluded)
     200:  182 /  189 conformations passed the filter (7 excluded)
     613:  139 /  140 conformations passed the filter (1 excluded)
     317:   17 / 1961 conformations passed the filter (1944 excluded)
      26:   85 /   87 conformations passed the filter (2 excluded)
     242:  336 /  355 conformations passed the filter (19 excluded)
     655:    1 / 1840 conformations passed the filter. Number of valid conformations did not pass the threshold. (excluded all)
     359:  693 /  726 conformations passed the filter (33 excluded)
      74:    1 / 3501 conformations passed the filter. Number of valid conformations did not pass the threshold. (excluded all)
     651:  513 /  543 conformations passed the filter (30 excluded)
     284:  188 /  198 conformations passed the filter (10 excluded)
     355:  706 /  730 conformations passed the filter (24 excluded)
     280:  235 /  245 conformations passed the filter (10 excluded)
     397:   62 /   64 conformations passed the filter (2 excluded)
     601:  215 /  228 conformations passed the filter (13 excluded)
     305:  238 /  250 conformations passed the filter (12 excluded)
     230:  309 /  314 conformations passed the filter (5 excluded)
     301:    0 / 7411 conformations passed the filter. Number of valid conformations did not pass the threshold. (excluded all)
     347:    0 /  940 conformations passed the filter. Number of valid conformations did not pass the threshold. (excluded all)
     418:    1 /  856 conformations passed the filter. Number of valid conformations did not pass the threshold. (excluded all)
      29:  295 /  308 conformations passed the filter (13 excluded)
     272:   47 /   50 conformations passed the filter (3 excluded)
     343:  609 /  630 conformations passed the filter (21 excluded)
      77:   85 /   86 conformations passed the filter (1 excluded)
     681:  180 /  206 conformations passed the filter (26 excluded)
     385:    0 / 2527 conformations passed the filter. Number of valid conformations did not pass the threshold. (excluded all)
     381:   43 /   43 conformations passed the filter
     498:  378 /  393 conformations passed the filter (15 excluded)
      72:    1 / 1206 conformations passed the filter. Number of valid conformations did not pass the threshold. (excluded all)
     335:  524 /  538 conformations passed the filter (14 excluded)
     406:  385 /  398 conformations passed the filter (13 excluded)
     331:  615 /  633 conformations passed the filter (18 excluded)
     448:  234 /  238 conformations passed the filter (4 excluded)
     519:    0 /  999 conformations passed the filter. Number of valid conformations did not pass the threshold. (excluded all)
     373:  308 /  321 conformations passed the filter (13 excluded)
     444:  671 /  695 conformations passed the filter (24 excluded)
     486:   55 /   58 conformations passed the filter (3 excluded)
     599:  437 /  461 conformations passed the filter (24 excluded)
     436:  452 /  465 conformations passed the filter (13 excluded)
     507:   91 /   98 conformations passed the filter (7 excluded)
      45:    1 /  230 conformations passed the filter. Number of valid conformations did not pass the threshold. (excluded all)
     361:  744 /  777 conformations passed the filter (33 excluded)
     432:  796 /  822 conformations passed the filter (26 excluded)
     478:  106 /  112 conformations passed the filter (6 excluded)
     549:   97 /  102 conformations passed the filter (5 excluded)
     474:    0 / 3266 conformations passed the filter. Number of valid conformations did not pass the threshold. (excluded all)
     178:    0 /  576 conformations passed the filter. Number of valid conformations did not pass the threshold. (excluded all)
      40:  350 /  362 conformations passed the filter (12 excluded)
     470:   66 /   67 conformations passed the filter (1 excluded)
     587:  206 /  219 conformations passed the filter (13 excluded)
     424:    0 / 5595 conformations passed the filter. Number of valid conformations did not pass the threshold. (excluded all)
     128:  143 /  147 conformations passed the filter (4 excluded)
     420:   69 /   69 conformations passed the filter
     124:    2 /  855 conformations passed the filter. Number of valid conformations did not pass the threshold. (excluded all)
     537:    0 / 5275 conformations passed the filter. Number of valid conformations did not pass the threshold. (excluded all)
      48:  423 /  434 conformations passed the filter (11 excluded)
     462:    5 /  605 conformations passed the filter (600 excluded)
     533:   47 /   50 conformations passed the filter (3 excluded)
     166:  206 /  209 conformations passed the filter (3 excluded)
     579:  188 /  200 conformations passed the filter (12 excluded)
      96:    1 / 2772 conformations passed the filter. Number of valid conformations did not pass the threshold. (excluded all)
     575:  310 /  327 conformations passed the filter (17 excluded)
     116:   48 /   49 conformations passed the filter (1 excluded)
      13:  191 /  192 conformations passed the filter (1 excluded)
      91:   43 /   43 conformations passed the filter
     112:  303 /  321 conformations passed the filter (18 excluded)
     525:  442 /  494 conformations passed the filter (52 excluded)
     158:  368 /  381 conformations passed the filter (13 excluded)
     229:  171 /  176 conformations passed the filter (5 excluded)
     450:   69 /   69 conformations passed the filter
     521:    0 / 7435 conformations passed the filter. Number of valid conformations did not pass the threshold. (excluded all)
     154:  284 /  292 conformations passed the filter (8 excluded)
     567:   75 /   75 conformations passed the filter
     638:  255 /  264 conformations passed the filter (9 excluded)
     150:   58 /   60 conformations passed the filter (2 excluded)
     563:  210 /  217 conformations passed the filter (7 excluded)
     196:  125 /  125 conformations passed the filter
       0:   87 /   89 conformations passed the filter (2 excluded)
     267:   77 /   81 conformations passed the filter (4 excluded)
     104:  813 /  887 conformations passed the filter (74 excluded)
      99:    0 / 5238 conformations passed the filter. Number of valid conformations did not pass the threshold. (excluded all)
     192:  546 /  564 conformations passed the filter (18 excluded)
     676:   76 /   81 conformations passed the filter (5 excluded)
     100:    2 /  222 conformations passed the filter. Number of valid conformations did not pass the threshold. (excluded all)
     513: 2934 / 3308 conformations passed the filter (374 excluded)
     217:   65 /   67 conformations passed the filter (2 excluded)
      16:  140 /  146 conformations passed the filter (6 excluded)
      94:    0 / 5678 conformations passed the filter. Number of valid conformations did not pass the threshold. (excluded all)
     142:   54 /   55 conformations passed the filter (1 excluded)
     213:   55 /   57 conformations passed the filter (2 excluded)
     626:  794 /  821 conformations passed the filter (27 excluded)
     259:  288 /  307 conformations passed the filter (19 excluded)
      64:   50 /   51 conformations passed the filter (1 excluded)
     551:   93 /  101 conformations passed the filter (8 excluded)
     184:  579 /  602 conformations passed the filter (23 excluded)
     622:  305 /  312 conformations passed the filter (7 excluded)
     255:  364 /  381 conformations passed the filter (17 excluded)
     668:  365 /  376 conformations passed the filter (11 excluded)
     180:  112 /  118 conformations passed the filter (6 excluded)
     593:  156 /  160 conformations passed the filter (4 excluded)
     664:  215 /  229 conformations passed the filter (14 excluded)
     297:    0 / 2050 conformations passed the filter. Number of valid conformations did not pass the threshold. (excluded all)
     205:    6 /  611 conformations passed the filter (605 excluded)
     293:  202 /  210 conformations passed the filter (8 excluded)
     130:  190 /  197 conformations passed the filter (7 excluded)
     201:   90 /   94 conformations passed the filter (4 excluded)
     614:   37 /   37 conformations passed the filter
     247:  192 /  195 conformations passed the filter (3 excluded)
     318:    2 / 2079 conformations passed the filter. Number of valid conformations did not pass the threshold. (excluded all)
     172:  380 /  395 conformations passed the filter (15 excluded)
     610:    0 /  485 conformations passed the filter. Number of valid conformations did not pass the threshold. (excluded all)
     243:  429 /  456 conformations passed the filter (27 excluded)
     656:   99 /   99 conformations passed the filter
      67:    0 / 1652 conformations passed the filter. Number of valid conformations did not pass the threshold. (excluded all)
     581:    5 /  534 conformations passed the filter (529 excluded)
     652:  419 /  431 conformations passed the filter (12 excluded)
     285:  145 /  156 conformations passed the filter (11 excluded)
     356: 1031 / 1064 conformations passed the filter (33 excluded)
     281:  116 /  120 conformations passed the filter (4 excluded)
     398:  795 /  882 conformations passed the filter (87 excluded)
      62:   50 /   50 conformations passed the filter
     602:  263 /  279 conformations passed the filter (16 excluded)
     306:  131 /  137 conformations passed the filter (6 excluded)
      32:  531 /  542 conformations passed the filter (11 excluded)
     231:   42 /  181 conformations passed the filter (139 excluded)
     302:    2 /  501 conformations passed the filter. Number of valid conformations did not pass the threshold. (excluded all)
     348:  182 /  188 conformations passed the filter (6 excluded)
     419:  153 /  158 conformations passed the filter (5 excluded)
     640:  392 /  415 conformations passed the filter (23 excluded)
     273:    1 /  985 conformations passed the filter. Number of valid conformations did not pass the threshold. (excluded all)
     344:    1 /  716 conformations passed the filter. Number of valid conformations did not pass the threshold. (excluded all)
     682:   40 /   41 conformations passed the filter (1 excluded)
     386:  192 /  708 conformations passed the filter (516 excluded)
     499:    1 /   46 conformations passed the filter. Number of valid conformations did not pass the threshold. (excluded all)
     336:  628 /  706 conformations passed the filter (78 excluded)
     407:  394 /  413 conformations passed the filter (19 excluded)
      35:  142 /  142 conformations passed the filter
     261:    1 /   73 conformations passed the filter. Number of valid conformations did not pass the threshold. (excluded all)
     332:  386 /  407 conformations passed the filter (21 excluded)
     449:   58 /   58 conformations passed the filter
     670:  223 /  237 conformations passed the filter (14 excluded)
     374:  417 /  433 conformations passed the filter (16 excluded)
     445:  267 /  276 conformations passed the filter (9 excluded)
      30:  389 /  398 conformations passed the filter (9 excluded)
     370:  189 /  195 conformations passed the filter (6 excluded)
     487:   85 /   91 conformations passed the filter (6 excluded)
     324: 1126 / 1245 conformations passed the filter (119 excluded)
     320:  191 /  205 conformations passed the filter (14 excluded)
     437:    0 /  640 conformations passed the filter. Number of valid conformations did not pass the threshold. (excluded all)
     508:  234 /  240 conformations passed the filter (6 excluded)
      38:  205 /  213 conformations passed the filter (8 excluded)
     362:  506 /  525 conformations passed the filter (19 excluded)
     433:    1 /  655 conformations passed the filter. Number of valid conformations did not pass the threshold. (excluded all)
     479:  156 /  159 conformations passed the filter (3 excluded)
      86:   40 /   40 conformations passed the filter
     475:  434 /  450 conformations passed the filter (16 excluded)
     179:  161 /  169 conformations passed the filter (8 excluded)
     588:  193 /  208 conformations passed the filter (15 excluded)
      81:   40 /   40 conformations passed the filter
     425:  172 /  240 conformations passed the filter (68 excluded)
     129:  132 /  137 conformations passed the filter (5 excluded)
     350:   91 /   95 conformations passed the filter (4 excluded)
     421:   51 /   51 conformations passed the filter
     467:  157 /  164 conformations passed the filter (7 excluded)
     538:  538 /  636 conformations passed the filter (98 excluded)
     463:  137 /  140 conformations passed the filter (3 excluded)
     167:   36 /   36 conformations passed the filter
      89:  101 /  102 conformations passed the filter (1 excluded)
     576:  276 /  291 conformations passed the filter (15 excluded)
     413:  606 /  625 conformations passed the filter (19 excluded)
     117:   63 /   64 conformations passed the filter (1 excluded)
      84:   43 /   43 conformations passed the filter
     113:   50 /   51 conformations passed the filter (1 excluded)
     526:  101 /  105 conformations passed the filter (4 excluded)
     159:  204 /  214 conformations passed the filter (10 excluded)
      54:  845 / 1069 conformations passed the filter (224 excluded)
     451:    1 /  997 conformations passed the filter. Number of valid conformations did not pass the threshold. (excluded all)
     522:    0 / 3062 conformations passed the filter. Number of valid conformations did not pass the threshold. (excluded all)
     155:  317 /  330 conformations passed the filter (13 excluded)
     568:  335 /  362 conformations passed the filter (27 excluded)
     639:  710 /  735 conformations passed the filter (25 excluded)
     493:   63 /   70 conformations passed the filter (7 excluded)
     564:  562 /  576 conformations passed the filter (14 excluded)
     197:   63 /   63 conformations passed the filter
     105:  107 /  107 conformations passed the filter
     193:    1 /  316 conformations passed the filter. Number of valid conformations did not pass the threshold. (excluded all)
     101:    1 / 3134 conformations passed the filter. Number of valid conformations did not pass the threshold. (excluded all)
     514: 4457 / 4917 conformations passed the filter (460 excluded)
     147:  581 /  607 conformations passed the filter (26 excluded)
     218:    2 /  215 conformations passed the filter. Number of valid conformations did not pass the threshold. (excluded all)
     510:  528 /  568 conformations passed the filter (40 excluded)
     143:  241 /  253 conformations passed the filter (12 excluded)
     556:  345 /  358 conformations passed the filter (13 excluded)
     627:  608 /  628 conformations passed the filter (20 excluded)
      57:    0 / 2033 conformations passed the filter. Number of valid conformations did not pass the threshold. (excluded all)
     552:   44 /   44 conformations passed the filter
     185:  441 /  450 conformations passed the filter (9 excluded)
     256:  365 /  376 conformations passed the filter (11 excluded)
     669:  418 /  429 conformations passed the filter (11 excluded)
     181:  281 /  288 conformations passed the filter (7 excluded)
     594:  142 /  148 conformations passed the filter (6 excluded)
     665:  264 /  271 conformations passed the filter (7 excluded)
     298:    0 /  346 conformations passed the filter. Number of valid conformations did not pass the threshold. (excluded all)
      52:   72 /   73 conformations passed the filter (1 excluded)
     502:  950 / 1028 conformations passed the filter (78 excluded)
     590:  403 /  429 conformations passed the filter (26 excluded)
     206:  349 /  367 conformations passed the filter (18 excluded)
     619: 1052 / 1144 conformations passed the filter (92 excluded)
      22:  162 /  168 conformations passed the filter (6 excluded)
     131:  114 /  117 conformations passed the filter (3 excluded)
     202:    0 / 5064 conformations passed the filter. Number of valid conformations did not pass the threshold. (excluded all)
     615:    1 / 4298 conformations passed the filter. Number of valid conformations did not pass the threshold. (excluded all)
     248:   55 /   57 conformations passed the filter (2 excluded)
     319: 1060 / 1142 conformations passed the filter (82 excluded)
     540:    1 /  880 conformations passed the filter. Number of valid conformations did not pass the threshold. (excluded all)
     173:  368 /  382 conformations passed the filter (14 excluded)
     611:  392 /  404 conformations passed the filter (12 excluded)
     244:  220 /  235 conformations passed the filter (15 excluded)
     657:  273 /  287 conformations passed the filter (14 excluded)
     582:  224 /  233 conformations passed the filter (9 excluded)
     653:  440 /  449 conformations passed the filter (9 excluded)
     286:    1 /   54 conformations passed the filter. Number of valid conformations did not pass the threshold. (excluded all)
     282:   36 /   37 conformations passed the filter (1 excluded)
     399:  337 /  371 conformations passed the filter (34 excluded)
     603:  145 /  151 conformations passed the filter (6 excluded)
     236:    1 /  428 conformations passed the filter. Number of valid conformations did not pass the threshold. (excluded all)
     307:   92 /  109 conformations passed the filter (17 excluded)
      25:  371 /  393 conformations passed the filter (22 excluded)
     232:  189 /  192 conformations passed the filter (3 excluded)
     645:    1 /  597 conformations passed the filter. Number of valid conformations did not pass the threshold. (excluded all)
     349:   87 /   88 conformations passed the filter (1 excluded)
     570:   47 /   48 conformations passed the filter (1 excluded)
     641:  387 /  401 conformations passed the filter (14 excluded)
     274:    0 / 3903 conformations passed the filter. Number of valid conformations did not pass the threshold. (excluded all)
     345:  947 / 1036 conformations passed the filter (89 excluded)
      20:   96 /  100 conformations passed the filter (4 excluded)
     270:    2 /  929 conformations passed the filter. Number of valid conformations did not pass the threshold. (excluded all)
     683:   78 /   81 conformations passed the filter (3 excluded)
     387:  147 /  169 conformations passed the filter (22 excluded)
       9:  232 /  239 conformations passed the filter (7 excluded)
     220:    1 /  187 conformations passed the filter. Number of valid conformations did not pass the threshold. (excluded all)
     337:  148 /  152 conformations passed the filter (4 excluded)
     408:    1 /  331 conformations passed the filter. Number of valid conformations did not pass the threshold. (excluded all)
      28:   43 /   43 conformations passed the filter
     262:   45 /   46 conformations passed the filter (1 excluded)
     333:    1 /  630 conformations passed the filter. Number of valid conformations did not pass the threshold. (excluded all)
     379:  518 /  534 conformations passed the filter (16 excluded)
      76:    0 / 3458 conformations passed the filter. Number of valid conformations did not pass the threshold. (excluded all)
     671:  386 /  398 conformations passed the filter (12 excluded)
     375:   66 /   69 conformations passed the filter (3 excluded)
     488:  376 /  515 conformations passed the filter (139 excluded)
      71:    3 / 3270 conformations passed the filter. Number of valid conformations did not pass the threshold. (excluded all)
     325:    1 /  409 conformations passed the filter. Number of valid conformations did not pass the threshold. (excluded all)
     250:    2 / 1018 conformations passed the filter. Number of valid conformations did not pass the threshold. (excluded all)
     321:    0 / 6955 conformations passed the filter. Number of valid conformations did not pass the threshold. (excluded all)
     438:   69 /  704 conformations passed the filter (635 excluded)
     363:  172 /  178 conformations passed the filter (6 excluded)
     434:  598 /  621 conformations passed the filter (23 excluded)
      79:  106 /  106 conformations passed the filter
     476:    1 /  801 conformations passed the filter. Number of valid conformations did not pass the threshold. (excluded all)
     313:    0 / 5543 conformations passed the filter. Number of valid conformations did not pass the threshold. (excluded all)
     426:  327 /  700 conformations passed the filter (373 excluded)
      44:  269 /  275 conformations passed the filter (6 excluded)
     351:  821 /  932 conformations passed the filter (111 excluded)
     422:  875 /  965 conformations passed the filter (90 excluded)
     468:   48 /   48 conformations passed the filter
     539:   73 /   76 conformations passed the filter (3 excluded)
     393:  348 /  355 conformations passed the filter (7 excluded)
     464:  144 /  149 conformations passed the filter (5 excluded)
     168:   62 /   62 conformations passed the filter
     577:  221 /  232 conformations passed the filter (11 excluded)
     414:  603 /  624 conformations passed the filter (21 excluded)
     118:   59 /   61 conformations passed the filter (2 excluded)
     410:    1 /  136 conformations passed the filter. Number of valid conformations did not pass the threshold. (excluded all)
     456:    1 /  275 conformations passed the filter. Number of valid conformations did not pass the threshold. (excluded all)
     527:   63 /   64 conformations passed the filter (1 excluded)
      47:    1 /  450 conformations passed the filter. Number of valid conformations did not pass the threshold. (excluded all)
     452:    1 / 4253 conformations passed the filter. Number of valid conformations did not pass the threshold. (excluded all)
     156:  300 /  318 conformations passed the filter (18 excluded)
     569:   40 /   40 conformations passed the filter
      95:    0 /  156 conformations passed the filter. Number of valid conformations did not pass the threshold. (excluded all)
     494:   91 /  110 conformations passed the filter (19 excluded)
     565:  207 /  214 conformations passed the filter (7 excluded)
     198:   46 /   47 conformations passed the filter (1 excluded)
      42:  359 /  387 conformations passed the filter (28 excluded)
     402:  429 /  441 conformations passed the filter (12 excluded)
     490:  128 /  139 conformations passed the filter (11 excluded)
     106:   50 /   50 conformations passed the filter
      12:  377 /  383 conformations passed the filter (6 excluded)
      90:   51 /   51 conformations passed the filter
     102:    1 / 1332 conformations passed the filter. Number of valid conformations did not pass the threshold. (excluded all)
     515:   82 /   96 conformations passed the filter (14 excluded)
     148:  362 /  373 conformations passed the filter (11 excluded)
     219:  153 /  159 conformations passed the filter (6 excluded)
     440:  249 /  257 conformations passed the filter (8 excluded)
     511:   12 / 3499 conformations passed the filter (3487 excluded)
     144:  445 /  465 conformations passed the filter (20 excluded)
     557:    1 /  381 conformations passed the filter. Number of valid conformations did not pass the threshold. (excluded all)
     628:  291 /  308 conformations passed the filter (17 excluded)
     482:  157 /  161 conformations passed the filter (4 excluded)
     553:  103 /  104 conformations passed the filter (1 excluded)
     186:  522 /  557 conformations passed the filter (35 excluded)
     257:  291 /  308 conformations passed the filter (17 excluded)
      98:    0 / 2445 conformations passed the filter. Number of valid conformations did not pass the threshold. (excluded all)
     182:  374 /  382 conformations passed the filter (8 excluded)
     595:    1 /  215 conformations passed the filter. Number of valid conformations did not pass the threshold. (excluded all)
     299:    0 / 4793 conformations passed the filter. Number of valid conformations did not pass the threshold. (excluded all)
     503:   42 /   42 conformations passed the filter
     136:  292 /  301 conformations passed the filter (9 excluded)
     591:  527 /  547 conformations passed the filter (20 excluded)
     207:  222 /  234 conformations passed the filter (12 excluded)
      15:  116 /  118 conformations passed the filter (2 excluded)
      93:    1 / 2099 conformations passed the filter. Number of valid conformations did not pass the threshold. (excluded all)
     132:   58 /   60 conformations passed the filter (2 excluded)
     545:  124 /  127 conformations passed the filter (3 excluded)
     616:    9 / 1320 conformations passed the filter (1311 excluded)
     249:    0 / 3647 conformations passed the filter. Number of valid conformations did not pass the threshold. (excluded all)
     541:    0 / 6695 conformations passed the filter. Number of valid conformations did not pass the threshold. (excluded all)
     174:    1 /  571 conformations passed the filter. Number of valid conformations did not pass the threshold. (excluded all)
     245:    1 /  547 conformations passed the filter. Number of valid conformations did not pass the threshold. (excluded all)
      10:  312 /  352 conformations passed the filter (40 excluded)
     658:  310 /  328 conformations passed the filter (18 excluded)
     170:  370 /  421 conformations passed the filter (51 excluded)
     583:  533 /  549 conformations passed the filter (16 excluded)
     654:  145 /  150 conformations passed the filter (5 excluded)
     287:   55 /   56 conformations passed the filter (1 excluded)
       8:  115 /  118 conformations passed the filter (3 excluded)
     608:  405 /  418 conformations passed the filter (13 excluded)
     120:    1 /  151 conformations passed the filter. Number of valid conformations did not pass the threshold. (excluded all)
     604:  114 /  120 conformations passed the filter (6 excluded)
     237:  183 /  197 conformations passed the filter (14 excluded)
     308:   40 /   42 conformations passed the filter (2 excluded)
      18:  259 /  270 conformations passed the filter (11 excluded)
     162:    1 /  213 conformations passed the filter. Number of valid conformations did not pass the threshold. (excluded all)
     600:  197 /  210 conformations passed the filter (13 excluded)
     233:    1 /   68 conformations passed the filter. Number of valid conformations did not pass the threshold. (excluded all)
     646:  271 /  282 conformations passed the filter (11 excluded)
     279:    2 /  176 conformations passed the filter. Number of valid conformations did not pass the threshold. (excluded all)
      66: 1825 / 2000 conformations passed the filter (175 excluded)
     571:  197 /  206 conformations passed the filter (9 excluded)
     642:  348 /  366 conformations passed the filter (18 excluded)
     275:    1 /  749 conformations passed the filter. Number of valid conformations did not pass the threshold. (excluded all)
     688:   80 /   87 conformations passed the filter (7 excluded)
     271:   96 /   98 conformations passed the filter (2 excluded)
     684:  159 /  168 conformations passed the filter (9 excluded)
     388:    1 / 5256 conformations passed the filter. Number of valid conformations did not pass the threshold. (excluded all)
      61:   71 /   76 conformations passed the filter (5 excluded)
     225:    0 / 3223 conformations passed the filter. Number of valid conformations did not pass the threshold. (excluded all)
     680:   58 /   61 conformations passed the filter (3 excluded)
     221:    1 /  497 conformations passed the filter. Number of valid conformations did not pass the threshold. (excluded all)
     634:  205 /  208 conformations passed the filter (3 excluded)
------------------
>total molecules: 689
>total conformations: 470335
>total valid molecules: 557
>total valid conformations: 166382