>spice-dipeptide: 677 molecules found
     338:   42 /   50 conformations passed the filter (8 excluded)
     630:   37 /   50 conformations passed the filter (13 excluded)
     263:   48 /   50 conformations passed the filter (2 excluded)
     334:   43 /   50 conformations passed the filter (7 excluded)
      69:   34 /   50 conformations passed the filter (16 excluded)
     672:   46 /   50 conformations passed the filter (4 excluded)
     376:   34 /   50 conformations passed the filter (16 excluded)
     326:   36 /   50 conformations passed the filter (14 excluded)
      34:   30 /   50 conformations passed the filter (20 excluded)
     251:   33 /   50 conformations passed the filter (17 excluded)
     322:   33 /   50 conformations passed the filter (17 excluded)
     368:   40 /   50 conformations passed the filter (10 excluded)
     439:   34 /   50 conformations passed the filter (16 excluded)
     660:   34 /   50 conformations passed the filter (16 excluded)
     364:   40 /   50 conformations passed the filter (10 excluded)
     360:   39 /   50 conformations passed the filter (11 excluded)
     477:   36 /   50 conformations passed the filter (14 excluded)
     314:   28 /   50 conformations passed the filter (22 excluded)
     310:   28 /   50 conformations passed the filter (22 excluded)
     427:   46 /   50 conformations passed the filter (4 excluded)
      37:   29 /   50 conformations passed the filter (21 excluded)
     352:   30 /   50 conformations passed the filter (20 excluded)
     423:   38 /   50 conformations passed the filter (12 excluded)
     469:   46 /   50 conformations passed the filter (4 excluded)
      85:   33 /   50 conformations passed the filter (17 excluded)
     394:   41 /   50 conformations passed the filter (9 excluded)
     465:   36 /   50 conformations passed the filter (14 excluded)
     390:   37 /   50 conformations passed the filter (13 excluded)
      80:   42 /   50 conformations passed the filter (8 excluded)
     415:   34 /   50 conformations passed the filter (16 excluded)
     119:   43 /   50 conformations passed the filter (7 excluded)
     340:   29 /   50 conformations passed the filter (21 excluded)
     411:   42 /   50 conformations passed the filter (8 excluded)
     457:   27 /   50 conformations passed the filter (23 excluded)
     528:   44 /   50 conformations passed the filter (6 excluded)
     382:   29 /   50 conformations passed the filter (21 excluded)
     453:   41 /   50 conformations passed the filter (9 excluded)
     157:   33 /   50 conformations passed the filter (17 excluded)
      88:   50 /   50 conformations passed the filter
     495:   45 /   50 conformations passed the filter (5 excluded)
     566:   39 /   50 conformations passed the filter (11 excluded)
     199:   33 /   50 conformations passed the filter (17 excluded)
     403:   33 /   50 conformations passed the filter (17 excluded)
     491:   40 /   50 conformations passed the filter (10 excluded)
     107:   43 /   50 conformations passed the filter (7 excluded)
      83:   45 /   50 conformations passed the filter (5 excluded)
     103:   44 /   50 conformations passed the filter (6 excluded)
     516:   41 /   50 conformations passed the filter (9 excluded)
     149:   47 /   50 conformations passed the filter (3 excluded)
      53:   33 /   50 conformations passed the filter (17 excluded)
     441:   29 /   50 conformations passed the filter (21 excluded)
     145:   41 /   50 conformations passed the filter (9 excluded)
     558:   45 /   50 conformations passed the filter (5 excluded)
     629:   38 /   50 conformations passed the filter (12 excluded)
     483:   35 /   50 conformations passed the filter (15 excluded)
     554:   48 /   50 conformations passed the filter (2 excluded)
     187:   41 /   50 conformations passed the filter (9 excluded)
       7:   43 /   50 conformations passed the filter (7 excluded)
     596:   36 /   50 conformations passed the filter (14 excluded)
     504:   30 /   50 conformations passed the filter (20 excluded)
     137:   40 /   50 conformations passed the filter (10 excluded)
     208:   42 /   50 conformations passed the filter (8 excluded)
     500:   45 /   50 conformations passed the filter (5 excluded)
     133:   49 /   50 conformations passed the filter (1 excluded)
     546:   47 /   50 conformations passed the filter (3 excluded)
     617:   35 /   50 conformations passed the filter (15 excluded)
      56:   43 /   50 conformations passed the filter (7 excluded)
     471:   45 /   50 conformations passed the filter (5 excluded)
     542:   46 /   50 conformations passed the filter (4 excluded)
     175:   38 /   50 conformations passed the filter (12 excluded)
     246:   36 /   50 conformations passed the filter (14 excluded)
     659:   34 /   50 conformations passed the filter (16 excluded)
     171:   42 /   50 conformations passed the filter (8 excluded)
     584:   41 /   50 conformations passed the filter (9 excluded)
     288:   34 /   50 conformations passed the filter (16 excluded)
      51:   31 /   50 conformations passed the filter (19 excluded)
     125:   48 /   50 conformations passed the filter (2 excluded)
     580:   37 /   50 conformations passed the filter (13 excluded)
     609:   41 /   50 conformations passed the filter (9 excluded)
      21:   49 /   50 conformations passed the filter (1 excluded)
     121:   32 /   50 conformations passed the filter (18 excluded)
     534:   43 /   50 conformations passed the filter (7 excluded)
     605:   41 /   50 conformations passed the filter (9 excluded)
     238:   36 /   50 conformations passed the filter (14 excluded)
     309:   36 /   50 conformations passed the filter (14 excluded)
     530:   33 /   50 conformations passed the filter (17 excluded)
     163:   44 /   50 conformations passed the filter (6 excluded)
     234:   40 /   50 conformations passed the filter (10 excluded)
     647:   39 /   50 conformations passed the filter (11 excluded)
      59:   45 /   50 conformations passed the filter (5 excluded)
     572:   44 /   50 conformations passed the filter (6 excluded)
     643:   35 /   50 conformations passed the filter (15 excluded)
     276:   45 /   50 conformations passed the filter (5 excluded)
     389:   32 /   50 conformations passed the filter (18 excluded)
     226:   29 /   50 conformations passed the filter (21 excluded)
      24:   46 /   50 conformations passed the filter (4 excluded)
     151:   48 /   50 conformations passed the filter (2 excluded)
     222:   33 /   50 conformations passed the filter (17 excluded)
     635:   49 /   50 conformations passed the filter (1 excluded)
     268:   49 /   50 conformations passed the filter (1 excluded)
     339:   46 /   50 conformations passed the filter (4 excluded)
     560:   40 /   50 conformations passed the filter (10 excluded)
     631:   42 /   50 conformations passed the filter (8 excluded)
     264:   49 /   50 conformations passed the filter (1 excluded)
     260:   42 /   50 conformations passed the filter (8 excluded)
     673:   44 /   50 conformations passed the filter (6 excluded)
     377:   32 /   50 conformations passed the filter (18 excluded)
     214:   44 /   50 conformations passed the filter (6 excluded)
     210:   27 /   50 conformations passed the filter (23 excluded)
     623:   30 /   50 conformations passed the filter (20 excluded)
     327:   34 /   50 conformations passed the filter (16 excluded)
      27:   26 /   50 conformations passed the filter (24 excluded)
     252:   29 /   50 conformations passed the filter (21 excluded)
     323:   47 /   50 conformations passed the filter (3 excluded)
     369:   39 /   50 conformations passed the filter (11 excluded)
      75:   41 /   50 conformations passed the filter (9 excluded)
     661:   48 /   50 conformations passed the filter (2 excluded)
     294:   39 /   50 conformations passed the filter (11 excluded)
     365:   42 /   50 conformations passed the filter (8 excluded)
     290:   42 /   50 conformations passed the filter (8 excluded)
      70:   43 /   50 conformations passed the filter (7 excluded)
     315:   40 /   50 conformations passed the filter (10 excluded)
     240:   47 /   50 conformations passed the filter (3 excluded)
     311:   32 /   50 conformations passed the filter (18 excluded)
     357:   39 /   50 conformations passed the filter (11 excluded)
     428:   32 /   50 conformations passed the filter (18 excluded)
     353:   32 /   50 conformations passed the filter (18 excluded)
      78:   45 /   50 conformations passed the filter (5 excluded)
     395:   44 /   50 conformations passed the filter (6 excluded)
     466:   25 /   50 conformations passed the filter (25 excluded)
     303:   29 /   50 conformations passed the filter (21 excluded)
     391:   44 /   50 conformations passed the filter (6 excluded)
      73:   46 /   50 conformations passed the filter (4 excluded)
     416:   42 /   50 conformations passed the filter (8 excluded)
      43:   27 /   50 conformations passed the filter (23 excluded)
     341:   37 /   50 conformations passed the filter (13 excluded)
     412:   43 /   50 conformations passed the filter (7 excluded)
     458:   29 /   50 conformations passed the filter (21 excluded)
     529:   40 /   50 conformations passed the filter (10 excluded)
     383:   37 /   50 conformations passed the filter (13 excluded)
     454:   28 /   50 conformations passed the filter (22 excluded)
       6:   49 /   50 conformations passed the filter (1 excluded)
     496:   25 /   50 conformations passed the filter (25 excluded)
       3:   47 /   50 conformations passed the filter (3 excluded)
     404:   37 /   50 conformations passed the filter (13 excluded)
     492:   30 /   50 conformations passed the filter (20 excluded)
     108:   48 /   50 conformations passed the filter (2 excluded)
     400:   36 /   50 conformations passed the filter (14 excluded)
     446:   37 /   50 conformations passed the filter (13 excluded)
     517:   38 /   50 conformations passed the filter (12 excluded)
      46:   31 /   50 conformations passed the filter (19 excluded)
     371:   40 /   50 conformations passed the filter (10 excluded)
     442:   38 /   50 conformations passed the filter (12 excluded)
     146:   41 /   50 conformations passed the filter (9 excluded)
     559:   44 /   50 conformations passed the filter (6 excluded)
     484:   40 /   50 conformations passed the filter (10 excluded)
     555:   43 /   50 conformations passed the filter (7 excluded)
     188:   45 /   50 conformations passed the filter (5 excluded)
      41:   28 /   50 conformations passed the filter (22 excluded)
     480:   38 /   50 conformations passed the filter (12 excluded)
     509:   37 /   50 conformations passed the filter (13 excluded)
     597:   41 /   50 conformations passed the filter (9 excluded)
      11:   46 /   50 conformations passed the filter (4 excluded)
     505:   47 /   50 conformations passed the filter (3 excluded)
     138:   45 /   50 conformations passed the filter (5 excluded)
     209:   48 /   50 conformations passed the filter (2 excluded)
     430:   31 /   50 conformations passed the filter (19 excluded)
     501:   44 /   50 conformations passed the filter (6 excluded)
     134:   47 /   50 conformations passed the filter (3 excluded)
     547:   49 /   50 conformations passed the filter (1 excluded)
     618:   29 /   50 conformations passed the filter (21 excluded)
      49:   26 /   50 conformations passed the filter (24 excluded)
     472:   44 /   50 conformations passed the filter (6 excluded)
     543:   43 /   50 conformations passed the filter (7 excluded)
     176:   47 /   50 conformations passed the filter (3 excluded)
     589:   34 /   50 conformations passed the filter (16 excluded)
      19:   48 /   50 conformations passed the filter (2 excluded)
      97:   39 /   50 conformations passed the filter (11 excluded)
     585:   40 /   50 conformations passed the filter (10 excluded)
     289:   42 /   50 conformations passed the filter (8 excluded)
     126:   43 /   50 conformations passed the filter (7 excluded)
      14:   45 /   50 conformations passed the filter (5 excluded)
      92:   43 /   50 conformations passed the filter (7 excluded)
     122:   44 /   50 conformations passed the filter (6 excluded)
     535:   39 /   50 conformations passed the filter (11 excluded)
     606:   29 /   50 conformations passed the filter (21 excluded)
     239:   44 /   50 conformations passed the filter (6 excluded)
     460:   26 /   50 conformations passed the filter (24 excluded)
     531:   47 /   50 conformations passed the filter (3 excluded)
     164:   38 /   50 conformations passed the filter (12 excluded)
     235:   48 /   50 conformations passed the filter (2 excluded)
     648:   30 /   50 conformations passed the filter (20 excluded)
     160:   50 /   50 conformations passed the filter
     573:   44 /   50 conformations passed the filter (6 excluded)
     644:   37 /   50 conformations passed the filter (13 excluded)
     277:   46 /   50 conformations passed the filter (4 excluded)
     114:   50 /   50 conformations passed the filter
     110:   47 /   50 conformations passed the filter (3 excluded)
     523:   46 /   50 conformations passed the filter (4 excluded)
     227:   37 /   50 conformations passed the filter (13 excluded)
      17:   40 /   50 conformations passed the filter (10 excluded)
     152:   48 /   50 conformations passed the filter (2 excluded)
     223:   40 /   50 conformations passed the filter (10 excluded)
     636:   32 /   50 conformations passed the filter (18 excluded)
     269:   50 /   50 conformations passed the filter
      65:   39 /   50 conformations passed the filter (11 excluded)
     561:   46 /   50 conformations passed the filter (4 excluded)
     194:   38 /   50 conformations passed the filter (12 excluded)
     632:   33 /   50 conformations passed the filter (17 excluded)
     265:   50 /   50 conformations passed the filter
     190:   43 /   50 conformations passed the filter (7 excluded)
     674:   30 /   50 conformations passed the filter (20 excluded)
     378:   37 /   50 conformations passed the filter (13 excluded)
      60:   48 /   50 conformations passed the filter (2 excluded)
     215:   44 /   50 conformations passed the filter (6 excluded)
     140:   50 /   50 conformations passed the filter
     211:   37 /   50 conformations passed the filter (13 excluded)
     624:   32 /   50 conformations passed the filter (18 excluded)
     328:   36 /   50 conformations passed the filter (14 excluded)
     620:   36 /   50 conformations passed the filter (14 excluded)
     253:   38 /   50 conformations passed the filter (12 excluded)
     666:   39 /   50 conformations passed the filter (11 excluded)
      68:   37 /   50 conformations passed the filter (13 excluded)
     662:   44 /   50 conformations passed the filter (6 excluded)
     295:   36 /   50 conformations passed the filter (14 excluded)
     366:   28 /   50 conformations passed the filter (22 excluded)
     203:   40 /   50 conformations passed the filter (10 excluded)
     291:   40 /   50 conformations passed the filter (10 excluded)
      63:   44 /   50 conformations passed the filter (6 excluded)
     612:   28 /   50 conformations passed the filter (22 excluded)
     316:   38 /   50 conformations passed the filter (12 excluded)
      33:   29 /   50 conformations passed the filter (21 excluded)
     241:   45 /   50 conformations passed the filter (5 excluded)
     312:   37 /   50 conformations passed the filter (13 excluded)
     358:   36 /   50 conformations passed the filter (14 excluded)
     429:   33 /   50 conformations passed the filter (17 excluded)
     650:   40 /   50 conformations passed the filter (10 excluded)
     283:   50 /   50 conformations passed the filter
     354:   37 /   50 conformations passed the filter (13 excluded)
       5:   49 /   50 conformations passed the filter (1 excluded)
     396:   42 /   50 conformations passed the filter (8 excluded)
       2:   50 /   50 conformations passed the filter
     304:   28 /   50 conformations passed the filter (22 excluded)
     392:   27 /   50 conformations passed the filter (23 excluded)
     300:   33 /   50 conformations passed the filter (17 excluded)
     346:   37 /   50 conformations passed the filter (13 excluded)
     417:   45 /   50 conformations passed the filter (5 excluded)
      36:   39 /   50 conformations passed the filter (11 excluded)
     342:   40 /   50 conformations passed the filter (10 excluded)
     459:   27 /   50 conformations passed the filter (23 excluded)
     384:   32 /   50 conformations passed the filter (18 excluded)
     455:   26 /   50 conformations passed the filter (24 excluded)
      31:   37 /   50 conformations passed the filter (13 excluded)
     380:   31 /   50 conformations passed the filter (19 excluded)
     409:   36 /   50 conformations passed the filter (14 excluded)
     497:   42 /   50 conformations passed the filter (8 excluded)
     405:   31 /   50 conformations passed the filter (19 excluded)
     109:   48 /   50 conformations passed the filter (2 excluded)
     330:   29 /   50 conformations passed the filter (21 excluded)
     401:   46 /   50 conformations passed the filter (4 excluded)
     447:   38 /   50 conformations passed the filter (12 excluded)
     518:   30 /   50 conformations passed the filter (20 excluded)
      39:   29 /   50 conformations passed the filter (21 excluded)
     372:   36 /   50 conformations passed the filter (14 excluded)
     443:   41 /   50 conformations passed the filter (9 excluded)
     489:   45 /   50 conformations passed the filter (5 excluded)
      87:   34 /   50 conformations passed the filter (16 excluded)
     485:   31 /   50 conformations passed the filter (19 excluded)
     189:   39 /   50 conformations passed the filter (11 excluded)
     481:   37 /   50 conformations passed the filter (13 excluded)
     598:   42 /   50 conformations passed the filter (8 excluded)
      82:   45 /   50 conformations passed the filter (5 excluded)
     435:   35 /   50 conformations passed the filter (15 excluded)
     506:   36 /   50 conformations passed the filter (14 excluded)
     139:   39 /   50 conformations passed the filter (11 excluded)
     431:   37 /   50 conformations passed the filter (13 excluded)
     135:   50 /   50 conformations passed the filter
     548:   35 /   50 conformations passed the filter (15 excluded)
     473:   33 /   50 conformations passed the filter (17 excluded)
     544:   37 /   50 conformations passed the filter (13 excluded)
     177:   49 /   50 conformations passed the filter (1 excluded)
     586:   43 /   50 conformations passed the filter (7 excluded)
     127:   32 /   50 conformations passed the filter (18 excluded)
     123:   40 /   50 conformations passed the filter (10 excluded)
     536:   40 /   50 conformations passed the filter (10 excluded)
     169:   43 /   49 conformations passed the filter (6 excluded)
     607:   28 /   50 conformations passed the filter (22 excluded)
      55:   46 /   50 conformations passed the filter (4 excluded)
     461:   28 /   50 conformations passed the filter (22 excluded)
     532:   33 /   50 conformations passed the filter (17 excluded)
     165:   48 /   50 conformations passed the filter (2 excluded)
     578:   47 /   50 conformations passed the filter (3 excluded)
     649:   28 /   50 conformations passed the filter (22 excluded)
     161:   47 /   50 conformations passed the filter (3 excluded)
     574:   30 /   50 conformations passed the filter (20 excluded)
     278:   44 /   50 conformations passed the filter (6 excluded)
      50:   27 /   50 conformations passed the filter (23 excluded)
     115:   43 /   50 conformations passed the filter (7 excluded)
     111:   33 /   50 conformations passed the filter (17 excluded)
     524:   43 /   50 conformations passed the filter (7 excluded)
     228:   35 /   50 conformations passed the filter (15 excluded)
     520:   39 /   50 conformations passed the filter (11 excluded)
     153:   38 /   50 conformations passed the filter (12 excluded)
     224:   36 /   50 conformations passed the filter (14 excluded)
     637:   33 /   50 conformations passed the filter (17 excluded)
      58:   45 /   50 conformations passed the filter (5 excluded)
     562:   43 /   50 conformations passed the filter (7 excluded)
     195:   39 /   50 conformations passed the filter (11 excluded)
     633:   33 /   50 conformations passed the filter (17 excluded)
     266:   49 /   50 conformations passed the filter (1 excluded)
     191:   41 /   50 conformations passed the filter (9 excluded)
     675:   34 /   50 conformations passed the filter (16 excluded)
     512:   35 /   50 conformations passed the filter (15 excluded)
     216:   34 /   50 conformations passed the filter (16 excluded)
      23:   37 /   50 conformations passed the filter (13 excluded)
     141:   42 /   50 conformations passed the filter (8 excluded)
     212:   43 /   50 conformations passed the filter (7 excluded)
     625:   43 /   50 conformations passed the filter (7 excluded)
     258:   29 /   50 conformations passed the filter (21 excluded)
     329:   35 /   50 conformations passed the filter (15 excluded)
     550:   48 /   50 conformations passed the filter (2 excluded)
     183:   45 /   50 conformations passed the filter (5 excluded)
     621:   32 /   50 conformations passed the filter (18 excluded)
     254:   43 /   50 conformations passed the filter (7 excluded)
       4:   49 /   50 conformations passed the filter (1 excluded)
     667:   37 /   50 conformations passed the filter (13 excluded)
     592:   36 /   50 conformations passed the filter (14 excluded)
     663:   41 /   50 conformations passed the filter (9 excluded)
     296:   39 /   50 conformations passed the filter (11 excluded)
       1:   35 /   50 conformations passed the filter (15 excluded)
     367:   41 /   50 conformations passed the filter (9 excluded)
     204:   42 /   50 conformations passed the filter (8 excluded)
     292:   44 /   50 conformations passed the filter (6 excluded)
     200:   32 /   50 conformations passed the filter (18 excluded)
     613:   30 /   50 conformations passed the filter (20 excluded)
     317:   37 /   50 conformations passed the filter (13 excluded)
      26:   38 /   50 conformations passed the filter (12 excluded)
     242:   36 /   50 conformations passed the filter (14 excluded)
     655:   46 /   50 conformations passed the filter (4 excluded)
     359:   39 /   50 conformations passed the filter (11 excluded)
      74:   42 /   50 conformations passed the filter (8 excluded)
     651:   49 /   50 conformations passed the filter (1 excluded)
     284:   43 /   50 conformations passed the filter (7 excluded)
     355:   31 /   50 conformations passed the filter (19 excluded)
     280:   45 /   50 conformations passed the filter (5 excluded)
     397:   44 /   50 conformations passed the filter (6 excluded)
     601:   31 /   50 conformations passed the filter (19 excluded)
     305:   38 /   50 conformations passed the filter (12 excluded)
     230:   36 /   50 conformations passed the filter (14 excluded)
     301:   37 /   50 conformations passed the filter (13 excluded)
     347:   30 /   50 conformations passed the filter (20 excluded)
     418:   27 /   50 conformations passed the filter (23 excluded)
      29:   31 /   50 conformations passed the filter (19 excluded)
     272:   48 /   50 conformations passed the filter (2 excluded)
     343:   40 /   50 conformations passed the filter (10 excluded)
      77:   46 /   50 conformations passed the filter (4 excluded)
     385:   39 /   50 conformations passed the filter (11 excluded)
     381:   32 /   50 conformations passed the filter (18 excluded)
     498:   40 /   50 conformations passed the filter (10 excluded)
      72:   46 /   50 conformations passed the filter (4 excluded)
     335:   43 /   50 conformations passed the filter (7 excluded)
     406:   34 /   50 conformations passed the filter (16 excluded)
     331:   33 /   50 conformations passed the filter (17 excluded)
     448:   38 /   50 conformations passed the filter (12 excluded)
     519:   33 /   50 conformations passed the filter (17 excluded)
     373:   33 /   50 conformations passed the filter (17 excluded)
     444:   25 /   50 conformations passed the filter (25 excluded)
     486:   31 /   50 conformations passed the filter (19 excluded)
     599:   36 /   50 conformations passed the filter (14 excluded)
     436:   30 /   50 conformations passed the filter (20 excluded)
     507:   35 /   50 conformations passed the filter (15 excluded)
      45:   27 /   50 conformations passed the filter (23 excluded)
     361:   38 /   50 conformations passed the filter (12 excluded)
     432:   32 /   50 conformations passed the filter (18 excluded)
     478:   28 /   50 conformations passed the filter (22 excluded)
     549:   47 /   50 conformations passed the filter (3 excluded)
     474:   44 /   50 conformations passed the filter (6 excluded)
     178:   46 /   50 conformations passed the filter (4 excluded)
      40:   30 /   50 conformations passed the filter (20 excluded)
     470:   29 /   50 conformations passed the filter (21 excluded)
     587:   44 /   50 conformations passed the filter (6 excluded)
     424:   31 /   50 conformations passed the filter (19 excluded)
     128:   32 /   50 conformations passed the filter (18 excluded)
     420:   34 /   50 conformations passed the filter (16 excluded)
     124:   46 /   50 conformations passed the filter (4 excluded)
     537:   38 /   50 conformations passed the filter (12 excluded)
      48:   32 /   50 conformations passed the filter (18 excluded)
     462:   31 /   50 conformations passed the filter (19 excluded)
     533:   37 /   50 conformations passed the filter (13 excluded)
     166:   50 /   50 conformations passed the filter
     579:   45 /   50 conformations passed the filter (5 excluded)
      96:   38 /   50 conformations passed the filter (12 excluded)
     575:   46 /   50 conformations passed the filter (4 excluded)
     116:   43 /   50 conformations passed the filter (7 excluded)
      13:   45 /   50 conformations passed the filter (5 excluded)
      91:   41 /   50 conformations passed the filter (9 excluded)
     112:   40 /   50 conformations passed the filter (10 excluded)
     525:   42 /   50 conformations passed the filter (8 excluded)
     158:   43 /   50 conformations passed the filter (7 excluded)
     229:   42 /   50 conformations passed the filter (8 excluded)
     450:   34 /   50 conformations passed the filter (16 excluded)
     521:   50 /   50 conformations passed the filter
     154:   39 /   50 conformations passed the filter (11 excluded)
     567:   48 /   50 conformations passed the filter (2 excluded)
     638:   31 /   50 conformations passed the filter (19 excluded)
     150:   45 /   50 conformations passed the filter (5 excluded)
     563:   34 /   50 conformations passed the filter (16 excluded)
     196:   34 /   50 conformations passed the filter (16 excluded)
       0:   50 /   50 conformations passed the filter
     267:   50 /   50 conformations passed the filter
     104:   50 /   50 conformations passed the filter
      99:   47 /   50 conformations passed the filter (3 excluded)
     192:   31 /   50 conformations passed the filter (19 excluded)
     676:   43 /   50 conformations passed the filter (7 excluded)
     100:   45 /   50 conformations passed the filter (5 excluded)
     513:   37 /   50 conformations passed the filter (13 excluded)
     217:   33 /   50 conformations passed the filter (17 excluded)
      16:   43 /   50 conformations passed the filter (7 excluded)
      94:   35 /   50 conformations passed the filter (15 excluded)
     142:   46 /   50 conformations passed the filter (4 excluded)
     213:   41 /   50 conformations passed the filter (9 excluded)
     626:   26 /   50 conformations passed the filter (24 excluded)
     259:   28 /   50 conformations passed the filter (22 excluded)
      64:   42 /   50 conformations passed the filter (8 excluded)
     551:   46 /   50 conformations passed the filter (4 excluded)
     184:   27 /   50 conformations passed the filter (23 excluded)
     622:   25 /   50 conformations passed the filter (25 excluded)
     255:   37 /   50 conformations passed the filter (13 excluded)
     668:   33 /   50 conformations passed the filter (17 excluded)
     180:   40 /   50 conformations passed the filter (10 excluded)
     593:   39 /   50 conformations passed the filter (11 excluded)
     664:   43 /   50 conformations passed the filter (7 excluded)
     297:   49 /   50 conformations passed the filter (1 excluded)
     205:   41 /   50 conformations passed the filter (9 excluded)
     293:   40 /   50 conformations passed the filter (10 excluded)
     130:   48 /   50 conformations passed the filter (2 excluded)
     201:   38 /   50 conformations passed the filter (12 excluded)
     614:   30 /   50 conformations passed the filter (20 excluded)
     247:   43 /   50 conformations passed the filter (7 excluded)
     318:   48 /   50 conformations passed the filter (2 excluded)
     172:   38 /   50 conformations passed the filter (12 excluded)
     610:   29 /   50 conformations passed the filter (21 excluded)
     243:   31 /   50 conformations passed the filter (19 excluded)
     656:   43 /   50 conformations passed the filter (7 excluded)
      67:   40 /   50 conformations passed the filter (10 excluded)
     581:   39 /   50 conformations passed the filter (11 excluded)
     652:   28 /   50 conformations passed the filter (22 excluded)
     285:   49 /   50 conformations passed the filter (1 excluded)
     356:   27 /   50 conformations passed the filter (23 excluded)
     281:   49 /   50 conformations passed the filter (1 excluded)
     398:   32 /   50 conformations passed the filter (18 excluded)
      62:   49 /   50 conformations passed the filter (1 excluded)
     602:   39 /   50 conformations passed the filter (11 excluded)
     306:   35 /   50 conformations passed the filter (15 excluded)
      32:   34 /   50 conformations passed the filter (16 excluded)
     231:   38 /   50 conformations passed the filter (12 excluded)
     302:   39 /   50 conformations passed the filter (11 excluded)
     348:   37 /   50 conformations passed the filter (13 excluded)
     419:   34 /   50 conformations passed the filter (16 excluded)
     640:   30 /   50 conformations passed the filter (20 excluded)
     273:   49 /   50 conformations passed the filter (1 excluded)
     344:   34 /   50 conformations passed the filter (16 excluded)
     386:   39 /   50 conformations passed the filter (11 excluded)
     499:   40 /   50 conformations passed the filter (10 excluded)
     336:   30 /   50 conformations passed the filter (20 excluded)
     407:   32 /   50 conformations passed the filter (18 excluded)
      35:   31 /   50 conformations passed the filter (19 excluded)
     261:   50 /   50 conformations passed the filter
     332:   35 /   50 conformations passed the filter (15 excluded)
     449:   34 /   50 conformations passed the filter (16 excluded)
     670:   32 /   50 conformations passed the filter (18 excluded)
     374:   36 /   50 conformations passed the filter (14 excluded)
     445:   33 /   50 conformations passed the filter (17 excluded)
      30:   28 /   50 conformations passed the filter (22 excluded)
     370:   43 /   50 conformations passed the filter (7 excluded)
     487:   40 /   50 conformations passed the filter (10 excluded)
     324:   38 /   50 conformations passed the filter (12 excluded)
     320:   42 /   50 conformations passed the filter (8 excluded)
     437:   36 /   50 conformations passed the filter (14 excluded)
     508:   31 /   50 conformations passed the filter (19 excluded)
      38:   25 /   50 conformations passed the filter (25 excluded)
     362:   30 /   50 conformations passed the filter (20 excluded)
     433:   27 /   50 conformations passed the filter (23 excluded)
     479:   50 /   50 conformations passed the filter
      86:   39 /   50 conformations passed the filter (11 excluded)
     475:   40 /   50 conformations passed the filter (10 excluded)
     179:   32 /   50 conformations passed the filter (18 excluded)
     588:   46 /   50 conformations passed the filter (4 excluded)
      81:   39 /   50 conformations passed the filter (11 excluded)
     425:   36 /   50 conformations passed the filter (14 excluded)
     129:   41 /   50 conformations passed the filter (9 excluded)
     350:   36 /   50 conformations passed the filter (14 excluded)
     421:   35 /   50 conformations passed the filter (15 excluded)
     467:   26 /   50 conformations passed the filter (24 excluded)
     538:   37 /   50 conformations passed the filter (13 excluded)
     463:   28 /   50 conformations passed the filter (22 excluded)
     167:   45 /   50 conformations passed the filter (5 excluded)
      89:   40 /   50 conformations passed the filter (10 excluded)
     576:   44 /   50 conformations passed the filter (6 excluded)
     413:   35 /   50 conformations passed the filter (15 excluded)
     117:   37 /   50 conformations passed the filter (13 excluded)
      84:   47 /   50 conformations passed the filter (3 excluded)
     113:   41 /   50 conformations passed the filter (9 excluded)
     526:   45 /   50 conformations passed the filter (5 excluded)
     159:   48 /   50 conformations passed the filter (2 excluded)
      54:   46 /   50 conformations passed the filter (4 excluded)
     451:   33 /   50 conformations passed the filter (17 excluded)
     522:   31 /   50 conformations passed the filter (19 excluded)
     155:   48 /   50 conformations passed the filter (2 excluded)
     568:   50 /   50 conformations passed the filter
     639:   38 /   50 conformations passed the filter (12 excluded)
     493:   34 /   50 conformations passed the filter (16 excluded)
     564:   33 /   50 conformations passed the filter (17 excluded)
     197:   36 /   50 conformations passed the filter (14 excluded)
     105:   31 /   50 conformations passed the filter (19 excluded)
     193:   47 /   50 conformations passed the filter (3 excluded)
     101:   33 /   50 conformations passed the filter (17 excluded)
     514:   31 /   50 conformations passed the filter (19 excluded)
     147:   35 /   50 conformations passed the filter (15 excluded)
     218:   28 /   50 conformations passed the filter (22 excluded)
     510:   36 /   50 conformations passed the filter (14 excluded)
     143:   44 /   50 conformations passed the filter (6 excluded)
     556:   40 /   50 conformations passed the filter (10 excluded)
     627:   36 /   50 conformations passed the filter (14 excluded)
      57:   49 /   50 conformations passed the filter (1 excluded)
     552:   48 /   50 conformations passed the filter (2 excluded)
     185:   46 /   50 conformations passed the filter (4 excluded)
     256:   43 /   50 conformations passed the filter (7 excluded)
     669:   45 /   50 conformations passed the filter (5 excluded)
     181:   42 /   50 conformations passed the filter (8 excluded)
     594:   45 /   50 conformations passed the filter (5 excluded)
     665:   44 /   50 conformations passed the filter (6 excluded)
     298:   37 /   50 conformations passed the filter (13 excluded)
      52:   48 /   50 conformations passed the filter (2 excluded)
     502:   38 /   50 conformations passed the filter (12 excluded)
     590:   31 /   50 conformations passed the filter (19 excluded)
     206:   36 /   50 conformations passed the filter (14 excluded)
     619:   36 /   50 conformations passed the filter (14 excluded)
      22:   48 /   50 conformations passed the filter (2 excluded)
     131:   34 /   50 conformations passed the filter (16 excluded)
     202:   37 /   50 conformations passed the filter (13 excluded)
     615:   26 /   50 conformations passed the filter (24 excluded)
     248:   37 /   50 conformations passed the filter (13 excluded)
     319:   47 /   50 conformations passed the filter (3 excluded)
     540:   40 /   50 conformations passed the filter (10 excluded)
     173:   39 /   50 conformations passed the filter (11 excluded)
     611:   31 /   50 conformations passed the filter (19 excluded)
     244:   45 /   50 conformations passed the filter (5 excluded)
     657:   42 /   50 conformations passed the filter (8 excluded)
     582:   34 /   50 conformations passed the filter (16 excluded)
     653:   44 /   50 conformations passed the filter (6 excluded)
     286:   50 /   50 conformations passed the filter
     282:   48 /   50 conformations passed the filter (2 excluded)
     399:   36 /   50 conformations passed the filter (14 excluded)
     603:   36 /   50 conformations passed the filter (14 excluded)
     236:   29 /   50 conformations passed the filter (21 excluded)
     307:   37 /   50 conformations passed the filter (13 excluded)
      25:   49 /   50 conformations passed the filter (1 excluded)
     232:   35 /   50 conformations passed the filter (15 excluded)
     645:   40 /   50 conformations passed the filter (10 excluded)
     349:   49 /   50 conformations passed the filter (1 excluded)
     570:   44 /   50 conformations passed the filter (6 excluded)
     641:   29 /   50 conformations passed the filter (21 excluded)
     274:   48 /   50 conformations passed the filter (2 excluded)
     345:   39 /   50 conformations passed the filter (11 excluded)
      20:   46 /   50 conformations passed the filter (4 excluded)
     270:   48 /   50 conformations passed the filter (2 excluded)
     387:   42 /   50 conformations passed the filter (8 excluded)
       9:   40 /   50 conformations passed the filter (10 excluded)
     220:   38 /   50 conformations passed the filter (12 excluded)
     337:   34 /   50 conformations passed the filter (16 excluded)
     408:   34 /   50 conformations passed the filter (16 excluded)
      28:   33 /   50 conformations passed the filter (17 excluded)
     262:   41 /   50 conformations passed the filter (9 excluded)
     333:   41 /   50 conformations passed the filter (9 excluded)
     379:   37 /   50 conformations passed the filter (13 excluded)
      76:   36 /   50 conformations passed the filter (14 excluded)
     671:   46 /   50 conformations passed the filter (4 excluded)
     375:   47 /   50 conformations passed the filter (3 excluded)
     488:   38 /   50 conformations passed the filter (12 excluded)
      71:   40 /   50 conformations passed the filter (10 excluded)
     325:   36 /   50 conformations passed the filter (14 excluded)
     250:   41 /   50 conformations passed the filter (9 excluded)
     321:   35 /   50 conformations passed the filter (15 excluded)
     438:   37 /   50 conformations passed the filter (13 excluded)
     363:   34 /   50 conformations passed the filter (16 excluded)
     434:   27 /   50 conformations passed the filter (23 excluded)
      79:   30 /   50 conformations passed the filter (20 excluded)
     476:   38 /   50 conformations passed the filter (12 excluded)
     313:   49 /   50 conformations passed the filter (1 excluded)
     426:   26 /   50 conformations passed the filter (24 excluded)
      44:   32 /   50 conformations passed the filter (18 excluded)
     351:   36 /   50 conformations passed the filter (14 excluded)
     422:   44 /   50 conformations passed the filter (6 excluded)
     468:   33 /   50 conformations passed the filter (17 excluded)
     539:   38 /   50 conformations passed the filter (12 excluded)
     393:   42 /   50 conformations passed the filter (8 excluded)
     464:   33 /   50 conformations passed the filter (17 excluded)
     168:   40 /   50 conformations passed the filter (10 excluded)
     577:   46 /   50 conformations passed the filter (4 excluded)
     414:   32 /   50 conformations passed the filter (18 excluded)
     118:   42 /   50 conformations passed the filter (8 excluded)
     410:   32 /   50 conformations passed the filter (18 excluded)
     456:   26 /   50 conformations passed the filter (24 excluded)
     527:   48 /   50 conformations passed the filter (2 excluded)
      47:   36 /   50 conformations passed the filter (14 excluded)
     452:   33 /   50 conformations passed the filter (17 excluded)
     156:   49 /   50 conformations passed the filter (1 excluded)
     569:   48 /   50 conformations passed the filter (2 excluded)
      95:   32 /   50 conformations passed the filter (18 excluded)
     494:   43 /   50 conformations passed the filter (7 excluded)
     565:   45 /   50 conformations passed the filter (5 excluded)
     198:   38 /   50 conformations passed the filter (12 excluded)
      42:   27 /   50 conformations passed the filter (23 excluded)
     402:   34 /   50 conformations passed the filter (16 excluded)
     490:   48 /   50 conformations passed the filter (2 excluded)
     106:   44 /   50 conformations passed the filter (6 excluded)
      12:   47 /   50 conformations passed the filter (3 excluded)
      90:   40 /   50 conformations passed the filter (10 excluded)
     102:   38 /   50 conformations passed the filter (12 excluded)
     515:   39 /   50 conformations passed the filter (11 excluded)
     148:   44 /   50 conformations passed the filter (6 excluded)
     219:   48 /   50 conformations passed the filter (2 excluded)
     440:   27 /   50 conformations passed the filter (23 excluded)
     511:   29 /   50 conformations passed the filter (21 excluded)
     144:   45 /   50 conformations passed the filter (5 excluded)
     557:   50 /   50 conformations passed the filter
     628:   36 /   50 conformations passed the filter (14 excluded)
     482:   35 /   50 conformations passed the filter (15 excluded)
     553:   45 /   50 conformations passed the filter (5 excluded)
     186:   43 /   50 conformations passed the filter (7 excluded)
     257:   43 /   50 conformations passed the filter (7 excluded)
      98:   41 /   50 conformations passed the filter (9 excluded)
     182:   31 /   50 conformations passed the filter (19 excluded)
     595:   44 /   50 conformations passed the filter (6 excluded)
     299:   37 /   50 conformations passed the filter (13 excluded)
     503:   34 /   50 conformations passed the filter (16 excluded)
     136:   49 /   50 conformations passed the filter (1 excluded)
     591:   40 /   50 conformations passed the filter (10 excluded)
     207:   32 /   50 conformations passed the filter (18 excluded)
      15:   41 /   50 conformations passed the filter (9 excluded)
      93:   40 /   50 conformations passed the filter (10 excluded)
     132:   46 /   50 conformations passed the filter (4 excluded)
     545:   36 /   50 conformations passed the filter (14 excluded)
     616:   26 /   50 conformations passed the filter (24 excluded)
     249:   36 /   50 conformations passed the filter (14 excluded)
     541:   43 /   50 conformations passed the filter (7 excluded)
     174:   45 /   50 conformations passed the filter (5 excluded)
     245:   47 /   50 conformations passed the filter (3 excluded)
      10:   50 /   50 conformations passed the filter
     658:   38 /   50 conformations passed the filter (12 excluded)
     170:   39 /   50 conformations passed the filter (11 excluded)
     583:   49 /   50 conformations passed the filter (1 excluded)
     654:   45 /   50 conformations passed the filter (5 excluded)
     287:   50 /   50 conformations passed the filter
       8:   43 /   50 conformations passed the filter (7 excluded)
     608:   27 /   50 conformations passed the filter (23 excluded)
     120:   38 /   50 conformations passed the filter (12 excluded)
     604:   40 /   50 conformations passed the filter (10 excluded)
     237:   45 /   50 conformations passed the filter (5 excluded)
     308:   42 /   50 conformations passed the filter (8 excluded)
      18:   49 /   50 conformations passed the filter (1 excluded)
     162:   49 /   50 conformations passed the filter (1 excluded)
     600:   28 /   50 conformations passed the filter (22 excluded)
     233:   34 /   50 conformations passed the filter (16 excluded)
     646:   46 /   50 conformations passed the filter (4 excluded)
     279:   44 /   50 conformations passed the filter (6 excluded)
      66:   40 /   50 conformations passed the filter (10 excluded)
     571:   39 /   50 conformations passed the filter (11 excluded)
     642:   31 /   50 conformations passed the filter (19 excluded)
     275:   47 /   50 conformations passed the filter (3 excluded)
     271:   49 /   50 conformations passed the filter (1 excluded)
     388:   28 /   50 conformations passed the filter (22 excluded)
      61:   38 /   50 conformations passed the filter (12 excluded)
     225:   32 /   50 conformations passed the filter (18 excluded)
     221:   35 /   50 conformations passed the filter (15 excluded)
     634:   31 /   50 conformations passed the filter (19 excluded)
------------------
>total molecules: 677
>total conformations: 33849
>total valid molecules: 677
>total valid conformations: 26279