>rna-trinucleotide: 64 molecules found
      34:  424 /  519 conformations passed the filter (95 excluded)
      37:  607 /  644 conformations passed the filter (37 excluded)
      53:  647 /  672 conformations passed the filter (25 excluded)
       7:  497 /  528 conformations passed the filter (31 excluded)
      56:  674 /  728 conformations passed the filter (54 excluded)
      51:  412 /  456 conformations passed the filter (44 excluded)
      21:  391 /  452 conformations passed the filter (61 excluded)
      59: 1014 / 1060 conformations passed the filter (46 excluded)
      24:  664 /  682 conformations passed the filter (18 excluded)
      27:  586 /  599 conformations passed the filter (13 excluded)
      43:  262 /  337 conformations passed the filter (75 excluded)
       6:  470 /  570 conformations passed the filter (100 excluded)
       3:  230 /  248 conformations passed the filter (18 excluded)
      46:  635 /  705 conformations passed the filter (70 excluded)
      41:  853 /  884 conformations passed the filter (31 excluded)
      11:  986 / 1007 conformations passed the filter (21 excluded)
      49:  733 /  872 conformations passed the filter (139 excluded)
      19:  575 /  638 conformations passed the filter (63 excluded)
      14:  355 /  442 conformations passed the filter (87 excluded)
      17:  419 /  495 conformations passed the filter (76 excluded)
      60: 1237 / 1290 conformations passed the filter (53 excluded)
      63:  465 /  608 conformations passed the filter (143 excluded)
      33:  373 /  452 conformations passed the filter (79 excluded)
       5:  247 /  456 conformations passed the filter (209 excluded)
       2:  713 /  756 conformations passed the filter (43 excluded)
      36:  861 /  938 conformations passed the filter (77 excluded)
      31:  315 /  352 conformations passed the filter (37 excluded)
      39:  406 /  412 conformations passed the filter (6 excluded)
      55: 1313 / 1503 conformations passed the filter (190 excluded)
      50:  617 /  691 conformations passed the filter (74 excluded)
      58:  326 /  341 conformations passed the filter (15 excluded)
      23:  274 /  296 conformations passed the filter (22 excluded)
       4:  386 /  472 conformations passed the filter (86 excluded)
       1:  541 /  577 conformations passed the filter (36 excluded)
      26:  238 /  253 conformations passed the filter (15 excluded)
      29:  359 /  437 conformations passed the filter (78 excluded)
      45:  548 /  564 conformations passed the filter (16 excluded)
      40:  529 / 1386 conformations passed the filter (857 excluded)
      48:  465 /  638 conformations passed the filter (173 excluded)
      13:  257 /  292 conformations passed the filter (35 excluded)
       0:  600 /  775 conformations passed the filter (175 excluded)
      16:  278 /  346 conformations passed the filter (68 excluded)
      62:  957 /  995 conformations passed the filter (38 excluded)
      32:  946 / 1018 conformations passed the filter (72 excluded)
      35:  356 /  383 conformations passed the filter (27 excluded)
      30:  309 /  381 conformations passed the filter (72 excluded)
      38:  522 /  556 conformations passed the filter (34 excluded)
      54:  353 /  421 conformations passed the filter (68 excluded)
      57:  835 /  964 conformations passed the filter (129 excluded)
      52:  855 /  949 conformations passed the filter (94 excluded)
      22:  141 /  185 conformations passed the filter (44 excluded)
      25:  305 /  342 conformations passed the filter (37 excluded)
      20:  285 /  379 conformations passed the filter (94 excluded)
       9:  505 /  538 conformations passed the filter (33 excluded)
      28:  430 /  466 conformations passed the filter (36 excluded)
      44:  664 /  774 conformations passed the filter (110 excluded)
      47:  655 /  696 conformations passed the filter (41 excluded)
      42: 1556 / 1622 conformations passed the filter (66 excluded)
      12:  317 /  347 conformations passed the filter (30 excluded)
      15:  289 /  339 conformations passed the filter (50 excluded)
      10:  933 / 1041 conformations passed the filter (108 excluded)
       8:  947 / 1014 conformations passed the filter (67 excluded)
      18:  308 /  390 conformations passed the filter (82 excluded)
      61:  561 /  662 conformations passed the filter (101 excluded)
------------------
>total molecules: 64
>total conformations: 40835
>total valid molecules: 64
>total valid conformations: 35811