>gen2: 1047 molecules found
     705:  371 conformations found
     338:  285 conformations found
     630:   91 conformations found
     263:   46 conformations found
     334:  254 conformations found
     747:   98 conformations found
      69:  279 conformations found
     672:   22 conformations found
     743:   85 conformations found
     376:   11 conformations found
    1033:   32 conformations found
     789:   80 conformations found
     785:  171 conformations found
     326:   90 conformations found
      34:   58 conformations found
     251:   96 conformations found
     322: 2723 conformations found
     735:  591 conformations found
     368:  169 conformations found
     806:   11 conformations found
     439:  501 conformations found
     660:  423 conformations found
     731:   12 conformations found
     364:   90 conformations found
    1048:   10 conformations found
     777:   52 conformations found
     848:  730 conformations found
     360:  246 conformations found
    1008:   98 conformations found
     773:  427 conformations found
     477:   35 conformations found
     314:   82 conformations found
     886:   58 conformations found
     310:   97 conformations found
     723:  283 conformations found
     427:  244 conformations found
      37:  287 conformations found
     352:  198 conformations found
     423:  141 conformations found
     836:  167 conformations found
     469:  246 conformations found
      85:  269 conformations found
     761:  298 conformations found
     394:  104 conformations found
     832:  263 conformations found
     465:  229 conformations found
     878:   50 conformations found
     949:   87 conformations found
     390:  430 conformations found
     874:  320 conformations found
      80:  573 conformations found
    1034:   40 conformations found
     711:   78 conformations found
     415:  181 conformations found
     119:  220 conformations found
     340:   98 conformations found
     411:  379 conformations found
    1041:  158 conformations found
     824:  497 conformations found
     457:   36 conformations found
     528:   24 conformations found
     382:   87 conformations found
     820:  456 conformations found
     453:   31 conformations found
     157:  285 conformations found
     866:   10 conformations found
     937:  242 conformations found
      88:  118 conformations found
     791:  612 conformations found
     862:   28 conformations found
     495:  110 conformations found
     566:  300 conformations found
     199:  341 conformations found
     979:  133 conformations found
     403:  210 conformations found
     491:   12 conformations found
     107:   77 conformations found
    1009:   47 conformations found
     975:   91 conformations found
      83:  458 conformations found
     103:  223 conformations found
     812:  490 conformations found
     516:  229 conformations found
     149:   17 conformations found
     929:   11 conformations found
      53:  359 conformations found
     441:   13 conformations found
     145:  170 conformations found
     854:  306 conformations found
     925:  360 conformations found
     558:  311 conformations found
     629:   17 conformations found
     850:   25 conformations found
     483:  325 conformations found
     554:   37 conformations found
     187:   33 conformations found
       7:   33 conformations found
     967:   13 conformations found
     892:  147 conformations found
     963:   73 conformations found
     596:   35 conformations found
     800:  101 conformations found
     504:   51 conformations found
     137:   93 conformations found
     208:   67 conformations found
     500:  368 conformations found
     133:   12 conformations found
     913: 2619 conformations found
     546:  430 conformations found
     617:   56 conformations found
      56:  126 conformations found
     471:  253 conformations found
     542:  295 conformations found
     175:  260 conformations found
     246:  157 conformations found
     955:   19 conformations found
    1042:  121 conformations found
     659:   87 conformations found
     171:  240 conformations found
     880:  148 conformations found
     951:  277 conformations found
     584:   44 conformations found
     288:   35 conformations found
     997:  161 conformations found
      51:  261 conformations found
     125:  309 conformations found
     580:   37 conformations found
     993:  144 conformations found
     609:  199 conformations found
     697:   35 conformations found
      21:  236 conformations found
     121:   26 conformations found
     901:   42 conformations found
     534:  173 conformations found
     605:   99 conformations found
     238:  407 conformations found
     309:   96 conformations found
     530:  102 conformations found
     163:  230 conformations found
     234:  227 conformations found
     943:    9 conformations found
     647:   20 conformations found
     718:   44 conformations found
      59:   57 conformations found
    1017:   14 conformations found
     572:  629 conformations found
     643:   14 conformations found
     276:   90 conformations found
     689:   26 conformations found
     981:   54 conformations found
     685:   79 conformations found
     389:  250 conformations found
     226:  443 conformations found
      24:  297 conformations found
     151:  366 conformations found
     222:   55 conformations found
     635:   24 conformations found
     268:   13 conformations found
     706:   60 conformations found
     339:   22 conformations found
     560:  148 conformations found
     631:   67 conformations found
     264:  503 conformations found
     677:  142 conformations found
     748:  362 conformations found
     260:  227 conformations found
     673:   93 conformations found
     377:    8 conformations found
    1043:   37 conformations found
     214:  445 conformations found
    1003:   13 conformations found
     786:  189 conformations found
     210:  402 conformations found
     623:  124 conformations found
     327:   47 conformations found
      27:  327 conformations found
     252:   54 conformations found
     323:  220 conformations found
     736:   51 conformations found
     369:   17 conformations found
      75:   49 conformations found
     661: 1005 conformations found
     294:  346 conformations found
     732:  139 conformations found
     365:  314 conformations found
     778:  123 conformations found
     849:  246 conformations found
     290:  213 conformations found
    1018: 1519 conformations found
     774:  202 conformations found
      70:   73 conformations found
     315:   30 conformations found
     240:  258 conformations found
     311:  130 conformations found
     724:  189 conformations found
     357:  283 conformations found
     428:  200 conformations found
     720:  243 conformations found
     353:  551 conformations found
     766:  189 conformations found
     837:  359 conformations found
      78:  196 conformations found
     762:  188 conformations found
     395:   77 conformations found
     466:  279 conformations found
     879:  133 conformations found
     303:   56 conformations found
     391:    8 conformations found
     875:  218 conformations found
      73:   49 conformations found
    1044:  275 conformations found
     712:   50 conformations found
     416:   87 conformations found
     829:  294 conformations found
      43: 1386 conformations found
    1004:   14 conformations found
     341:   14 conformations found
     412:  175 conformations found
     825:  218 conformations found
     458:  515 conformations found
     529:  220 conformations found
     750:  455 conformations found
     383:  345 conformations found
     821:  644 conformations found
     454:  349 conformations found
       6:   89 conformations found
     867: 1240 conformations found
     938:   11 conformations found
     792:  467 conformations found
     863:   32 conformations found
     496:  483 conformations found
       3:    7 conformations found
     700:   31 conformations found
     404:  118 conformations found
     108:  183 conformations found
    1019:   25 conformations found
     400:  501 conformations found
     813:  221 conformations found
     446:   13 conformations found
     517:  328 conformations found
      46:   35 conformations found
     371:   31 conformations found
     442:   13 conformations found
     146:   14 conformations found
     855:  200 conformations found
     926:   55 conformations found
     559:  204 conformations found
    1030:   28 conformations found
     780:  225 conformations found
     851:   31 conformations found
     484:  185 conformations found
     555:  209 conformations found
     188:   32 conformations found
      41: 1083 conformations found
     968:   15 conformations found
     480:  257 conformations found
     893:   42 conformations found
     509:  213 conformations found
     964:    9 conformations found
     597:  192 conformations found
      11:   53 conformations found
     801:   82 conformations found
     505:   66 conformations found
     138:  257 conformations found
     209:  117 conformations found
     918:  186 conformations found
     430:   17 conformations found
     501:  602 conformations found
     134:  248 conformations found
     914:  461 conformations found
     547:  285 conformations found
     618:   14 conformations found
      49:   37 conformations found
     472:  477 conformations found
    1005:   83 conformations found
     543:  500 conformations found
     176:  290 conformations found
     956:  288 conformations found
     589:  206 conformations found
      19:   97 conformations found
      97:   33 conformations found
     881:  106 conformations found
     952:   31 conformations found
     585:  648 conformations found
     289:    9 conformations found
     998:  205 conformations found
     126:  200 conformations found
     994:  238 conformations found
      14:  943 conformations found
     698:   51 conformations found
      92:  227 conformations found
     122:  247 conformations found
     902:   31 conformations found
     535: 1987 conformations found
     606:  108 conformations found
     239:  357 conformations found
     460:  279 conformations found
     531:   45 conformations found
     164:  282 conformations found
     235:  302 conformations found
     944:   34 conformations found
     648:   63 conformations found
     160:  263 conformations found
     940:   12 conformations found
     573:  413 conformations found
     644:   19 conformations found
     277:   74 conformations found
     114:   34 conformations found
     982:  250 conformations found
     686:  357 conformations found
     110:  320 conformations found
     523:  230 conformations found
     227:  161 conformations found
      17:  916 conformations found
     152:  367 conformations found
     223:  149 conformations found
     932:  155 conformations found
     636:   65 conformations found
     269:  383 conformations found
     707:   90 conformations found
      65:   79 conformations found
     561:  221 conformations found
     194:  199 conformations found
     632:   47 conformations found
     265:   37 conformations found
     678:  108 conformations found
     749:   37 conformations found
     190:  425 conformations found
     970:  140 conformations found
     674:  110 conformations found
    1006:  248 conformations found
     378:   40 conformations found
      60:   33 conformations found
     215:  148 conformations found
    1013:  370 conformations found
     787:   24 conformations found
     140:  142 conformations found
     211:  237 conformations found
     624:   82 conformations found
     328:  187 conformations found
     620:   65 conformations found
     253:  341 conformations found
     666:  647 conformations found
     737:   48 conformations found
      68:   64 conformations found
     662:  286 conformations found
     295:  456 conformations found
     366:  425 conformations found
     779:  183 conformations found
     203:  467 conformations found
     291:   72 conformations found
    1028:   19 conformations found
     775:   90 conformations found
      63:   17 conformations found
     612:   38 conformations found
     316:  460 conformations found
      33:  347 conformations found
     241:  513 conformations found
     312:   24 conformations found
     725:   19 conformations found
     358:  268 conformations found
     429:  376 conformations found
     650:  126 conformations found
     283:  100 conformations found
     721:  233 conformations found
     354:  103 conformations found
       5:   74 conformations found
     767:   24 conformations found
     838:  101 conformations found
     692:   90 conformations found
     763:   43 conformations found
     396:   71 conformations found
       2:  266 conformations found
     304:   94 conformations found
     392:   91 conformations found
     300:   57 conformations found
     713:  227 conformations found
     346:   46 conformations found
     417:  208 conformations found
      36:  251 conformations found
    1014:  256 conformations found
     342:   10 conformations found
     755:  255 conformations found
     826:   27 conformations found
     459:  184 conformations found
     751:   86 conformations found
     384: 1049 conformations found
     455:  369 conformations found
      31: 1785 conformations found
     868:   30 conformations found
     380:   25 conformations found
     793:  892 conformations found
     409:  172 conformations found
     864: 1097 conformations found
     497:  326 conformations found
     701:   21 conformations found
     405:  360 conformations found
     109:   70 conformations found
     818: 1417 conformations found
    1029:   25 conformations found
     330:   51 conformations found
     401:  217 conformations found
     814:  246 conformations found
     447:  101 conformations found
     518:  504 conformations found
      39:   37 conformations found
     372:    9 conformations found
     810:  235 conformations found
     443:   13 conformations found
     856: 1684 conformations found
     489:   10 conformations found
     927:   25 conformations found
    1040:  209 conformations found
      87:   78 conformations found
     781:  170 conformations found
     852:   26 conformations found
     485: 1860 conformations found
    1000:   90 conformations found
     189:  235 conformations found
     898:  243 conformations found
     969:  203 conformations found
     481:  275 conformations found
     894:  113 conformations found
     598:  258 conformations found
      82:  245 conformations found
     802:  260 conformations found
     435:  352 conformations found
     890:   81 conformations found
     506:   44 conformations found
     139:  232 conformations found
     919:  441 conformations found
     431:   19 conformations found
     844:  133 conformations found
     915:   90 conformations found
     548:  105 conformations found
     840:  145 conformations found
     473:   14 conformations found
    1015:   19 conformations found
     544:  111 conformations found
     177:  133 conformations found
     957:  221 conformations found
     882:  406 conformations found
     953:  124 conformations found
     586:  141 conformations found
     999:  131 conformations found
     127:  156 conformations found
     907:  436 conformations found
     995:  257 conformations found
     123:  284 conformations found
     903:  126 conformations found
     536:  215 conformations found
     169:  235 conformations found
     607:  412 conformations found
      55:  473 conformations found
     461:  274 conformations found
     532:  734 conformations found
     165:  213 conformations found
     945:  409 conformations found
     578:   14 conformations found
     649:   47 conformations found
     161:  278 conformations found
     870:   49 conformations found
     941:  174 conformations found
     574: 1097 conformations found
     278:   65 conformations found
     987:  115 conformations found
      50:  278 conformations found
     115:  686 conformations found
     983: 2397 conformations found
     687:    5 conformations found
    1001:   30 conformations found
     111:   91 conformations found
     524:  257 conformations found
     228:  185 conformations found
     520:  454 conformations found
     153:  249 conformations found
     224:  202 conformations found
     933:   51 conformations found
     637:  818 conformations found
      58:   57 conformations found
     562:  808 conformations found
     195:  221 conformations found
     633:   39 conformations found
     266:  119 conformations found
     679:  119 conformations found
     191:  232 conformations found
     971:  515 conformations found
     675:  674 conformations found
    1016:  224 conformations found
     512:   56 conformations found
     216:  116 conformations found
      23:  251 conformations found
     141:  134 conformations found
     212:  126 conformations found
     921:  332 conformations found
     625:   64 conformations found
     258:   96 conformations found
     329:   64 conformations found
     550:   40 conformations found
     183:  230 conformations found
     621:   72 conformations found
     254:  666 conformations found
       4:   20 conformations found
     667: 3023 conformations found
     738:   49 conformations found
     592:  546 conformations found
     663:  147 conformations found
     296:  114 conformations found
       1:  238 conformations found
     367:  145 conformations found
     204:  461 conformations found
     292:  184 conformations found
     776:   48 conformations found
     200:  258 conformations found
     613:   38 conformations found
     317:  232 conformations found
      26:  300 conformations found
     242:  218 conformations found
    1002:   79 conformations found
     655:  111 conformations found
     726:   48 conformations found
     359:  192 conformations found
      74:   33 conformations found
     651:   28 conformations found
     284:   78 conformations found
     355:  144 conformations found
     768:  276 conformations found
     839:   11 conformations found
     280:   29 conformations found
     693:  161 conformations found
     764:   48 conformations found
     397:  646 conformations found
     601:  231 conformations found
     305:   74 conformations found
     230:  238 conformations found
     301:   13 conformations found
     714:  167 conformations found
     347:  165 conformations found
     418:  171 conformations found
      29:   11 conformations found
     272:  415 conformations found
    1024:  211 conformations found
     710:   10 conformations found
     343:   12 conformations found
     756:  239 conformations found
     827:  157 conformations found
      77:   94 conformations found
     681:   63 conformations found
     752:   28 conformations found
     385:  670 conformations found
     798: 1222 conformations found
     869:  223 conformations found
     381:  129 conformations found
     794:  554 conformations found
     498:  448 conformations found
      72:  185 conformations found
     702:   15 conformations found
     335:   10 conformations found
     790:  148 conformations found
     406:  331 conformations found
     819:  274 conformations found
    1039:  328 conformations found
     331:   43 conformations found
     744:  200 conformations found
     815:  453 conformations found
     448: 1259 conformations found
     519:  662 conformations found
     740:  152 conformations found
     373:  214 conformations found
     444:   13 conformations found
     857:   85 conformations found
     928:   29 conformations found
     782:  179 conformations found
     853:  188 conformations found
     486:   50 conformations found
    1010:  882 conformations found
     899:   80 conformations found
     807:  111 conformations found
     895:  586 conformations found
     599:  163 conformations found
     803:  135 conformations found
     436:  366 conformations found
     507:  784 conformations found
      45:  299 conformations found
     361:  546 conformations found
     432:   21 conformations found
     845:  189 conformations found
     478:   59 conformations found
     916:   78 conformations found
     549:   35 conformations found
     770:  354 conformations found
     841:   41 conformations found
     474:   89 conformations found
    1025:   11 conformations found
     178:  162 conformations found
     887:  116 conformations found
      40:   51 conformations found
     958:  293 conformations found
     470:  277 conformations found
     883:  676 conformations found
     587:  403 conformations found
     424:  250 conformations found
     128:  409 conformations found
     908:   47 conformations found
     996:  248 conformations found
     420:  242 conformations found
     124:  303 conformations found
     833:  370 conformations found
     904:  367 conformations found
     537:  318 conformations found
      48:   31 conformations found
     462:  221 conformations found
     533:  584 conformations found
     166:  238 conformations found
     946:  129 conformations found
     579:   60 conformations found
      96:  537 conformations found
     871:  209 conformations found
     942:    8 conformations found
     575:  409 conformations found
     988:  414 conformations found
     116:  158 conformations found
     984:  258 conformations found
      13:  725 conformations found
      91:  279 conformations found
    1011:  718 conformations found
     112:   50 conformations found
     525: 1061 conformations found
     158:   52 conformations found
     229:  191 conformations found
     450:  178 conformations found
     521:  264 conformations found
     154:   27 conformations found
     934:   37 conformations found
     567:  142 conformations found
     638: 1351 conformations found
     150:  288 conformations found
     930:  114 conformations found
     563: 1321 conformations found
     196:  297 conformations found
       0: 1022 conformations found
     267:  177 conformations found
     976:   37 conformations found
     104:   53 conformations found
      99:   58 conformations found
     192:  221 conformations found
     972:  635 conformations found
     676:  330 conformations found
    1026:   23 conformations found
     100:   23 conformations found
     513:  164 conformations found
     217:  203 conformations found
      16:   32 conformations found
      94:  244 conformations found
     142:  331 conformations found
     213:  100 conformations found
     922:  115 conformations found
     626:  184 conformations found
     259:   72 conformations found
      64:   76 conformations found
     551:  222 conformations found
     184:  177 conformations found
     622:   68 conformations found
     255:  202 conformations found
     668:   31 conformations found
     739:   38 conformations found
     180:  176 conformations found
     960:    9 conformations found
     593:   54 conformations found
     664:  187 conformations found
     297:   16 conformations found
     205:  584 conformations found
     293:  113 conformations found
     130:  248 conformations found
     201:  268 conformations found
     910:   16 conformations found
     614:   21 conformations found
     247:  127 conformations found
     318:  267 conformations found
     172:  503 conformations found
     610:   50 conformations found
     243:   38 conformations found
    1012:  306 conformations found
     656:   54 conformations found
     727:   66 conformations found
      67:   30 conformations found
     581:   36 conformations found
     652:   45 conformations found
     285:   87 conformations found
     356:  201 conformations found
     769:   43 conformations found
     281:   29 conformations found
     990:   24 conformations found
     694:  193 conformations found
     765:   94 conformations found
     398:  303 conformations found
      62:  376 conformations found
     602:   74 conformations found
     690:   58 conformations found
     306:  214 conformations found
     719:  181 conformations found
      32:  212 conformations found
    1027:   19 conformations found
     231:   23 conformations found
     302: 1049 conformations found
     715:   56 conformations found
     348:   81 conformations found
     419:  182 conformations found
     640:  766 conformations found
     273:   74 conformations found
     344:   95 conformations found
     757:  121 conformations found
     828:  254 conformations found
     682:   33 conformations found
     753:  232 conformations found
     386:  331 conformations found
     799:   25 conformations found
     795:  238 conformations found
     499:  273 conformations found
     703:  128 conformations found
     336:    9 conformations found
     407:  156 conformations found
      35:  378 conformations found
    1049:  746 conformations found
     261:  231 conformations found
     332:   43 conformations found
     745:   41 conformations found
     816:  161 conformations found
     449:  232 conformations found
     670:   11 conformations found
     741:  213 conformations found
     374:   10 conformations found
     445:   13 conformations found
      30:   22 conformations found
     858:   49 conformations found
     370:   29 conformations found
     783:   37 conformations found
     487:   14 conformations found
    1020:   16 conformations found
     324:   92 conformations found
     808:   45 conformations found
     896:   48 conformations found
     320:  936 conformations found
     733:  109 conformations found
     804:   88 conformations found
     437:  521 conformations found
     508:   31 conformations found
      38:  230 conformations found
     362:  442 conformations found
     433:  349 conformations found
     846:   52 conformations found
     479:   62 conformations found
     917:   78 conformations found
      86:  223 conformations found
     771:   84 conformations found
     842:   42 conformations found
     475:   43 conformations found
    1035:    9 conformations found
     179:  175 conformations found
     888:  164 conformations found
     959:  330 conformations found
     884:  259 conformations found
     588: 2046 conformations found
      81:  227 conformations found
     425:  188 conformations found
     129:  172 conformations found
     909:   34 conformations found
     350:  209 conformations found
     421:  175 conformations found
     834:  527 conformations found
     467:  197 conformations found
     905:  367 conformations found
     538: 1163 conformations found
     830: 8333 conformations found
     463:  218 conformations found
     167:  236 conformations found
     876:  259 conformations found
     947:  123 conformations found
      89:  201 conformations found
     872:  186 conformations found
     576:  513 conformations found
     989:  111 conformations found
     413:  226 conformations found
     117:  252 conformations found
     985:  130 conformations found
      84:  437 conformations found
    1021:   85 conformations found
     113:   78 conformations found
     822:  490 conformations found
     526:  651 conformations found
     159:  260 conformations found
     939:  100 conformations found
      54: 1030 conformations found
     451:  329 conformations found
     522:  241 conformations found
     155:  221 conformations found
     935:   34 conformations found
     568:  472 conformations found
     639:  355 conformations found
     860:   74 conformations found
     493:  397 conformations found
     931:   41 conformations found
     564:  426 conformations found
     197:  467 conformations found
     977:  160 conformations found
     105:  321 conformations found
     193:  331 conformations found
     973:  265 conformations found
    1036:   30 conformations found
     101:   51 conformations found
     514:  102 conformations found
     147:   67 conformations found
     218:  437 conformations found
     510:   25 conformations found
     143:  600 conformations found
     923:   24 conformations found
     556:  418 conformations found
     627:  162 conformations found
      57:   73 conformations found
     552:  237 conformations found
     185:  255 conformations found
     256:  540 conformations found
     965:   14 conformations found
     669:  106 conformations found
     181:  141 conformations found
     961:   64 conformations found
     594:  316 conformations found
     665:   43 conformations found
     298:   18 conformations found
      52:  374 conformations found
     502:  537 conformations found
     590:  123 conformations found
     206:   50 conformations found
     619:   59 conformations found
      22:  269 conformations found
     131:   60 conformations found
     202:  370 conformations found
     911:  101 conformations found
     615:  186 conformations found
     248:  145 conformations found
     319:   23 conformations found
     540:   45 conformations found
     173:  214 conformations found
     611:  408 conformations found
     244:   28 conformations found
    1022:   56 conformations found
     657: 1878 conformations found
     728:   52 conformations found
     582:  751 conformations found
     653:   44 conformations found
     286:  214 conformations found
     699:   31 conformations found
     282:  121 conformations found
     991:   60 conformations found
     695:  167 conformations found
     399:  684 conformations found
     603:  297 conformations found
     236:   22 conformations found
     691:   49 conformations found
     307:   86 conformations found
      25:  276 conformations found
    1037:   70 conformations found
     232:  355 conformations found
     645:   57 conformations found
     716:   10 conformations found
     349:   67 conformations found
     570:  323 conformations found
     641:  288 conformations found
     274:  130 conformations found
     345:  134 conformations found
      20:  197 conformations found
     758:  101 conformations found
     270:  369 conformations found
     683:   31 conformations found
     754:  113 conformations found
     387:  365 conformations found
       9:   29 conformations found
     708:  169 conformations found
     796:  501 conformations found
     220:   96 conformations found
     704:   41 conformations found
     337:  249 conformations found
     408:  265 conformations found
      28:   14 conformations found
     262:  100 conformations found
     333:  379 conformations found
     746:  274 conformations found
     379:   10 conformations found
     817:   31 conformations found
      76:   27 conformations found
     671:   61 conformations found
     742:  347 conformations found
     375:  284 conformations found
    1023:   58 conformations found
     788:   20 conformations found
     859:   92 conformations found
     784:   29 conformations found
     488:  410 conformations found
      71:  189 conformations found
     325:   69 conformations found
     809:  233 conformations found
     897:  213 conformations found
     250:   99 conformations found
     321: 2843 conformations found
     734:   58 conformations found
     805:   19 conformations found
     438:  353 conformations found
     730:   65 conformations found
     363:  179 conformations found
    1038:  294 conformations found
     434:  338 conformations found
     847:   81 conformations found
      79:  347 conformations found
     772:  340 conformations found
     843:  251 conformations found
     476: 3111 conformations found
    1045:  122 conformations found
     889:  802 conformations found
     313:  104 conformations found
     885:  429 conformations found
     722:   66 conformations found
     426:  215 conformations found
      44:  180 conformations found
     351:  494 conformations found
     422:  131 conformations found
     835:    6 conformations found
     468:  412 conformations found
     906:  315 conformations found
     539:   41 conformations found
     760:  720 conformations found
     393:  250 conformations found
     831:  374 conformations found
     464:  317 conformations found
     168:  319 conformations found
     877:   19 conformations found
     948:   22 conformations found
     873:  232 conformations found
     577:  158 conformations found
     414:  185 conformations found
     118:  267 conformations found
     986:  109 conformations found
     410:  260 conformations found
    1031:   94 conformations found
     823:  171 conformations found
     456:  373 conformations found
     527:   90 conformations found
      47:  670 conformations found
     452:   51 conformations found
     156:   53 conformations found
     865:  157 conformations found
     936:   99 conformations found
     569:  225 conformations found
      95:  220 conformations found
     861:  464 conformations found
     494:   58 conformations found
     565:  142 conformations found
     198:  453 conformations found
      42:  210 conformations found
     978:  139 conformations found
     402:  379 conformations found
     490:  222 conformations found
     106:  362 conformations found
     974:  153 conformations found
      12:  220 conformations found
    1046:  150 conformations found
      90:  189 conformations found
     102:  545 conformations found
     811:  341 conformations found
     515:  268 conformations found
     148:   53 conformations found
     219:  117 conformations found
     440:  491 conformations found
     511:  895 conformations found
     144:  450 conformations found
     924:  347 conformations found
     557:  374 conformations found
     628:  109 conformations found
     482:  315 conformations found
     920:  440 conformations found
     553:   77 conformations found
     186:   38 conformations found
     257:  280 conformations found
     966:  144 conformations found
      98:  244 conformations found
     182:  212 conformations found
     891:   70 conformations found
     962:   60 conformations found
     595:  216 conformations found
     299:  318 conformations found
     503:   41 conformations found
     136:  146 conformations found
     591:  401 conformations found
     207:  206 conformations found
      15:   31 conformations found
      93:  202 conformations found
     132:   31 conformations found
     912:  482 conformations found
     545:   34 conformations found
     616:   30 conformations found
     249:  158 conformations found
     541:   44 conformations found
     174:  165 conformations found
     245:   29 conformations found
     954:  247 conformations found
    1032:   71 conformations found
      10:   22 conformations found
     658: 1102 conformations found
     729:   64 conformations found
     170:  137 conformations found
     950:  346 conformations found
     583:   85 conformations found
     654:  625 conformations found
     287:  205 conformations found
       8:   10 conformations found
     992:  248 conformations found
     608:  288 conformations found
     696:   81 conformations found
     120:  261 conformations found
     900:  128 conformations found
     604:  358 conformations found
     237:   21 conformations found
     308:  103 conformations found
      18:   24 conformations found
     162:  404 conformations found
    1047:   70 conformations found
     233:  217 conformations found
     646:   67 conformations found
     279:  180 conformations found
     717:  132 conformations found
    1007:  475 conformations found
      66:  183 conformations found
     571:  266 conformations found
     642:  568 conformations found
     275:  131 conformations found
     688:   57 conformations found
     759:  372 conformations found
     271:   15 conformations found
     980:  119 conformations found
     684:   22 conformations found
     388:  206 conformations found
      61:  315 conformations found
     225:  317 conformations found
     680:  511 conformations found
     709:   17 conformations found
     797:  598 conformations found
     221:   28 conformations found
     634:   18 conformations found
------------------
>total molecules: 1047
>total conformations: 255796
