>spice-des-monomers: 369 molecules found
     338:   50 conformations found
     263:   50 conformations found
     334:   50 conformations found
      69:   50 conformations found
     326:   50 conformations found
      34:   50 conformations found
     251:   50 conformations found
     322:   50 conformations found
     368:   50 conformations found
     364:   50 conformations found
     360:   50 conformations found
     314:   50 conformations found
     310:   50 conformations found
      37:   50 conformations found
     352:   50 conformations found
      85:   50 conformations found
      80:   50 conformations found
     119:   50 conformations found
     340:   50 conformations found
     157:   50 conformations found
      88:   50 conformations found
     199:   50 conformations found
     107:   50 conformations found
      83:   50 conformations found
     103:   50 conformations found
     149:   50 conformations found
      53:   50 conformations found
     145:   50 conformations found
     187:   50 conformations found
       7:   50 conformations found
     137:   50 conformations found
     208:   50 conformations found
     133:   50 conformations found
      56:   50 conformations found
     175:   50 conformations found
     246:   50 conformations found
     171:   50 conformations found
     288:   50 conformations found
      51:   50 conformations found
     125:   50 conformations found
      21:   50 conformations found
     121:   50 conformations found
     238:   50 conformations found
     309:   50 conformations found
     163:   50 conformations found
     234:   50 conformations found
      59:   50 conformations found
     276:   50 conformations found
     226:   50 conformations found
      24:   50 conformations found
     151:   50 conformations found
     222:   50 conformations found
     268:   50 conformations found
     339:   50 conformations found
     264:   50 conformations found
     260:   50 conformations found
     214:   50 conformations found
     210:   50 conformations found
     327:   50 conformations found
      27:   50 conformations found
     252:   50 conformations found
     323:   50 conformations found
      75:   50 conformations found
     294:   50 conformations found
     365:   50 conformations found
     290:   50 conformations found
      70:   50 conformations found
     315:   50 conformations found
     240:   50 conformations found
     311:   50 conformations found
     357:   50 conformations found
     353:   50 conformations found
      78:   50 conformations found
     303:   50 conformations found
      73:   50 conformations found
      43:   50 conformations found
     341:   50 conformations found
       6:   50 conformations found
       3:   50 conformations found
     108:   50 conformations found
      46:   50 conformations found
     146:   50 conformations found
     188:   50 conformations found
      41:   50 conformations found
      11:   50 conformations found
     138:   50 conformations found
     209:   50 conformations found
     134:   50 conformations found
      49:   50 conformations found
     176:   50 conformations found
      19:   50 conformations found
      97:   50 conformations found
     289:   50 conformations found
     126:   50 conformations found
      14:   50 conformations found
      92:   50 conformations found
     122:   50 conformations found
     239:   50 conformations found
     164:   50 conformations found
     235:   50 conformations found
     160:   50 conformations found
     277:   50 conformations found
     114:   50 conformations found
     110:   50 conformations found
     227:   50 conformations found
      17:   50 conformations found
     152:   50 conformations found
     223:   50 conformations found
     269:   50 conformations found
      65:   50 conformations found
     194:   50 conformations found
     265:   50 conformations found
     190:   50 conformations found
      60:   50 conformations found
     215:   50 conformations found
     140:   50 conformations found
     211:   50 conformations found
     328:   50 conformations found
     253:   50 conformations found
      68:   50 conformations found
     295:   50 conformations found
     366:   50 conformations found
     203:   50 conformations found
     291:   50 conformations found
      63:   50 conformations found
     316:   50 conformations found
      33:   50 conformations found
     241:   50 conformations found
     312:   50 conformations found
     358:   50 conformations found
     283:   50 conformations found
     354:   50 conformations found
       5:   50 conformations found
       2:   50 conformations found
     304:   50 conformations found
     300:   50 conformations found
     346:   50 conformations found
      36:   50 conformations found
     342:   50 conformations found
      31:   50 conformations found
     109:   50 conformations found
     330:   50 conformations found
      39:   50 conformations found
      87:   50 conformations found
     189:   50 conformations found
      82:   50 conformations found
     139:   50 conformations found
     135:   50 conformations found
     177:   50 conformations found
     127:   50 conformations found
     123:   50 conformations found
     169:   50 conformations found
      55:   50 conformations found
     165:   50 conformations found
     161:   50 conformations found
     278:   50 conformations found
      50:   50 conformations found
     115:   50 conformations found
     111:   50 conformations found
     228:   50 conformations found
     153:   50 conformations found
     224:   50 conformations found
      58:   50 conformations found
     195:   50 conformations found
     266:   50 conformations found
     191:   50 conformations found
     216:   50 conformations found
      23:   50 conformations found
     141:   50 conformations found
     212:   50 conformations found
     258:   50 conformations found
     329:   50 conformations found
     183:   50 conformations found
     254:   50 conformations found
       4:   50 conformations found
     296:   50 conformations found
       1:   50 conformations found
     367:   50 conformations found
     204:   50 conformations found
     292:   50 conformations found
     200:   50 conformations found
     317:   50 conformations found
      26:   50 conformations found
     242:   50 conformations found
     359:   50 conformations found
      74:   50 conformations found
     284:   50 conformations found
     355:   50 conformations found
     280:   50 conformations found
     305:   50 conformations found
     230:   50 conformations found
     301:   50 conformations found
     347:   50 conformations found
      29:   50 conformations found
     272:   50 conformations found
     343:   50 conformations found
      77:   50 conformations found
      72:   50 conformations found
     335:   50 conformations found
     331:   50 conformations found
      45:   50 conformations found
     361:   50 conformations found
     178:   50 conformations found
      40:   50 conformations found
     128:   50 conformations found
     124:   50 conformations found
      48:   50 conformations found
     166:   50 conformations found
      96:   50 conformations found
     116:   50 conformations found
      13:   50 conformations found
      91:   50 conformations found
     112:   50 conformations found
     158:   50 conformations found
     229:   50 conformations found
     154:   50 conformations found
     150:   50 conformations found
     196:   50 conformations found
       0:   50 conformations found
     267:   50 conformations found
     104:   50 conformations found
      99:   50 conformations found
     192:   50 conformations found
     100:   50 conformations found
     217:   50 conformations found
      16:   50 conformations found
      94:   50 conformations found
     142:   50 conformations found
     213:   50 conformations found
     259:   50 conformations found
      64:   50 conformations found
     184:   50 conformations found
     255:   50 conformations found
     180:   50 conformations found
     297:   50 conformations found
     205:   50 conformations found
     293:   50 conformations found
     130:   50 conformations found
     201:   50 conformations found
     247:   50 conformations found
     318:   50 conformations found
     172:   50 conformations found
     243:   50 conformations found
      67:   50 conformations found
     285:   50 conformations found
     356:   50 conformations found
     281:   50 conformations found
      62:   50 conformations found
     306:   50 conformations found
      32:   50 conformations found
     231:   50 conformations found
     302:   50 conformations found
     348:   50 conformations found
     273:   50 conformations found
     344:   50 conformations found
     336:   50 conformations found
      35:   50 conformations found
     261:   50 conformations found
     332:   50 conformations found
      30:   50 conformations found
     324:   50 conformations found
     320:   50 conformations found
      38:   50 conformations found
     362:   50 conformations found
      86:   50 conformations found
     179:   50 conformations found
      81:   50 conformations found
     129:   50 conformations found
     350:   50 conformations found
     167:   50 conformations found
      89:   50 conformations found
     117:   50 conformations found
      84:   50 conformations found
     113:   50 conformations found
     159:   50 conformations found
      54:   50 conformations found
     155:   50 conformations found
     197:   50 conformations found
     105:   50 conformations found
     193:   50 conformations found
     101:   50 conformations found
     147:   50 conformations found
     218:   50 conformations found
     143:   50 conformations found
      57:   50 conformations found
     185:   50 conformations found
     256:   50 conformations found
     181:   50 conformations found
     298:   50 conformations found
      52:   50 conformations found
     206:   50 conformations found
      22:   50 conformations found
     131:   50 conformations found
     202:   50 conformations found
     248:   50 conformations found
     319:   50 conformations found
     173:   50 conformations found
     244:   50 conformations found
     286:   50 conformations found
     282:   50 conformations found
     236:   50 conformations found
     307:   50 conformations found
      25:   50 conformations found
     232:   50 conformations found
     349:   50 conformations found
     274:   50 conformations found
     345:   50 conformations found
      20:   50 conformations found
     270:   50 conformations found
       9:   50 conformations found
     220:   50 conformations found
     337:   50 conformations found
      28:   50 conformations found
     262:   50 conformations found
     333:   50 conformations found
      76:   50 conformations found
      71:   50 conformations found
     325:   50 conformations found
     250:   50 conformations found
     321:   50 conformations found
     363:   50 conformations found
      79:   50 conformations found
     313:   50 conformations found
      44:   50 conformations found
     351:   50 conformations found
     168:   50 conformations found
     118:   50 conformations found
      47:   50 conformations found
     156:   50 conformations found
      95:   50 conformations found
     198:   50 conformations found
      42:   50 conformations found
     106:   50 conformations found
      12:   50 conformations found
      90:   50 conformations found
     102:   50 conformations found
     148:   50 conformations found
     219:   50 conformations found
     144:   50 conformations found
     186:   50 conformations found
     257:   50 conformations found
      98:   50 conformations found
     182:   50 conformations found
     299:   50 conformations found
     136:   50 conformations found
     207:   50 conformations found
      15:   50 conformations found
      93:   50 conformations found
     132:   50 conformations found
     249:   50 conformations found
     174:   50 conformations found
     245:   50 conformations found
      10:   50 conformations found
     170:   50 conformations found
     287:   50 conformations found
       8:   50 conformations found
     120:   50 conformations found
     237:   50 conformations found
     308:   50 conformations found
      18:   50 conformations found
     162:   50 conformations found
     233:   50 conformations found
     279:   50 conformations found
      66:   50 conformations found
     275:   50 conformations found
     271:   50 conformations found
      61:   50 conformations found
     225:   50 conformations found
     221:   50 conformations found
------------------
>total molecules: 369
>total conformations: 18450
