>gen2-torsion: 944 molecules found
     705:   48 conformations found
     338:   24 conformations found
     630:   24 conformations found
     263:   24 conformations found
     334:   48 conformations found
     747:   48 conformations found
      69:   24 conformations found
     672:   48 conformations found
     743:   24 conformations found
     376:   13 conformations found
     789:   24 conformations found
     785:   24 conformations found
     326:   24 conformations found
      34:   48 conformations found
     251:   24 conformations found
     322:   24 conformations found
     735:   24 conformations found
     368:   24 conformations found
     806:   24 conformations found
     439:   48 conformations found
     660:   48 conformations found
     731:   24 conformations found
     364:   48 conformations found
     777:   14 conformations found
     848:   48 conformations found
     360:   48 conformations found
     773:   26 conformations found
     477:   24 conformations found
     314:   24 conformations found
     886:    9 conformations found
     310:   24 conformations found
     723:   24 conformations found
     427:   24 conformations found
      37:   48 conformations found
     352:    7 conformations found
     423:   24 conformations found
     836:   24 conformations found
     469:   24 conformations found
      85:   13 conformations found
     761:    9 conformations found
     394:   24 conformations found
     832:   24 conformations found
     465:   12 conformations found
     878:   48 conformations found
     390:   24 conformations found
     874:   24 conformations found
      80:   24 conformations found
     711:   24 conformations found
     415:   28 conformations found
     119:   24 conformations found
     340:   24 conformations found
     411:   48 conformations found
     824:   14 conformations found
     457:   24 conformations found
     528:   24 conformations found
     382:   24 conformations found
     820:   48 conformations found
     453:   24 conformations found
     157:   24 conformations found
     866:   48 conformations found
     937:   24 conformations found
      88:   11 conformations found
     791:   24 conformations found
     862:   24 conformations found
     495:   24 conformations found
     566:   48 conformations found
     199:   24 conformations found
     403:   24 conformations found
     491:   24 conformations found
     107:   24 conformations found
      83:   24 conformations found
     103:    9 conformations found
     812:   11 conformations found
     516:   24 conformations found
     149:   13 conformations found
     929:   48 conformations found
      53:   24 conformations found
     441:   24 conformations found
     145:   48 conformations found
     854:   24 conformations found
     925:   36 conformations found
     558:   24 conformations found
     629:   24 conformations found
     850:   24 conformations found
     483:   24 conformations found
     554:   24 conformations found
     187:   24 conformations found
       7:   24 conformations found
     892:   13 conformations found
     596:   24 conformations found
     800:   24 conformations found
     504:   13 conformations found
     137:   11 conformations found
     208:   13 conformations found
     500:   24 conformations found
     133:   24 conformations found
     913:   48 conformations found
     546:   24 conformations found
     617:   24 conformations found
      56:   24 conformations found
     471:   24 conformations found
     542:   24 conformations found
     175:   24 conformations found
     246:   24 conformations found
     659:   24 conformations found
     171:   24 conformations found
     880:   48 conformations found
     584:   24 conformations found
     288:   24 conformations found
      51:   24 conformations found
     125:   24 conformations found
     580:   24 conformations found
     609:   24 conformations found
     697:   24 conformations found
      21:   24 conformations found
     121:   24 conformations found
     901:   24 conformations found
     534:   24 conformations found
     605:   24 conformations found
     238:   24 conformations found
     309:    9 conformations found
     530:   24 conformations found
     163:   48 conformations found
     234:   24 conformations found
     943:   24 conformations found
     647:   48 conformations found
     718:   24 conformations found
      59:   48 conformations found
     572:   24 conformations found
     643:   24 conformations found
     276:   48 conformations found
     689:   24 conformations found
     685:   24 conformations found
     389:   24 conformations found
     226:   24 conformations found
      24:   24 conformations found
     151:   11 conformations found
     222:   48 conformations found
     635:   24 conformations found
     268:   24 conformations found
     706:   24 conformations found
     339:   24 conformations found
     560:   24 conformations found
     631:   24 conformations found
     264:   24 conformations found
     677:   48 conformations found
     748:   14 conformations found
     260:   24 conformations found
     673:   24 conformations found
     377:   24 conformations found
     214:   48 conformations found
     786:   48 conformations found
     210:   24 conformations found
     623:   24 conformations found
     327:   24 conformations found
      27:   48 conformations found
     252:   24 conformations found
     323:   24 conformations found
     736:   24 conformations found
     369:   24 conformations found
      75:   24 conformations found
     661:   24 conformations found
     294:   24 conformations found
     732:   24 conformations found
     365:   24 conformations found
     778:   11 conformations found
     849:   24 conformations found
     290:   11 conformations found
     774:   10 conformations found
      70:   24 conformations found
     315:   48 conformations found
     240:   26 conformations found
     311:   24 conformations found
     724:   48 conformations found
     357:   24 conformations found
     428:   11 conformations found
     720:   24 conformations found
     353:   14 conformations found
     766:   48 conformations found
     837:   13 conformations found
      78:   24 conformations found
     762:   10 conformations found
     395:   48 conformations found
     466:   13 conformations found
     879:   24 conformations found
     303:   24 conformations found
     391:   11 conformations found
     875:   24 conformations found
      73:   24 conformations found
     712:   24 conformations found
     416:    7 conformations found
     829:   48 conformations found
      43:   24 conformations found
     341:   24 conformations found
     412:   24 conformations found
     825:   24 conformations found
     458:   24 conformations found
     529:   24 conformations found
     750:   22 conformations found
     383:   24 conformations found
     821:   48 conformations found
     454:   24 conformations found
       6:   24 conformations found
     867:   48 conformations found
     938:   24 conformations found
     792:   13 conformations found
     863:   24 conformations found
     496:   24 conformations found
       3:   24 conformations found
     700:   24 conformations found
     404:   24 conformations found
     492:   24 conformations found
     108:   24 conformations found
     400:   24 conformations found
     813:    9 conformations found
     446:   10 conformations found
     517:   24 conformations found
      46:   24 conformations found
     371:    7 conformations found
     442:   24 conformations found
     146:   24 conformations found
     855:   24 conformations found
     926:   24 conformations found
     559:   24 conformations found
     780:   24 conformations found
     851:   24 conformations found
     484:   24 conformations found
     555:   24 conformations found
     188:   24 conformations found
      41:   24 conformations found
     480:   24 conformations found
     893:   11 conformations found
     509:   48 conformations found
     597:   24 conformations found
      11:   24 conformations found
     801:   24 conformations found
     505:   13 conformations found
     138:    9 conformations found
     209:   11 conformations found
     918:   48 conformations found
     430:   24 conformations found
     501:   24 conformations found
     134:   24 conformations found
     914:   48 conformations found
     547:   48 conformations found
     618:   24 conformations found
      49:   24 conformations found
     472:   24 conformations found
     543:   48 conformations found
     176:   48 conformations found
     589:   24 conformations found
      19:   15 conformations found
      97:   12 conformations found
     881:    9 conformations found
     585:   24 conformations found
     289:   24 conformations found
     126:    9 conformations found
      14:   24 conformations found
     698:   48 conformations found
      92:   13 conformations found
     122:   24 conformations found
     902:   48 conformations found
     535:   24 conformations found
     606:   24 conformations found
     239:   24 conformations found
     460:   24 conformations found
     531:   24 conformations found
     164:   48 conformations found
     235:   24 conformations found
     648:   24 conformations found
     160:   24 conformations found
     940:   14 conformations found
     573:   48 conformations found
     644:   24 conformations found
     277:   48 conformations found
     114:   11 conformations found
     686:   48 conformations found
     110:   13 conformations found
     523:   15 conformations found
     227:   24 conformations found
      17:   24 conformations found
     152:   26 conformations found
     223:   24 conformations found
     932:   24 conformations found
     636:   48 conformations found
     269:   14 conformations found
     707:   48 conformations found
      65:    7 conformations found
     561:   24 conformations found
     194:   24 conformations found
     632:   24 conformations found
     265:   24 conformations found
     678:   24 conformations found
     749:   14 conformations found
     190:   24 conformations found
     674:   24 conformations found
     378:   13 conformations found
      60:   24 conformations found
     215:    9 conformations found
     787:   48 conformations found
     140:   48 conformations found
     211:   11 conformations found
     624:   48 conformations found
     328:   24 conformations found
     620:   24 conformations found
     253:   48 conformations found
     666:   24 conformations found
     737:   24 conformations found
      68:   24 conformations found
     662:   48 conformations found
     295:   48 conformations found
     366:   24 conformations found
     779:   48 conformations found
     203:   10 conformations found
     291:   24 conformations found
     775:   10 conformations found
      63:   11 conformations found
     612:   24 conformations found
     316:   24 conformations found
      33:   24 conformations found
     241:   48 conformations found
     312:   48 conformations found
     725:   24 conformations found
     358:   24 conformations found
     429:   24 conformations found
     650:   24 conformations found
     283:   24 conformations found
     721:   24 conformations found
     354:   11 conformations found
       5:   24 conformations found
     767:   24 conformations found
     838:   24 conformations found
     692:   24 conformations found
     763:   24 conformations found
     396:   24 conformations found
       2:   24 conformations found
     304:   48 conformations found
     392:   24 conformations found
     300:   24 conformations found
     713:   24 conformations found
     346:    7 conformations found
     417:    7 conformations found
      36:   24 conformations found
     342:   24 conformations found
     755:   24 conformations found
     826:    7 conformations found
     459:   24 conformations found
     751:    7 conformations found
     384:   22 conformations found
     455:   48 conformations found
      31:   24 conformations found
     868:   15 conformations found
     380:   17 conformations found
     793:   24 conformations found
     409:   24 conformations found
     864:   24 conformations found
     497:   24 conformations found
     701:   24 conformations found
     405:   24 conformations found
     109:   48 conformations found
     818:   48 conformations found
     330:   24 conformations found
     401:   24 conformations found
     814:   14 conformations found
     447:   24 conformations found
     518:   24 conformations found
      39:   48 conformations found
     372:   24 conformations found
     810:   17 conformations found
     443:   24 conformations found
     856:   24 conformations found
     489:   12 conformations found
     927:   11 conformations found
      87:   24 conformations found
     781:   24 conformations found
     852:   11 conformations found
     485:   13 conformations found
     189:   13 conformations found
     898:   48 conformations found
     481:   24 conformations found
     894:   24 conformations found
     598:   24 conformations found
      82:   24 conformations found
     802:   24 conformations found
     435:   48 conformations found
     890:   48 conformations found
     506:   48 conformations found
     139:   24 conformations found
     919:   24 conformations found
     431:   24 conformations found
     135:   24 conformations found
     844:   24 conformations found
     915:   48 conformations found
     548:   24 conformations found
     840:    9 conformations found
     473:   24 conformations found
     544:   48 conformations found
     177:   24 conformations found
     882:   24 conformations found
     586:   24 conformations found
     127:    7 conformations found
     907:   11 conformations found
     123:   24 conformations found
     903:    7 conformations found
     536:   24 conformations found
     169:   24 conformations found
     607:   24 conformations found
      55:   24 conformations found
     461:   24 conformations found
     532:   24 conformations found
     165:    7 conformations found
     578:   24 conformations found
     649:   24 conformations found
     161:   15 conformations found
     870:   48 conformations found
     941:   22 conformations found
     574:   24 conformations found
     278:   24 conformations found
      50:   24 conformations found
     115:   24 conformations found
     687:   24 conformations found
     111:   48 conformations found
     524:   24 conformations found
     228:   48 conformations found
     520:   24 conformations found
     153:   48 conformations found
     224:   24 conformations found
     933:   14 conformations found
     637:   24 conformations found
      58:    7 conformations found
     562:   24 conformations found
     195:   24 conformations found
     633:   48 conformations found
     266:   48 conformations found
     679:   48 conformations found
     675:   48 conformations found
     512:   24 conformations found
     216:   24 conformations found
      23:   24 conformations found
     141:   48 conformations found
     212:   48 conformations found
     921:   30 conformations found
     625:   24 conformations found
     258:   24 conformations found
     329:   48 conformations found
     550:   24 conformations found
     183:    9 conformations found
     621:   48 conformations found
     254:   24 conformations found
       4:   48 conformations found
     667:   24 conformations found
     738:   48 conformations found
     592:   48 conformations found
     663:   24 conformations found
     296:   24 conformations found
       1:    7 conformations found
     367:   24 conformations found
     204:   24 conformations found
     292:   48 conformations found
     776:   22 conformations found
     200:   30 conformations found
     613:   48 conformations found
     317:   24 conformations found
      26:   24 conformations found
     242:   24 conformations found
     655:   24 conformations found
     726:   24 conformations found
     359:   24 conformations found
      74:   24 conformations found
     651:   48 conformations found
     284:   12 conformations found
     355:   18 conformations found
     768:   24 conformations found
     839:   48 conformations found
     280:   24 conformations found
     693:   48 conformations found
     764:   24 conformations found
     397:   24 conformations found
     601:   48 conformations found
     305:   24 conformations found
     230:   24 conformations found
     301:   24 conformations found
     714:   24 conformations found
     347:   24 conformations found
     418:   48 conformations found
      29:   48 conformations found
     272:   24 conformations found
     710:   24 conformations found
     343:   24 conformations found
     756:   48 conformations found
     827:   24 conformations found
      77:   15 conformations found
     681:   24 conformations found
     752:   11 conformations found
     385:   11 conformations found
     798:    7 conformations found
     869:   30 conformations found
     381:   48 conformations found
     794:   48 conformations found
     498:   24 conformations found
      72:   48 conformations found
     702:   24 conformations found
     335:   48 conformations found
     790:   24 conformations found
     406:   48 conformations found
     819:   24 conformations found
     331:   11 conformations found
     744:   24 conformations found
     815:   11 conformations found
     448:   48 conformations found
     519:   24 conformations found
     740:   48 conformations found
     373:    8 conformations found
     444:   48 conformations found
     857:    7 conformations found
     928:   24 conformations found
     782:   24 conformations found
     853:   24 conformations found
     486:   24 conformations found
     899:   11 conformations found
     807:   24 conformations found
     895:   11 conformations found
     599:   24 conformations found
     803:   48 conformations found
     436:   24 conformations found
     507:   17 conformations found
      45:   24 conformations found
     361:   24 conformations found
     432:   48 conformations found
     845:   10 conformations found
     478:   48 conformations found
     916:   22 conformations found
     549:   24 conformations found
     770:   24 conformations found
     841:   22 conformations found
     474:   48 conformations found
     178:   15 conformations found
     887:   24 conformations found
      40:   11 conformations found
     470:   48 conformations found
     883:   13 conformations found
     587:   48 conformations found
     424:   48 conformations found
     128:   24 conformations found
     908:   48 conformations found
     420:   11 conformations found
     124:   24 conformations found
     833:   48 conformations found
     904:    7 conformations found
     537:   24 conformations found
      48:   24 conformations found
     462:   24 conformations found
     533:   48 conformations found
     166:   15 conformations found
     579:   24 conformations found
      96:   24 conformations found
     871:   48 conformations found
     942:   24 conformations found
     575:   24 conformations found
     116:   48 conformations found
      13:   24 conformations found
      91:   24 conformations found
     112:   24 conformations found
     525:   48 conformations found
     158:   48 conformations found
     229:   48 conformations found
     450:   24 conformations found
     521:   24 conformations found
     154:   24 conformations found
     934:   24 conformations found
     567:   24 conformations found
     638:   24 conformations found
     150:   24 conformations found
     930:   24 conformations found
     563:   48 conformations found
     196:   24 conformations found
       0:   11 conformations found
     267:   13 conformations found
     104:   13 conformations found
      99:   48 conformations found
     676:   48 conformations found
     100:   48 conformations found
     513:   48 conformations found
     217:   24 conformations found
      16:   48 conformations found
      94:   24 conformations found
     142:   48 conformations found
     213:   24 conformations found
     922:   24 conformations found
     626:   24 conformations found
     259:   24 conformations found
      64:    9 conformations found
     551:   24 conformations found
     184:   13 conformations found
     622:   24 conformations found
     255:   24 conformations found
     668:   48 conformations found
     739:   24 conformations found
     180:    7 conformations found
     593:   24 conformations found
     664:   24 conformations found
     297:   48 conformations found
     205:   24 conformations found
     293:   26 conformations found
     130:   24 conformations found
     201:   24 conformations found
     910:   24 conformations found
     614:   48 conformations found
     247:   48 conformations found
     318:   24 conformations found
     172:   48 conformations found
     610:   24 conformations found
     243:   24 conformations found
     656:   24 conformations found
     727:   48 conformations found
      67:    7 conformations found
     581:   24 conformations found
     652:   48 conformations found
     285:   24 conformations found
     356:   24 conformations found
     769:   24 conformations found
     281:   24 conformations found
     694:   24 conformations found
     765:   24 conformations found
     398:   22 conformations found
      62:   24 conformations found
     602:   48 conformations found
     690:   24 conformations found
     306:   48 conformations found
     719:   24 conformations found
      32:   48 conformations found
     231:   10 conformations found
     302:   24 conformations found
     715:   48 conformations found
     348:   24 conformations found
     419:   24 conformations found
     640:   24 conformations found
     273:   48 conformations found
     344:   24 conformations found
     757:   48 conformations found
     828:   48 conformations found
     682:   24 conformations found
     753:   11 conformations found
     386:   24 conformations found
     799:   48 conformations found
     795:   48 conformations found
     499:   48 conformations found
     703:   24 conformations found
     336:   48 conformations found
     407:   24 conformations found
      35:   13 conformations found
     261:   24 conformations found
     745:   24 conformations found
     816:   22 conformations found
     449:   48 conformations found
     670:   24 conformations found
     741:   24 conformations found
     374:   48 conformations found
     445:   48 conformations found
      30:   11 conformations found
     858:   48 conformations found
     370:   24 conformations found
     783:   24 conformations found
     487:   48 conformations found
     324:   24 conformations found
     808:   48 conformations found
     896:   24 conformations found
     320:   24 conformations found
     733:   24 conformations found
     804:   24 conformations found
     437:   11 conformations found
     508:   24 conformations found
      38:   24 conformations found
     362:   24 conformations found
     433:   24 conformations found
     846:   48 conformations found
     479:   48 conformations found
     917:   24 conformations found
      86:   24 conformations found
     771:   24 conformations found
     842:    7 conformations found
     475:   24 conformations found
     179:   24 conformations found
     888:    7 conformations found
     884:   24 conformations found
     588:   48 conformations found
      81:   24 conformations found
     425:   24 conformations found
     129:   48 conformations found
     909:   13 conformations found
     350:   48 conformations found
     421:   26 conformations found
     834:   24 conformations found
     467:   24 conformations found
     905:   24 conformations found
     538:   24 conformations found
     830:   24 conformations found
     463:   24 conformations found
     167:   48 conformations found
     876:   24 conformations found
      89:   24 conformations found
     872:   24 conformations found
     576:   24 conformations found
     413:   48 conformations found
     117:   24 conformations found
      84:   20 conformations found
     113:   11 conformations found
     822:   14 conformations found
     526:   24 conformations found
     159:   15 conformations found
     939:    9 conformations found
      54:   24 conformations found
     451:   24 conformations found
     522:   24 conformations found
     155:   48 conformations found
     935:   48 conformations found
     568:   24 conformations found
     639:   24 conformations found
     860:   24 conformations found
     493:   24 conformations found
     931:   14 conformations found
     564:   24 conformations found
     197:   24 conformations found
     105:   24 conformations found
     193:   24 conformations found
     101:   24 conformations found
     514:   48 conformations found
     147:   24 conformations found
     218:   24 conformations found
     510:   48 conformations found
     143:    9 conformations found
     923:   24 conformations found
     556:   24 conformations found
     627:   24 conformations found
      57:   48 conformations found
     552:   48 conformations found
     185:   48 conformations found
     256:   14 conformations found
     669:   24 conformations found
     181:    7 conformations found
     594:   24 conformations found
     665:   24 conformations found
     298:   13 conformations found
      52:   24 conformations found
     502:   24 conformations found
     590:   24 conformations found
     206:   24 conformations found
     619:   24 conformations found
      22:   24 conformations found
     131:   24 conformations found
     202:   48 conformations found
     911:   24 conformations found
     615:   24 conformations found
     248:    8 conformations found
     319:   48 conformations found
     540:   48 conformations found
     173:   48 conformations found
     611:   24 conformations found
     244:   48 conformations found
     657:   24 conformations found
     728:   24 conformations found
     582:   24 conformations found
     653:   48 conformations found
     286:   24 conformations found
     699:   24 conformations found
     282:   24 conformations found
     695:   24 conformations found
     399:   24 conformations found
     603:   24 conformations found
     236:   24 conformations found
     691:   24 conformations found
     307:   48 conformations found
      25:   48 conformations found
     232:   48 conformations found
     645:   24 conformations found
     716:   24 conformations found
     349:   48 conformations found
     570:   24 conformations found
     641:   24 conformations found
     274:   19 conformations found
     345:   14 conformations found
      20:   48 conformations found
     758:    7 conformations found
     270:   24 conformations found
     683:   24 conformations found
     754:   48 conformations found
     387:   14 conformations found
       9:   24 conformations found
     708:   24 conformations found
     796:   24 conformations found
     220:   24 conformations found
     704:   24 conformations found
     337:   24 conformations found
     408:   24 conformations found
      28:   24 conformations found
     262:   24 conformations found
     333:   24 conformations found
     746:   24 conformations found
     379:   24 conformations found
     817:   48 conformations found
      76:   48 conformations found
     671:   24 conformations found
     742:   24 conformations found
     375:   48 conformations found
     788:   24 conformations found
     859:   24 conformations found
     784:   48 conformations found
     488:   24 conformations found
      71:   48 conformations found
     325:   48 conformations found
     809:   24 conformations found
     897:   48 conformations found
     250:   48 conformations found
     321:   24 conformations found
     734:   24 conformations found
     805:   24 conformations found
     438:   48 conformations found
     730:   48 conformations found
     363:   24 conformations found
     434:   24 conformations found
     847:   11 conformations found
      79:   11 conformations found
     772:   48 conformations found
     843:   24 conformations found
     889:   24 conformations found
     313:   24 conformations found
     885:   14 conformations found
     722:   48 conformations found
     426:   21 conformations found
      44:   48 conformations found
     351:    9 conformations found
     422:   24 conformations found
     835:   24 conformations found
     468:   24 conformations found
     906:   48 conformations found
     539:   24 conformations found
     760:   11 conformations found
     393:   24 conformations found
     831:   24 conformations found
     464:   24 conformations found
     168:   15 conformations found
     877:   11 conformations found
     873:   15 conformations found
     577:   24 conformations found
     414:   24 conformations found
     118:   24 conformations found
     410:   24 conformations found
     823:   24 conformations found
     456:   24 conformations found
     527:   48 conformations found
      47:   24 conformations found
     452:   24 conformations found
     156:   18 conformations found
     865:   48 conformations found
     936:   48 conformations found
     569:   24 conformations found
      95:   24 conformations found
     861:   24 conformations found
     494:   48 conformations found
     565:   24 conformations found
     198:   24 conformations found
      42:   48 conformations found
     402:   24 conformations found
     490:   24 conformations found
     106:   48 conformations found
      12:   24 conformations found
      90:   24 conformations found
     102:   24 conformations found
     811:   24 conformations found
     515:   24 conformations found
     148:   24 conformations found
     219:   48 conformations found
     440:   24 conformations found
     511:   48 conformations found
     144:   24 conformations found
     924:   24 conformations found
     557:   24 conformations found
     628:   24 conformations found
     482:   48 conformations found
     920:   24 conformations found
     553:   24 conformations found
     186:   48 conformations found
     257:   24 conformations found
      98:   24 conformations found
     182:   24 conformations found
     891:    8 conformations found
     595:   24 conformations found
     299:   48 conformations found
     503:   24 conformations found
     136:   14 conformations found
     591:   48 conformations found
     207:   24 conformations found
      15:   11 conformations found
      93:   24 conformations found
     132:   24 conformations found
     912:   48 conformations found
     545:   24 conformations found
     616:   24 conformations found
     249:   18 conformations found
     541:   48 conformations found
     174:   24 conformations found
     245:   24 conformations found
      10:   24 conformations found
     658:   24 conformations found
     729:   48 conformations found
     170:   24 conformations found
     583:   24 conformations found
     654:   24 conformations found
     287:   48 conformations found
       8:   26 conformations found
     608:   48 conformations found
     696:   24 conformations found
     120:   48 conformations found
     900:   48 conformations found
     604:   48 conformations found
     237:   24 conformations found
     308:   48 conformations found
      18:   13 conformations found
     162:   24 conformations found
     600:   24 conformations found
     233:   24 conformations found
     646:   24 conformations found
     279:   24 conformations found
     717:   24 conformations found
      66:   11 conformations found
     571:   24 conformations found
     642:   48 conformations found
     275:   24 conformations found
     688:   24 conformations found
     759:   11 conformations found
     271:   18 conformations found
     684:   48 conformations found
     388:   18 conformations found
      61:   24 conformations found
     225:   48 conformations found
     680:   24 conformations found
     709:   24 conformations found
     797:   18 conformations found
     221:   24 conformations found
     634:   24 conformations found
------------------
>total molecules: 944
>total conformations: 25954
