>rna-diverse: 64 molecules found
      69:   85 /   88 conformations passed the filter (3 excluded)
      34:   40 /   43 conformations passed the filter (3 excluded)
      37:   47 /   48 conformations passed the filter (1 excluded)
      85:   69 /   94 conformations passed the filter (25 excluded)
      88:  100 /  103 conformations passed the filter (3 excluded)
      21:   59 /   60 conformations passed the filter (1 excluded)
      24:   71 /   72 conformations passed the filter (1 excluded)
      27:   37 /   46 conformations passed the filter (9 excluded)
      75:   94 /   98 conformations passed the filter (4 excluded)
      70:   82 /   86 conformations passed the filter (4 excluded)
      78:  104 /  125 conformations passed the filter (21 excluded)
      73:   65 /   83 conformations passed the filter (18 excluded)
      43:   44 /   45 conformations passed the filter (1 excluded)
      46:   68 /   71 conformations passed the filter (3 excluded)
      41:   31 /   33 conformations passed the filter (2 excluded)
      49:   49 /   51 conformations passed the filter (2 excluded)
      19:   38 /   39 conformations passed the filter (1 excluded)
      14:   53 /   61 conformations passed the filter (8 excluded)
      17:   25 /   28 conformations passed the filter (3 excluded)
      65:  167 /  174 conformations passed the filter (7 excluded)
      60:   63 /   69 conformations passed the filter (6 excluded)
      68:   53 /   53 conformations passed the filter
      63:   48 /  101 conformations passed the filter (53 excluded)
      33:   45 /   49 conformations passed the filter (4 excluded)
      36:   27 /   32 conformations passed the filter (5 excluded)
      31:   41 /   47 conformations passed the filter (6 excluded)
      39:   35 /   41 conformations passed the filter (6 excluded)
      87:   79 /   83 conformations passed the filter (4 excluded)
      50:   73 /   79 conformations passed the filter (6 excluded)
      23:   51 /   53 conformations passed the filter (2 excluded)
      26:   37 /   38 conformations passed the filter (1 excluded)
      74:   47 /   48 conformations passed the filter (1 excluded)
      29:   33 /   35 conformations passed the filter (2 excluded)
      77:   44 /   56 conformations passed the filter (12 excluded)
      72:   80 /   86 conformations passed the filter (6 excluded)
      45:   32 /   36 conformations passed the filter (4 excluded)
      40:   21 /   22 conformations passed the filter (1 excluded)
      48:   32 /   35 conformations passed the filter (3 excluded)
      16:   56 /   57 conformations passed the filter (1 excluded)
      64:   85 /   89 conformations passed the filter (4 excluded)
      67:   87 /   93 conformations passed the filter (6 excluded)
      62:   61 /   65 conformations passed the filter (4 excluded)
      32:   27 /   32 conformations passed the filter (5 excluded)
      35:   57 /   66 conformations passed the filter (9 excluded)
      30:   33 /   37 conformations passed the filter (4 excluded)
      38:   44 /   45 conformations passed the filter (1 excluded)
      86:   66 /   70 conformations passed the filter (4 excluded)
      89:   66 /   79 conformations passed the filter (13 excluded)
      84:   67 /   72 conformations passed the filter (5 excluded)
      22:   67 /   71 conformations passed the filter (4 excluded)
      25:   75 /   79 conformations passed the filter (4 excluded)
      20:   35 /   35 conformations passed the filter
      28:   53 /   60 conformations passed the filter (7 excluded)
      76:   76 /   76 conformations passed the filter
      71:   59 /   68 conformations passed the filter (9 excluded)
      44:   29 /   35 conformations passed the filter (6 excluded)
      47:   52 /   56 conformations passed the filter (4 excluded)
      42:   50 /   50 conformations passed the filter
      90:  107 /  112 conformations passed the filter (5 excluded)
      15:   58 /   58 conformations passed the filter
      93:   71 /   76 conformations passed the filter (5 excluded)
      18:   27 /   28 conformations passed the filter (1 excluded)
      66:   56 /   61 conformations passed the filter (5 excluded)
      61:   70 /   75 conformations passed the filter (5 excluded)
------------------
>total molecules: 64
>total conformations: 4056
>total valid molecules: 64
>total valid conformations: 3703