>protein-torsion: 106 molecules found
      69:  576 /  576 conformations passed the filter
      34:   24 /   24 conformations passed the filter
      37:  576 /  576 conformations passed the filter
      85:  576 /  576 conformations passed the filter
      80:  576 /  576 conformations passed the filter
      88:  576 /  576 conformations passed the filter
      83:  576 /  576 conformations passed the filter
     103:   24 /   24 conformations passed the filter
      53:   24 /   24 conformations passed the filter
       7:  576 /  576 conformations passed the filter
      56:  576 /  576 conformations passed the filter
      51:  576 /  576 conformations passed the filter
      21:  600 /  600 conformations passed the filter
      59:  576 /  576 conformations passed the filter
      24:  600 /  600 conformations passed the filter
      27:   24 /   24 conformations passed the filter
      75:  576 /  576 conformations passed the filter
      70:  576 /  576 conformations passed the filter
      78:  576 /  576 conformations passed the filter
      73:  576 /  576 conformations passed the filter
      43:  576 /  576 conformations passed the filter
       6:  576 /  576 conformations passed the filter
       3:  576 /  576 conformations passed the filter
      46:  576 /  576 conformations passed the filter
      41:  576 /  576 conformations passed the filter
      11:  576 /  576 conformations passed the filter
      49:   24 /   24 conformations passed the filter
      19:  600 /  600 conformations passed the filter
      97:  576 /  576 conformations passed the filter
      14:  600 /  600 conformations passed the filter
      92:   24 /   24 conformations passed the filter
      17:   24 /   24 conformations passed the filter
      65:  576 /  576 conformations passed the filter
      60:  576 /  576 conformations passed the filter
      68:  576 /  576 conformations passed the filter
      63:  576 /  576 conformations passed the filter
      33:   24 /   24 conformations passed the filter
       5:  576 /  576 conformations passed the filter
       2:  576 /  576 conformations passed the filter
      36:   24 /   24 conformations passed the filter
      31:   24 /   24 conformations passed the filter
      39:  576 /  576 conformations passed the filter
      87:  576 /  576 conformations passed the filter
      82:  576 /  576 conformations passed the filter
      55:  576 /  576 conformations passed the filter
      50:   24 /   24 conformations passed the filter
      58:  576 /  576 conformations passed the filter
      23:   24 /   24 conformations passed the filter
       4:  576 /  576 conformations passed the filter
       1:  576 /  576 conformations passed the filter
      26:  600 /  600 conformations passed the filter
      74:  576 /  576 conformations passed the filter
      29:  600 /  600 conformations passed the filter
      77:  576 /  576 conformations passed the filter
      72:  576 /  576 conformations passed the filter
      45:  576 /  576 conformations passed the filter
      40:  576 /  576 conformations passed the filter
      48:  576 /  576 conformations passed the filter
      96:  576 /  576 conformations passed the filter
      13:  600 /  600 conformations passed the filter
      91:   24 /   24 conformations passed the filter
       0:  576 /  576 conformations passed the filter
     104:   24 /   24 conformations passed the filter
      99:  576 /  576 conformations passed the filter
     100:  576 /  576 conformations passed the filter
      16:   24 /   24 conformations passed the filter
      94:   24 /   24 conformations passed the filter
      64:  576 /  576 conformations passed the filter
      67:  576 /  576 conformations passed the filter
      62:  576 /  576 conformations passed the filter
      32:  600 /  600 conformations passed the filter
      35:   24 /   24 conformations passed the filter
      30:   24 /   24 conformations passed the filter
      38:  576 /  576 conformations passed the filter
      86:  576 /  576 conformations passed the filter
      81:  576 /  576 conformations passed the filter
      89:  576 /  576 conformations passed the filter
      84:  576 /  576 conformations passed the filter
      54:  576 /  576 conformations passed the filter
     105:  576 /  576 conformations passed the filter
     101:  576 /  576 conformations passed the filter
      57:  576 /  576 conformations passed the filter
      52:   24 /   24 conformations passed the filter
      22:  600 /  600 conformations passed the filter
      25:   24 /   24 conformations passed the filter
      20:   24 /   24 conformations passed the filter
       9:  576 /  576 conformations passed the filter
      28:   24 /   24 conformations passed the filter
      76:  576 /  576 conformations passed the filter
      71:  576 /  576 conformations passed the filter
      79:  576 /  576 conformations passed the filter
      44:  576 /  576 conformations passed the filter
      47:  576 /  576 conformations passed the filter
      95:   24 /   24 conformations passed the filter
      42:  576 /  576 conformations passed the filter
      12:  576 /  576 conformations passed the filter
      90:  394 /  408 conformations passed the filter (14 excluded)
     102:  576 /  576 conformations passed the filter
      98:  576 /  576 conformations passed the filter
      15:  600 /  600 conformations passed the filter
      93:  576 /  576 conformations passed the filter
      10:  576 /  576 conformations passed the filter
       8:  576 /  576 conformations passed the filter
      18:  600 /  600 conformations passed the filter
      66:  576 /  576 conformations passed the filter
      61: 1133 / 1133 conformations passed the filter
------------------
>total molecules: 106
>total conformations: 49013
>total valid molecules: 106
>total valid conformations: 48999