>rna-trinucleotide: 64 molecules found
      34:  519 conformations found
      37:  644 conformations found
      53:  672 conformations found
       7:  528 conformations found
      56:  728 conformations found
      51:  456 conformations found
      21:  452 conformations found
      59: 1060 conformations found
      24:  682 conformations found
      27:  599 conformations found
      43:  337 conformations found
       6:  570 conformations found
       3:  248 conformations found
      46:  705 conformations found
      41:  884 conformations found
      11: 1007 conformations found
      49:  872 conformations found
      19:  638 conformations found
      14:  442 conformations found
      17:  495 conformations found
      60: 1290 conformations found
      63:  608 conformations found
      33:  452 conformations found
       5:  456 conformations found
       2:  756 conformations found
      36:  938 conformations found
      31:  352 conformations found
      39:  412 conformations found
      55: 1503 conformations found
      50:  691 conformations found
      58:  341 conformations found
      23:  296 conformations found
       4:  472 conformations found
       1:  577 conformations found
      26:  253 conformations found
      29:  437 conformations found
      45:  564 conformations found
      40: 1386 conformations found
      48:  638 conformations found
      13:  292 conformations found
       0:  775 conformations found
      16:  346 conformations found
      62:  995 conformations found
      32: 1018 conformations found
      35:  383 conformations found
      30:  381 conformations found
      38:  556 conformations found
      54:  421 conformations found
      57:  964 conformations found
      52:  949 conformations found
      22:  185 conformations found
      25:  342 conformations found
      20:  379 conformations found
       9:  538 conformations found
      28:  466 conformations found
      44:  774 conformations found
      47:  696 conformations found
      42: 1622 conformations found
      12:  347 conformations found
      15:  339 conformations found
      10: 1041 conformations found
       8: 1014 conformations found
      18:  390 conformations found
      61:  662 conformations found
------------------
>total molecules: 64
>total conformations: 40835
