>pepconf-dlc: 689 molecules found
     338:  932 conformations found
     630:  455 conformations found
     263:   70 conformations found
     334:  665 conformations found
      69:  112 conformations found
     672:  212 conformations found
     376:  243 conformations found
     326:   43 conformations found
      34:  360 conformations found
     251:  673 conformations found
     322:  281 conformations found
     368:  905 conformations found
     439:  640 conformations found
     660:  739 conformations found
     364:  824 conformations found
     360:  838 conformations found
     477:  730 conformations found
     314: 6397 conformations found
     310:   88 conformations found
     427: 5197 conformations found
      37:  326 conformations found
     352:  785 conformations found
     423:  120 conformations found
     469:   47 conformations found
      85:   35 conformations found
     394:  125 conformations found
     465:   68 conformations found
     390:  432 conformations found
      80:   99 conformations found
     415:  401 conformations found
     119:  139 conformations found
     340:  966 conformations found
     411:  361 conformations found
     457:  318 conformations found
     528:  142 conformations found
     382:   59 conformations found
     453: 4913 conformations found
     157:  224 conformations found
      88:   48 conformations found
     495:   80 conformations found
     566:  187 conformations found
     199:  186 conformations found
     403:  386 conformations found
     491:  445 conformations found
     107:  103 conformations found
      83:  213 conformations found
     103:  175 conformations found
     516:  491 conformations found
     149:  685 conformations found
      53:   36 conformations found
     441:  675 conformations found
     145:  113 conformations found
     558:  266 conformations found
     629:  446 conformations found
     483:   54 conformations found
     554:  146 conformations found
     187:  175 conformations found
       7:   78 conformations found
     596:  269 conformations found
     504:  116 conformations found
     137:  404 conformations found
     208:  173 conformations found
     500:   43 conformations found
     133:   73 conformations found
     546:  138 conformations found
     617:  157 conformations found
      56:   45 conformations found
     471:  409 conformations found
     542: 6110 conformations found
     175:  596 conformations found
     246:  431 conformations found
     659:  421 conformations found
     171:  724 conformations found
     584:  113 conformations found
     288: 1095 conformations found
      51:   71 conformations found
     125: 4554 conformations found
     580:  239 conformations found
     609:  383 conformations found
      21:  442 conformations found
     121:  162 conformations found
     534: 5587 conformations found
     605:  264 conformations found
     238:  214 conformations found
     309:   67 conformations found
     530:  936 conformations found
     163:  754 conformations found
     234:   76 conformations found
     647:  371 conformations found
      59:   59 conformations found
     572:  268 conformations found
     643:  107 conformations found
     276: 6520 conformations found
     685:  118 conformations found
     389:  653 conformations found
     226: 3524 conformations found
      24:  148 conformations found
     151:  159 conformations found
     222:  151 conformations found
     635:  149 conformations found
     268:  125 conformations found
     339:  620 conformations found
     560:  338 conformations found
     631:  791 conformations found
     264:  433 conformations found
     677:  283 conformations found
     260:   52 conformations found
     673:  607 conformations found
     377:  411 conformations found
     214:  230 conformations found
     210:  453 conformations found
     623:  365 conformations found
     327:  579 conformations found
      27:   54 conformations found
     252:  625 conformations found
     323:   46 conformations found
     369:  225 conformations found
      75: 4500 conformations found
     661:  174 conformations found
     294:  351 conformations found
     365:  712 conformations found
     290:  142 conformations found
      70: 2213 conformations found
     315: 2259 conformations found
     240:  253 conformations found
     311:   61 conformations found
     357:  215 conformations found
     428:  714 conformations found
     353:  968 conformations found
      78:  114 conformations found
     395:  334 conformations found
     466:  121 conformations found
     303:  296 conformations found
     391:  304 conformations found
      73: 4142 conformations found
     416:  305 conformations found
      43:   89 conformations found
     341:  518 conformations found
     412:  431 conformations found
     458:  117 conformations found
     529:  119 conformations found
     383: 1271 conformations found
     454:  485 conformations found
       6:   40 conformations found
     496:   66 conformations found
       3:  432 conformations found
     404:  279 conformations found
     492:  131 conformations found
     108:  107 conformations found
     400:  587 conformations found
     446:   60 conformations found
     517:  973 conformations found
      46:  426 conformations found
     371:  308 conformations found
     442:  690 conformations found
     146:  222 conformations found
     559:  541 conformations found
     484:   50 conformations found
     555:  232 conformations found
     188:  202 conformations found
      41:  235 conformations found
     480:  118 conformations found
     509:  860 conformations found
     597:  387 conformations found
      11:  151 conformations found
     505:  136 conformations found
     138:  823 conformations found
     209:  390 conformations found
     430:  496 conformations found
     501:  249 conformations found
     134:  183 conformations found
     547:   84 conformations found
     618:  444 conformations found
      49:  459 conformations found
     472: 3944 conformations found
     543:  212 conformations found
     176:  770 conformations found
     589:  462 conformations found
      19:  297 conformations found
      97: 3333 conformations found
     585:  139 conformations found
     289:  410 conformations found
     126: 3580 conformations found
      14:  127 conformations found
      92: 1566 conformations found
     122:   50 conformations found
     535:  623 conformations found
     606:  157 conformations found
     239:  345 conformations found
     460:  207 conformations found
     531:   97 conformations found
     164:  267 conformations found
     235:  257 conformations found
     648:  948 conformations found
     160:  269 conformations found
     573:  348 conformations found
     644:  215 conformations found
     277:  688 conformations found
     114:   52 conformations found
     686:   75 conformations found
     110:   54 conformations found
     523:  173 conformations found
     227:  644 conformations found
      17:  621 conformations found
     152:  421 conformations found
     223:  102 conformations found
     636:  327 conformations found
     269:  144 conformations found
      65:  591 conformations found
     561:  161 conformations found
     194:  531 conformations found
     632:  730 conformations found
     265: 1079 conformations found
     678:  111 conformations found
     190:  393 conformations found
     674:  186 conformations found
     378:  406 conformations found
      60:  475 conformations found
     215:   59 conformations found
     140:  417 conformations found
     211:  360 conformations found
     624:  441 conformations found
     328:  814 conformations found
     620:  554 conformations found
     253:  663 conformations found
     666:  383 conformations found
      68: 2423 conformations found
     662:  343 conformations found
     295:   67 conformations found
     366: 1154 conformations found
     203:  263 conformations found
     291:  121 conformations found
      63:   60 conformations found
     612:   68 conformations found
     316: 2833 conformations found
      33:  624 conformations found
     241:  253 conformations found
     312: 3652 conformations found
     358:  478 conformations found
     429:  130 conformations found
     650:  278 conformations found
     283:   43 conformations found
     354: 1658 conformations found
       5:  344 conformations found
     396:  527 conformations found
       2:  192 conformations found
     304:  220 conformations found
     392:  242 conformations found
     300: 7294 conformations found
     346:  604 conformations found
     417:  482 conformations found
      36:   99 conformations found
     342:  825 conformations found
     459:  155 conformations found
     384:  600 conformations found
     455: 3201 conformations found
      31:  735 conformations found
     380:  216 conformations found
     409:  464 conformations found
     497:  179 conformations found
     405:  464 conformations found
     109:   41 conformations found
     330:  550 conformations found
     401:  256 conformations found
     447:   86 conformations found
     518:  213 conformations found
      39:  369 conformations found
     372:  467 conformations found
     443:  734 conformations found
     489:   64 conformations found
      87:  108 conformations found
     485:   53 conformations found
     189:  370 conformations found
     481:  165 conformations found
     598:  657 conformations found
      82:   52 conformations found
     435:  682 conformations found
     506:  317 conformations found
     139:  369 conformations found
     431:  536 conformations found
     135:  247 conformations found
     548:   94 conformations found
     473: 3159 conformations found
     544:  211 conformations found
     177:  369 conformations found
     586:  144 conformations found
     127: 4774 conformations found
     123:   64 conformations found
     536:  322 conformations found
     169: 2548 conformations found
     607:  286 conformations found
      55:   56 conformations found
     461:   78 conformations found
     532:   52 conformations found
     165:  568 conformations found
     578:  181 conformations found
     649:  548 conformations found
     161:  325 conformations found
     574:  309 conformations found
     278:  241 conformations found
      50:   89 conformations found
     115:   49 conformations found
     687:   34 conformations found
     111:   61 conformations found
     524:  870 conformations found
     228:  246 conformations found
     520: 5567 conformations found
     153:  322 conformations found
     224:  872 conformations found
     637:  284 conformations found
      58: 4325 conformations found
     562:  375 conformations found
     195:  184 conformations found
     633:  846 conformations found
     266:  218 conformations found
     679:   80 conformations found
     191:  549 conformations found
     675:  102 conformations found
     512:  232 conformations found
     216:  159 conformations found
      23:  226 conformations found
     141:  444 conformations found
     212:  314 conformations found
     625:  557 conformations found
     258:  782 conformations found
     329:  911 conformations found
     550:   46 conformations found
     183:  416 conformations found
     621:  627 conformations found
     254:  415 conformations found
       4:  429 conformations found
     667: 4516 conformations found
     592:  307 conformations found
     663:  297 conformations found
     296:   61 conformations found
       1:  148 conformations found
     367:  878 conformations found
     204: 2964 conformations found
     292:  161 conformations found
     200:  189 conformations found
     613:  140 conformations found
     317: 1961 conformations found
      26:   87 conformations found
     242:  355 conformations found
     655: 1840 conformations found
     359:  726 conformations found
      74: 3501 conformations found
     651:  543 conformations found
     284:  198 conformations found
     355:  730 conformations found
     280:  245 conformations found
     397:   64 conformations found
     601:  228 conformations found
     305:  250 conformations found
     230:  314 conformations found
     301: 7411 conformations found
     347:  940 conformations found
     418:  856 conformations found
      29:  308 conformations found
     272:   50 conformations found
     343:  630 conformations found
      77:   86 conformations found
     681:  206 conformations found
     385: 2527 conformations found
     381:   43 conformations found
     498:  393 conformations found
      72: 1206 conformations found
     335:  538 conformations found
     406:  398 conformations found
     331:  633 conformations found
     448:  238 conformations found
     519:  999 conformations found
     373:  321 conformations found
     444:  695 conformations found
     486:   58 conformations found
     599:  461 conformations found
     436:  465 conformations found
     507:   98 conformations found
      45:  230 conformations found
     361:  777 conformations found
     432:  822 conformations found
     478:  112 conformations found
     549:  102 conformations found
     474: 3266 conformations found
     178:  576 conformations found
      40:  362 conformations found
     470:   67 conformations found
     587:  219 conformations found
     424: 5595 conformations found
     128:  147 conformations found
     420:   69 conformations found
     124:  855 conformations found
     537: 5275 conformations found
      48:  434 conformations found
     462:  605 conformations found
     533:   50 conformations found
     166:  209 conformations found
     579:  200 conformations found
      96: 2772 conformations found
     575:  327 conformations found
     116:   49 conformations found
      13:  192 conformations found
      91:   43 conformations found
     112:  321 conformations found
     525:  494 conformations found
     158:  381 conformations found
     229:  176 conformations found
     450:   69 conformations found
     521: 7435 conformations found
     154:  292 conformations found
     567:   75 conformations found
     638:  264 conformations found
     150:   60 conformations found
     563:  217 conformations found
     196:  125 conformations found
       0:   89 conformations found
     267:   81 conformations found
     104:  887 conformations found
      99: 5238 conformations found
     192:  564 conformations found
     676:   81 conformations found
     100:  222 conformations found
     513: 3308 conformations found
     217:   67 conformations found
      16:  146 conformations found
      94: 5678 conformations found
     142:   55 conformations found
     213:   57 conformations found
     626:  821 conformations found
     259:  307 conformations found
      64:   51 conformations found
     551:  101 conformations found
     184:  602 conformations found
     622:  312 conformations found
     255:  381 conformations found
     668:  376 conformations found
     180:  118 conformations found
     593:  160 conformations found
     664:  229 conformations found
     297: 2050 conformations found
     205:  611 conformations found
     293:  210 conformations found
     130:  197 conformations found
     201:   94 conformations found
     614:   37 conformations found
     247:  195 conformations found
     318: 2079 conformations found
     172:  395 conformations found
     610:  485 conformations found
     243:  456 conformations found
     656:   99 conformations found
      67: 1652 conformations found
     581:  534 conformations found
     652:  431 conformations found
     285:  156 conformations found
     356: 1064 conformations found
     281:  120 conformations found
     398:  882 conformations found
      62:   50 conformations found
     602:  279 conformations found
     306:  137 conformations found
      32:  542 conformations found
     231:  181 conformations found
     302:  501 conformations found
     348:  188 conformations found
     419:  158 conformations found
     640:  415 conformations found
     273:  985 conformations found
     344:  716 conformations found
     682:   41 conformations found
     386:  708 conformations found
     499:   46 conformations found
     336:  706 conformations found
     407:  413 conformations found
      35:  142 conformations found
     261:   73 conformations found
     332:  407 conformations found
     449:   58 conformations found
     670:  237 conformations found
     374:  433 conformations found
     445:  276 conformations found
      30:  398 conformations found
     370:  195 conformations found
     487:   91 conformations found
     324: 1245 conformations found
     320:  205 conformations found
     437:  640 conformations found
     508:  240 conformations found
      38:  213 conformations found
     362:  525 conformations found
     433:  655 conformations found
     479:  159 conformations found
      86:   40 conformations found
     475:  450 conformations found
     179:  169 conformations found
     588:  208 conformations found
      81:   40 conformations found
     425:  240 conformations found
     129:  137 conformations found
     350:   95 conformations found
     421:   51 conformations found
     467:  164 conformations found
     538:  636 conformations found
     463:  140 conformations found
     167:   36 conformations found
      89:  102 conformations found
     576:  291 conformations found
     413:  625 conformations found
     117:   64 conformations found
      84:   43 conformations found
     113:   51 conformations found
     526:  105 conformations found
     159:  214 conformations found
      54: 1069 conformations found
     451:  997 conformations found
     522: 3062 conformations found
     155:  330 conformations found
     568:  362 conformations found
     639:  735 conformations found
     493:   70 conformations found
     564:  576 conformations found
     197:   63 conformations found
     105:  107 conformations found
     193:  316 conformations found
     101: 3134 conformations found
     514: 4917 conformations found
     147:  607 conformations found
     218:  215 conformations found
     510:  568 conformations found
     143:  253 conformations found
     556:  358 conformations found
     627:  628 conformations found
      57: 2033 conformations found
     552:   44 conformations found
     185:  450 conformations found
     256:  376 conformations found
     669:  429 conformations found
     181:  288 conformations found
     594:  148 conformations found
     665:  271 conformations found
     298:  346 conformations found
      52:   73 conformations found
     502: 1028 conformations found
     590:  429 conformations found
     206:  367 conformations found
     619: 1144 conformations found
      22:  168 conformations found
     131:  117 conformations found
     202: 5064 conformations found
     615: 4298 conformations found
     248:   57 conformations found
     319: 1142 conformations found
     540:  880 conformations found
     173:  382 conformations found
     611:  404 conformations found
     244:  235 conformations found
     657:  287 conformations found
     582:  233 conformations found
     653:  449 conformations found
     286:   54 conformations found
     282:   37 conformations found
     399:  371 conformations found
     603:  151 conformations found
     236:  428 conformations found
     307:  109 conformations found
      25:  393 conformations found
     232:  192 conformations found
     645:  597 conformations found
     349:   88 conformations found
     570:   48 conformations found
     641:  401 conformations found
     274: 3903 conformations found
     345: 1036 conformations found
      20:  100 conformations found
     270:  929 conformations found
     683:   81 conformations found
     387:  169 conformations found
       9:  239 conformations found
     220:  187 conformations found
     337:  152 conformations found
     408:  331 conformations found
      28:   43 conformations found
     262:   46 conformations found
     333:  630 conformations found
     379:  534 conformations found
      76: 3458 conformations found
     671:  398 conformations found
     375:   69 conformations found
     488:  515 conformations found
      71: 3270 conformations found
     325:  409 conformations found
     250: 1018 conformations found
     321: 6955 conformations found
     438:  704 conformations found
     363:  178 conformations found
     434:  621 conformations found
      79:  106 conformations found
     476:  801 conformations found
     313: 5543 conformations found
     426:  700 conformations found
      44:  275 conformations found
     351:  932 conformations found
     422:  965 conformations found
     468:   48 conformations found
     539:   76 conformations found
     393:  355 conformations found
     464:  149 conformations found
     168:   62 conformations found
     577:  232 conformations found
     414:  624 conformations found
     118:   61 conformations found
     410:  136 conformations found
     456:  275 conformations found
     527:   64 conformations found
      47:  450 conformations found
     452: 4253 conformations found
     156:  318 conformations found
     569:   40 conformations found
      95:  156 conformations found
     494:  110 conformations found
     565:  214 conformations found
     198:   47 conformations found
      42:  387 conformations found
     402:  441 conformations found
     490:  139 conformations found
     106:   50 conformations found
      12:  383 conformations found
      90:   51 conformations found
     102: 1332 conformations found
     515:   96 conformations found
     148:  373 conformations found
     219:  159 conformations found
     440:  257 conformations found
     511: 3499 conformations found
     144:  465 conformations found
     557:  381 conformations found
     628:  308 conformations found
     482:  161 conformations found
     553:  104 conformations found
     186:  557 conformations found
     257:  308 conformations found
      98: 2445 conformations found
     182:  382 conformations found
     595:  215 conformations found
     299: 4793 conformations found
     503:   42 conformations found
     136:  301 conformations found
     591:  547 conformations found
     207:  234 conformations found
      15:  118 conformations found
      93: 2099 conformations found
     132:   60 conformations found
     545:  127 conformations found
     616: 1320 conformations found
     249: 3647 conformations found
     541: 6695 conformations found
     174:  571 conformations found
     245:  547 conformations found
      10:  352 conformations found
     658:  328 conformations found
     170:  421 conformations found
     583:  549 conformations found
     654:  150 conformations found
     287:   56 conformations found
       8:  118 conformations found
     608:  418 conformations found
     120:  151 conformations found
     604:  120 conformations found
     237:  197 conformations found
     308:   42 conformations found
      18:  270 conformations found
     162:  213 conformations found
     600:  210 conformations found
     233:   68 conformations found
     646:  282 conformations found
     279:  176 conformations found
      66: 2000 conformations found
     571:  206 conformations found
     642:  366 conformations found
     275:  749 conformations found
     688:   87 conformations found
     271:   98 conformations found
     684:  168 conformations found
     388: 5256 conformations found
      61:   76 conformations found
     225: 3223 conformations found
     680:   61 conformations found
     221:  497 conformations found
     634:  208 conformations found
------------------
>total molecules: 689
>total conformations: 470335
